cpu
Start!
Episode: 10000,  Step: 100942, Episode_step: 16,  Reward_p1: 1, Reward_p2: 1, Reward_p3: 1, Reward_e: -1
Episode: 20000,  Step: 215823, Episode_step: 21,  Reward_p1: 1, Reward_p2: 1, Reward_p3: 1, Reward_e: -1
Episode: 30000,  Step: 361031, Episode_step: 12,  Reward_p1: 1, Reward_p2: 1, Reward_p3: 1, Reward_e: -1
Episode: 40000,  Step: 500278, Episode_step: 7,  Reward_p1: 1, Reward_p2: 1, Reward_p3: 1, Reward_e: -1
Episode: 50000,  Step: 621165, Episode_step: 10,  Reward_p1: 1, Reward_p2: 1, Reward_p3: 1, Reward_e: -1
Episode: 60000,  Step: 749522, Episode_step: 12,  Reward_p1: 1, Reward_p2: 1, Reward_p3: 1, Reward_e: -1
Episode: 70000,  Step: 873326, Episode_step: 14,  Reward_p1: 1, Reward_p2: 1, Reward_p3: 1, Reward_e: -1
Episode: 80000,  Step: 1016039, Episode_step: 48,  Reward_p1: 1, Reward_p2: 1, Reward_p3: 1, Reward_e: -1
Episode: 90000,  Step: 1169436, Episode_step: 11,  Reward_p1: 1, Reward_p2: 1, Reward_p3: 1, Reward_e: -1
Episode: 100000,  Step: 1313591, Episode_step: 6,  Reward_p1: 1, Reward_p2: 1, Reward_p3: 1, Reward_e: -1
Episode: 110000,  Step: 1457641, Episode_step: 51,  Reward_p1: 1, Reward_p2: 1, Reward_p3: 1, Reward_e: -1
Episode: 120000,  Step: 1602985, Episode_step: 14,  Reward_p1: 1, Reward_p2: 1, Reward_p3: 1, Reward_e: -1
Episode: 130000,  Step: 1739263, Episode_step: 16,  Reward_p1: -1, Reward_p2: 0, Reward_p3: 0, Reward_e: 0
Episode: 140000,  Step: 1886090, Episode_step: 22,  Reward_p1: 1, Reward_p2: 1, Reward_p3: 1, Reward_e: -1
Episode: 150000,  Step: 2026199, Episode_step: 13,  Reward_p1: 0, Reward_p2: 0, Reward_p3: 0, Reward_e: -1
Episode: 160000,  Step: 2175871, Episode_step: 15,  Reward_p1: 1, Reward_p2: 1, Reward_p3: 1, Reward_e: -1
Episode: 170000,  Step: 2338639, Episode_step: 19,  Reward_p1: 0, Reward_p2: 0, Reward_p3: 0, Reward_e: -1
Episode: 180000,  Step: 2493805, Episode_step: 2,  Reward_p1: 1, Reward_p2: 1, Reward_p3: 1, Reward_e: -1
Episode: 190000,  Step: 2673346, Episode_step: 23,  Reward_p1: 1, Reward_p2: 1, Reward_p3: 1, Reward_e: -1
Episode: 200000,  Step: 2854908, Episode_step: 8,  Reward_p1: 1, Reward_p2: 1, Reward_p3: 1, Reward_e: -1
Episode: 210000,  Step: 3054206, Episode_step: 13,  Reward_p1: 0, Reward_p2: 0, Reward_p3: 0, Reward_e: -1
Episode: 220000,  Step: 3255869, Episode_step: 6,  Reward_p1: 1, Reward_p2: 1, Reward_p3: 1, Reward_e: -1
Episode: 230000,  Step: 3482730, Episode_step: 22,  Reward_p1: 1, Reward_p2: 1, Reward_p3: 1, Reward_e: -1
Episode: 240000,  Step: 3709643, Episode_step: 21,  Reward_p1: 0, Reward_p2: 0, Reward_p3: 0, Reward_e: -1
Episode: 250000,  Step: 3966630, Episode_step: 33,  Reward_p1: 1, Reward_p2: 1, Reward_p3: 1, Reward_e: -1
Episode: 260000,  Step: 4231930, Episode_step: 23,  Reward_p1: 1, Reward_p2: 1, Reward_p3: 1, Reward_e: -1
Episode: 270000,  Step: 4534305, Episode_step: 66,  Reward_p1: 1, Reward_p2: 1, Reward_p3: 1, Reward_e: -1
Episode: 280000,  Step: 4858269, Episode_step: 15,  Reward_p1: 1, Reward_p2: 1, Reward_p3: 1, Reward_e: -1
Episode: 290000,  Step: 5267794, Episode_step: 10,  Reward_p1: 1, Reward_p2: 1, Reward_p3: 1, Reward_e: -1
Episode: 300000,  Step: 5734022, Episode_step: 27,  Reward_p1: 1, Reward_p2: 1, Reward_p3: 1, Reward_e: -1
Episode: 310000,  Step: 6221537, Episode_step: 58,  Reward_p1: 1, Reward_p2: 1, Reward_p3: 1, Reward_e: -1
Episode: 320000,  Step: 6665922, Episode_step: 140,  Reward_p1: 1, Reward_p2: 1, Reward_p3: 1, Reward_e: -1
Episode: 330000,  Step: 7175396, Episode_step: 47,  Reward_p1: 0, Reward_p2: 0, Reward_p3: 0, Reward_e: -1
Episode: 340000,  Step: 7697594, Episode_step: 191,  Reward_p1: 1, Reward_p2: 1, Reward_p3: 1, Reward_e: -1
Episode: 350000,  Step: 8214657, Episode_step: 26,  Reward_p1: 0, Reward_p2: 0, Reward_p3: 0, Reward_e: -1
Episode: 360000,  Step: 8778356, Episode_step: 124,  Reward_p1: 1, Reward_p2: 1, Reward_p3: 1, Reward_e: -1
Episode: 370000,  Step: 9433661, Episode_step: 86,  Reward_p1: 0, Reward_p2: 0, Reward_p3: 0, Reward_e: -1
Episode: 380000,  Step: 10100623, Episode_step: 91,  Reward_p1: 0, Reward_p2: 0, Reward_p3: 0, Reward_e: -1
Episode: 390000,  Step: 10742071, Episode_step: 2,  Reward_p1: 1, Reward_p2: 1, Reward_p3: 1, Reward_e: -1
Episode: 400000,  Step: 11468936, Episode_step: 303,  Reward_p1: 0, Reward_p2: 0, Reward_p3: 0, Reward_e: 0
Episode: 410000,  Step: 12195129, Episode_step: 28,  Reward_p1: 1, Reward_p2: 1, Reward_p3: 1, Reward_e: -1
Episode: 420000,  Step: 12966486, Episode_step: 46,  Reward_p1: 1, Reward_p2: 1, Reward_p3: 1, Reward_e: -1
Episode: 430000,  Step: 13774725, Episode_step: 121,  Reward_p1: 1, Reward_p2: 1, Reward_p3: 1, Reward_e: -1
Episode: 440000,  Step: 14625601, Episode_step: 36,  Reward_p1: 1, Reward_p2: 1, Reward_p3: 1, Reward_e: -1
Episode: 450000,  Step: 15351878, Episode_step: 43,  Reward_p1: 1, Reward_p2: 1, Reward_p3: 1, Reward_e: -1
Episode: 460000,  Step: 16089548, Episode_step: 215,  Reward_p1: 1, Reward_p2: 1, Reward_p3: 1, Reward_e: -1
Episode: 470000,  Step: 16777585, Episode_step: 32,  Reward_p1: 1, Reward_p2: 1, Reward_p3: 1, Reward_e: -1
Episode: 480000,  Step: 17422079, Episode_step: 23,  Reward_p1: 1, Reward_p2: 1, Reward_p3: 1, Reward_e: -1
Episode: 490000,  Step: 18032875, Episode_step: 31,  Reward_p1: 1, Reward_p2: 1, Reward_p3: 1, Reward_e: -1
Episode: 500000,  Step: 18617917, Episode_step: 110,  Reward_p1: 1, Reward_p2: 1, Reward_p3: 1, Reward_e: -1
Episode: 510000,  Step: 19246356, Episode_step: 68,  Reward_p1: 0, Reward_p2: 0, Reward_p3: 0, Reward_e: -1
Episode: 520000,  Step: 19843704, Episode_step: 7,  Reward_p1: 1, Reward_p2: 1, Reward_p3: 1, Reward_e: -1
Episode: 530000,  Step: 20447791, Episode_step: 13,  Reward_p1: 1, Reward_p2: 1, Reward_p3: 1, Reward_e: -1
Episode: 540000,  Step: 21016797, Episode_step: 88,  Reward_p1: 1, Reward_p2: 1, Reward_p3: 1, Reward_e: -1
Episode: 550000,  Step: 21515220, Episode_step: 206,  Reward_p1: 1, Reward_p2: 1, Reward_p3: 1, Reward_e: -1
Episode: 560000,  Step: 22017668, Episode_step: 59,  Reward_p1: 1, Reward_p2: 1, Reward_p3: 1, Reward_e: -1
Episode: 570000,  Step: 22603875, Episode_step: 100,  Reward_p1: 1, Reward_p2: 1, Reward_p3: 1, Reward_e: -1
Episode: 580000,  Step: 23259595, Episode_step: 52,  Reward_p1: 1, Reward_p2: 1, Reward_p3: 1, Reward_e: -1
Episode: 590000,  Step: 23839662, Episode_step: 63,  Reward_p1: 1, Reward_p2: 1, Reward_p3: 1, Reward_e: -1
Episode: 600000,  Step: 24397358, Episode_step: 42,  Reward_p1: 1, Reward_p2: 1, Reward_p3: 1, Reward_e: -1
Episode: 610000,  Step: 24933798, Episode_step: 52,  Reward_p1: 1, Reward_p2: 1, Reward_p3: 1, Reward_e: -1
Episode: 620000,  Step: 25496477, Episode_step: 40,  Reward_p1: 1, Reward_p2: 1, Reward_p3: 1, Reward_e: -1
Episode: 630000,  Step: 26100327, Episode_step: 244,  Reward_p1: 1, Reward_p2: 1, Reward_p3: 1, Reward_e: -1
Episode: 640000,  Step: 26683314, Episode_step: 57,  Reward_p1: 1, Reward_p2: 1, Reward_p3: 1, Reward_e: -1
Episode: 650000,  Step: 27271500, Episode_step: 49,  Reward_p1: 1, Reward_p2: 1, Reward_p3: 1, Reward_e: -1
Episode: 660000,  Step: 27802351, Episode_step: 2,  Reward_p1: 1, Reward_p2: 1, Reward_p3: 1, Reward_e: -1
Episode: 670000,  Step: 28348608, Episode_step: 2,  Reward_p1: 1, Reward_p2: 1, Reward_p3: 1, Reward_e: -1
Episode: 680000,  Step: 28892939, Episode_step: 8,  Reward_p1: 1, Reward_p2: 1, Reward_p3: 1, Reward_e: -1
Episode: 690000,  Step: 29421878, Episode_step: 99,  Reward_p1: 1, Reward_p2: 1, Reward_p3: 1, Reward_e: -1
Episode: 700000,  Step: 29990337, Episode_step: 48,  Reward_p1: 1, Reward_p2: 1, Reward_p3: 1, Reward_e: -1
Episode: 710000,  Step: 30535297, Episode_step: 19,  Reward_p1: 1, Reward_p2: 1, Reward_p3: 1, Reward_e: -1
Episode: 720000,  Step: 31087624, Episode_step: 7,  Reward_p1: 1, Reward_p2: 1, Reward_p3: 1, Reward_e: -1
Episode: 730000,  Step: 31666341, Episode_step: 38,  Reward_p1: 1, Reward_p2: 1, Reward_p3: 1, Reward_e: -1
Episode: 740000,  Step: 32235718, Episode_step: 14,  Reward_p1: 0, Reward_p2: 0, Reward_p3: -1, Reward_e: 0
Episode: 750000,  Step: 32796788, Episode_step: 94,  Reward_p1: 1, Reward_p2: 1, Reward_p3: 1, Reward_e: -1
Episode: 760000,  Step: 33384785, Episode_step: 75,  Reward_p1: 1, Reward_p2: 1, Reward_p3: 1, Reward_e: -1
Episode: 770000,  Step: 33959625, Episode_step: 5,  Reward_p1: 1, Reward_p2: 1, Reward_p3: 1, Reward_e: -1
Episode: 780000,  Step: 34452035, Episode_step: 56,  Reward_p1: 1, Reward_p2: 1, Reward_p3: 1, Reward_e: -1
Episode: 790000,  Step: 34964248, Episode_step: 48,  Reward_p1: 1, Reward_p2: 1, Reward_p3: 1, Reward_e: -1
Episode: 800000,  Step: 35554605, Episode_step: 124,  Reward_p1: 1, Reward_p2: 1, Reward_p3: 1, Reward_e: -1
Episode: 810000,  Step: 36152320, Episode_step: 8,  Reward_p1: 1, Reward_p2: 1, Reward_p3: 1, Reward_e: -1
Episode: 820000,  Step: 36794125, Episode_step: 198,  Reward_p1: 1, Reward_p2: 1, Reward_p3: 1, Reward_e: -1
Episode: 830000,  Step: 37403101, Episode_step: 134,  Reward_p1: 1, Reward_p2: 1, Reward_p3: 1, Reward_e: -1
Episode: 840000,  Step: 38017003, Episode_step: 17,  Reward_p1: 1, Reward_p2: 1, Reward_p3: 1, Reward_e: -1
Episode: 850000,  Step: 38591040, Episode_step: 154,  Reward_p1: 1, Reward_p2: 1, Reward_p3: 1, Reward_e: -1
Episode: 860000,  Step: 39185772, Episode_step: 91,  Reward_p1: 1, Reward_p2: 1, Reward_p3: 1, Reward_e: -1
Episode: 870000,  Step: 39789772, Episode_step: 288,  Reward_p1: 1, Reward_p2: 1, Reward_p3: 1, Reward_e: -1
Episode: 880000,  Step: 40380363, Episode_step: 92,  Reward_p1: 1, Reward_p2: 1, Reward_p3: 1, Reward_e: -1
Episode: 890000,  Step: 40978390, Episode_step: 9,  Reward_p1: 1, Reward_p2: 1, Reward_p3: 1, Reward_e: -1
Episode: 900000,  Step: 41534517, Episode_step: 74,  Reward_p1: 1, Reward_p2: 1, Reward_p3: 1, Reward_e: -1
Episode: 910000,  Step: 42043612, Episode_step: 55,  Reward_p1: 1, Reward_p2: 1, Reward_p3: 1, Reward_e: -1
Episode: 920000,  Step: 42530292, Episode_step: 26,  Reward_p1: 1, Reward_p2: 1, Reward_p3: 1, Reward_e: -1
Episode: 930000,  Step: 43089973, Episode_step: 13,  Reward_p1: 1, Reward_p2: 1, Reward_p3: 1, Reward_e: -1
Episode: 940000,  Step: 43649049, Episode_step: 38,  Reward_p1: 1, Reward_p2: 1, Reward_p3: 1, Reward_e: -1
Episode: 950000,  Step: 44281004, Episode_step: 16,  Reward_p1: 1, Reward_p2: 1, Reward_p3: 1, Reward_e: -1
Episode: 960000,  Step: 44909671, Episode_step: 2,  Reward_p1: 1, Reward_p2: 1, Reward_p3: 1, Reward_e: -1
Episode: 970000,  Step: 45535074, Episode_step: 45,  Reward_p1: 1, Reward_p2: 1, Reward_p3: 1, Reward_e: -1
Episode: 980000,  Step: 46138111, Episode_step: 70,  Reward_p1: 1, Reward_p2: 1, Reward_p3: 1, Reward_e: -1
Episode: 990000,  Step: 46716321, Episode_step: 31,  Reward_p1: 1, Reward_p2: 1, Reward_p3: 1, Reward_e: -1
Episode: 1000000,  Step: 47308676, Episode_step: 2,  Reward_p1: 1, Reward_p2: 1, Reward_p3: 1, Reward_e: -1
Finish! 191.85 [h]
