cpu
Start!
Episode: 10000,  Step: 87191, Episode_step: 3,  Reward_p1: -0.0, Reward_p2: 1.0, Reward_p3: -0.0, Reward_e: -1.0
Episode: 20000,  Step: 162128, Episode_step: 15,  Reward_p1: 0.99, Reward_p2: -0.01, Reward_p3: -0.01, Reward_e: -1.01
Episode: 30000,  Step: 235844, Episode_step: 10,  Reward_p1: -0.01, Reward_p2: -0.01, Reward_p3: -0.01, Reward_e: -1.01
Episode: 40000,  Step: 309985, Episode_step: 10,  Reward_p1: -0.01, Reward_p2: -0.01, Reward_p3: 0.99, Reward_e: -1.01
Episode: 50000,  Step: 382129, Episode_step: 3,  Reward_p1: 1.0, Reward_p2: -0.0, Reward_p3: -0.0, Reward_e: -1.0
Episode: 60000,  Step: 454327, Episode_step: 13,  Reward_p1: -0.01, Reward_p2: -0.01, Reward_p3: 0.99, Reward_e: -1.01
Episode: 70000,  Step: 526913, Episode_step: 13,  Reward_p1: -0.01, Reward_p2: -1.01, Reward_p3: -0.01, Reward_e: -1.01
Episode: 80000,  Step: 599843, Episode_step: 8,  Reward_p1: 0.99, Reward_p2: -0.01, Reward_p3: -0.01, Reward_e: -1.01
Episode: 90000,  Step: 673251, Episode_step: 10,  Reward_p1: -0.01, Reward_p2: -0.01, Reward_p3: 0.99, Reward_e: -1.01
Episode: 100000,  Step: 748251, Episode_step: 12,  Reward_p1: -0.01, Reward_p2: -0.01, Reward_p3: 0.99, Reward_e: -1.01
Episode: 110000,  Step: 823422, Episode_step: 11,  Reward_p1: -0.01, Reward_p2: -0.01, Reward_p3: -0.01, Reward_e: -1.01
Episode: 120000,  Step: 899231, Episode_step: 10,  Reward_p1: -0.01, Reward_p2: -0.01, Reward_p3: 0.99, Reward_e: -1.01
Episode: 130000,  Step: 973737, Episode_step: 6,  Reward_p1: -0.01, Reward_p2: -0.01, Reward_p3: 1.0, Reward_e: -1.0
Episode: 140000,  Step: 1048536, Episode_step: 13,  Reward_p1: -0.01, Reward_p2: -0.01, Reward_p3: 0.99, Reward_e: -1.01
Episode: 150000,  Step: 1123616, Episode_step: 8,  Reward_p1: -0.01, Reward_p2: -0.01, Reward_p3: 0.99, Reward_e: -1.01
Episode: 160000,  Step: 1199160, Episode_step: 10,  Reward_p1: -0.01, Reward_p2: 0.99, Reward_p3: -0.01, Reward_e: -1.01
Episode: 170000,  Step: 1274347, Episode_step: 10,  Reward_p1: -0.01, Reward_p2: 0.99, Reward_p3: -0.01, Reward_e: -1.01
Episode: 180000,  Step: 1350458, Episode_step: 7,  Reward_p1: -0.01, Reward_p2: -0.01, Reward_p3: 0.99, Reward_e: -1.0
Episode: 190000,  Step: 1427556, Episode_step: 3,  Reward_p1: -0.0, Reward_p2: -0.0, Reward_p3: 1.0, Reward_e: -1.0
Episode: 200000,  Step: 1504399, Episode_step: 6,  Reward_p1: 1.0, Reward_p2: -0.01, Reward_p3: 1.0, Reward_e: -1.0
Episode: 210000,  Step: 1581406, Episode_step: 2,  Reward_p1: 1, Reward_p2: -0.0, Reward_p3: -0.0, Reward_e: -1
Episode: 220000,  Step: 1658314, Episode_step: 3,  Reward_p1: -0.0, Reward_p2: -0.0, Reward_p3: 1.0, Reward_e: -1.0
Episode: 230000,  Step: 1732616, Episode_step: 11,  Reward_p1: -0.01, Reward_p2: -0.01, Reward_p3: -0.01, Reward_e: -1.01
Episode: 240000,  Step: 1807754, Episode_step: 2,  Reward_p1: 1, Reward_p2: -0.0, Reward_p3: -0.0, Reward_e: -1
Episode: 250000,  Step: 1882164, Episode_step: 11,  Reward_p1: -0.01, Reward_p2: -0.01, Reward_p3: 0.99, Reward_e: -1.01
Episode: 260000,  Step: 1956069, Episode_step: 9,  Reward_p1: -0.01, Reward_p2: -0.01, Reward_p3: 0.99, Reward_e: -1.01
Episode: 270000,  Step: 2030813, Episode_step: 9,  Reward_p1: 0.99, Reward_p2: -0.01, Reward_p3: -0.01, Reward_e: -1.01
Episode: 280000,  Step: 2103827, Episode_step: 4,  Reward_p1: 1.0, Reward_p2: 1.0, Reward_p3: -0.0, Reward_e: -1.0
Episode: 290000,  Step: 2176896, Episode_step: 4,  Reward_p1: -0.0, Reward_p2: 1.0, Reward_p3: 1.0, Reward_e: -1.0
Episode: 300000,  Step: 2250081, Episode_step: 8,  Reward_p1: 0.99, Reward_p2: -0.01, Reward_p3: -0.01, Reward_e: -1.01
Episode: 310000,  Step: 2322832, Episode_step: 2,  Reward_p1: -0.0, Reward_p2: -0.0, Reward_p3: 1, Reward_e: -1
Episode: 320000,  Step: 2395843, Episode_step: 3,  Reward_p1: -0.0, Reward_p2: -0.0, Reward_p3: 1.0, Reward_e: -1.0
Episode: 330000,  Step: 2468608, Episode_step: 10,  Reward_p1: -0.01, Reward_p2: -0.01, Reward_p3: 0.99, Reward_e: -1.01
Episode: 340000,  Step: 2540765, Episode_step: 2,  Reward_p1: -0.0, Reward_p2: 1, Reward_p3: 1, Reward_e: -1
Episode: 350000,  Step: 2612956, Episode_step: 16,  Reward_p1: 0.99, Reward_p2: -0.02, Reward_p3: 0.99, Reward_e: -1.01
Episode: 360000,  Step: 2684647, Episode_step: 13,  Reward_p1: -0.01, Reward_p2: 0.99, Reward_p3: -0.01, Reward_e: -1.01
Episode: 370000,  Step: 2756420, Episode_step: 6,  Reward_p1: 1.0, Reward_p2: -0.01, Reward_p3: -0.01, Reward_e: -1.0
Episode: 380000,  Step: 2827875, Episode_step: 8,  Reward_p1: -0.01, Reward_p2: 0.99, Reward_p3: -0.01, Reward_e: -1.01
Episode: 390000,  Step: 2898160, Episode_step: 4,  Reward_p1: 1.0, Reward_p2: -0.0, Reward_p3: -0.0, Reward_e: -1.0
Episode: 400000,  Step: 2968764, Episode_step: 9,  Reward_p1: 0.99, Reward_p2: -0.01, Reward_p3: -0.01, Reward_e: -1.01
Episode: 410000,  Step: 3039812, Episode_step: 5,  Reward_p1: 1.0, Reward_p2: 1.0, Reward_p3: -0.0, Reward_e: -1.0
Episode: 420000,  Step: 3110446, Episode_step: 13,  Reward_p1: -0.01, Reward_p2: 0.99, Reward_p3: -0.01, Reward_e: -1.01
Episode: 430000,  Step: 3180538, Episode_step: 5,  Reward_p1: -0.0, Reward_p2: -0.0, Reward_p3: 1.0, Reward_e: -1.0
Episode: 440000,  Step: 3251298, Episode_step: 16,  Reward_p1: -0.02, Reward_p2: -0.02, Reward_p3: -0.01, Reward_e: -1.01
Episode: 450000,  Step: 3321064, Episode_step: 11,  Reward_p1: 0.99, Reward_p2: -0.01, Reward_p3: -0.01, Reward_e: -1.01
Episode: 460000,  Step: 3391789, Episode_step: 10,  Reward_p1: -0.01, Reward_p2: -0.01, Reward_p3: -0.01, Reward_e: -1.01
Episode: 470000,  Step: 3461762, Episode_step: 10,  Reward_p1: -0.01, Reward_p2: 0.99, Reward_p3: -1.01, Reward_e: -1.01
Episode: 480000,  Step: 3531969, Episode_step: 4,  Reward_p1: -0.0, Reward_p2: 1.0, Reward_p3: 1.0, Reward_e: -1.0
Episode: 490000,  Step: 3602443, Episode_step: 11,  Reward_p1: 0.99, Reward_p2: -0.01, Reward_p3: -0.01, Reward_e: -1.01
Episode: 500000,  Step: 3671508, Episode_step: 11,  Reward_p1: -0.01, Reward_p2: -0.01, Reward_p3: -0.01, Reward_e: -1.01
Episode: 510000,  Step: 3741223, Episode_step: 5,  Reward_p1: 1.0, Reward_p2: -0.0, Reward_p3: -0.0, Reward_e: -1.0
Episode: 520000,  Step: 3809975, Episode_step: 6,  Reward_p1: -0.01, Reward_p2: 1.0, Reward_p3: 1.0, Reward_e: -1.0
Episode: 530000,  Step: 3878275, Episode_step: 2,  Reward_p1: 1, Reward_p2: -0.0, Reward_p3: -0.0, Reward_e: -1
Episode: 540000,  Step: 3947261, Episode_step: 12,  Reward_p1: -0.01, Reward_p2: -0.01, Reward_p3: 0.99, Reward_e: -1.01
Episode: 550000,  Step: 4016329, Episode_step: 13,  Reward_p1: -0.01, Reward_p2: -0.01, Reward_p3: 0.99, Reward_e: -1.01
Episode: 560000,  Step: 4085644, Episode_step: 19,  Reward_p1: -0.02, Reward_p2: -0.01, Reward_p3: 0.98, Reward_e: -1.02
Episode: 570000,  Step: 4154621, Episode_step: 18,  Reward_p1: 0.98, Reward_p2: -0.02, Reward_p3: -0.02, Reward_e: -1.01
Episode: 580000,  Step: 4224378, Episode_step: 2,  Reward_p1: 1, Reward_p2: -0.0, Reward_p3: -0.0, Reward_e: -1
Episode: 590000,  Step: 4293272, Episode_step: 6,  Reward_p1: -0.01, Reward_p2: 1.0, Reward_p3: -0.0, Reward_e: -1.0
Episode: 600000,  Step: 4362188, Episode_step: 4,  Reward_p1: -0.0, Reward_p2: 1.0, Reward_p3: -0.0, Reward_e: -1.0
Episode: 610000,  Step: 4431031, Episode_step: 3,  Reward_p1: -0.0, Reward_p2: -0.0, Reward_p3: 1.0, Reward_e: -1.0
Episode: 620000,  Step: 4500610, Episode_step: 3,  Reward_p1: -0.0, Reward_p2: -0.0, Reward_p3: 1.0, Reward_e: -1.0
Episode: 630000,  Step: 4570669, Episode_step: 5,  Reward_p1: -0.0, Reward_p2: -0.0, Reward_p3: 1.0, Reward_e: -1.0
Episode: 640000,  Step: 4639915, Episode_step: 6,  Reward_p1: 1.0, Reward_p2: -0.0, Reward_p3: -0.01, Reward_e: -1.0
Episode: 650000,  Step: 4709823, Episode_step: 16,  Reward_p1: -1.01, Reward_p2: -0.01, Reward_p3: -0.01, Reward_e: -0.02
Episode: 660000,  Step: 4779212, Episode_step: 6,  Reward_p1: -0.01, Reward_p2: 1.0, Reward_p3: 1.0, Reward_e: -1.0
Episode: 670000,  Step: 4848592, Episode_step: 9,  Reward_p1: -0.01, Reward_p2: -0.01, Reward_p3: -0.01, Reward_e: -1.01
Episode: 680000,  Step: 4918190, Episode_step: 11,  Reward_p1: -0.01, Reward_p2: -0.01, Reward_p3: 0.99, Reward_e: -1.01
Episode: 690000,  Step: 4987547, Episode_step: 6,  Reward_p1: -0.01, Reward_p2: 1.0, Reward_p3: -0.01, Reward_e: -1.0
Episode: 700000,  Step: 5056345, Episode_step: 11,  Reward_p1: -0.01, Reward_p2: -0.01, Reward_p3: 0.99, Reward_e: -1.01
Episode: 710000,  Step: 5125894, Episode_step: 7,  Reward_p1: 0.99, Reward_p2: -0.01, Reward_p3: -0.01, Reward_e: -1.0
Episode: 720000,  Step: 5195213, Episode_step: 14,  Reward_p1: 0.99, Reward_p2: -0.01, Reward_p3: -0.01, Reward_e: -1.01
Episode: 730000,  Step: 5263963, Episode_step: 9,  Reward_p1: -0.01, Reward_p2: -0.01, Reward_p3: -0.01, Reward_e: -1.01
Episode: 740000,  Step: 5332971, Episode_step: 5,  Reward_p1: -0.0, Reward_p2: -0.0, Reward_p3: 1.0, Reward_e: -1.0
Episode: 750000,  Step: 5401679, Episode_step: 9,  Reward_p1: -0.01, Reward_p2: -0.01, Reward_p3: 0.99, Reward_e: -1.01
Episode: 760000,  Step: 5470784, Episode_step: 8,  Reward_p1: -0.01, Reward_p2: 0.99, Reward_p3: -0.01, Reward_e: -1.01
Episode: 770000,  Step: 5540562, Episode_step: 5,  Reward_p1: -0.0, Reward_p2: -0.0, Reward_p3: 1.0, Reward_e: -1.0
Episode: 780000,  Step: 5609571, Episode_step: 13,  Reward_p1: -0.01, Reward_p2: -0.01, Reward_p3: 0.99, Reward_e: -1.01
Episode: 790000,  Step: 5678145, Episode_step: 12,  Reward_p1: -0.01, Reward_p2: -0.01, Reward_p3: 0.99, Reward_e: -1.01
Episode: 800000,  Step: 5747191, Episode_step: 12,  Reward_p1: -0.01, Reward_p2: -0.01, Reward_p3: 0.99, Reward_e: -1.01
Episode: 810000,  Step: 5815670, Episode_step: 12,  Reward_p1: -0.01, Reward_p2: -0.01, Reward_p3: 0.99, Reward_e: -1.01
Episode: 820000,  Step: 5883904, Episode_step: 9,  Reward_p1: -0.01, Reward_p2: -0.01, Reward_p3: 0.99, Reward_e: -1.01
Episode: 830000,  Step: 5953202, Episode_step: 10,  Reward_p1: 0.99, Reward_p2: -0.01, Reward_p3: -0.01, Reward_e: -1.01
Episode: 840000,  Step: 6023226, Episode_step: 11,  Reward_p1: -0.01, Reward_p2: 0.99, Reward_p3: -0.01, Reward_e: -1.01
Episode: 850000,  Step: 6092486, Episode_step: 6,  Reward_p1: 1.0, Reward_p2: 0, Reward_p3: -0.01, Reward_e: -1.0
Episode: 860000,  Step: 6162127, Episode_step: 14,  Reward_p1: -0.01, Reward_p2: -0.01, Reward_p3: 0.99, Reward_e: -1.01
Episode: 870000,  Step: 6231389, Episode_step: 4,  Reward_p1: -0.0, Reward_p2: -0.0, Reward_p3: 1.0, Reward_e: -1.0
Episode: 880000,  Step: 6299988, Episode_step: 12,  Reward_p1: -0.01, Reward_p2: -0.01, Reward_p3: 0.99, Reward_e: -1.01
Episode: 890000,  Step: 6369151, Episode_step: 2,  Reward_p1: 1, Reward_p2: -0.0, Reward_p3: -0.0, Reward_e: -1
Episode: 900000,  Step: 6438208, Episode_step: 5,  Reward_p1: -0.0, Reward_p2: 1.0, Reward_p3: -0.0, Reward_e: -1.0
Episode: 910000,  Step: 6507220, Episode_step: 8,  Reward_p1: -0.0, Reward_p2: 0.99, Reward_p3: 0.99, Reward_e: -1.01
Episode: 920000,  Step: 6576265, Episode_step: 5,  Reward_p1: -0.0, Reward_p2: 1.0, Reward_p3: 1.0, Reward_e: -1.0
Episode: 930000,  Step: 6644941, Episode_step: 8,  Reward_p1: 0.99, Reward_p2: -0.01, Reward_p3: -0.01, Reward_e: -1.01
Episode: 940000,  Step: 6713253, Episode_step: 13,  Reward_p1: -0.01, Reward_p2: 0.99, Reward_p3: -0.01, Reward_e: -1.01
Episode: 950000,  Step: 6782476, Episode_step: 14,  Reward_p1: -0.01, Reward_p2: -0.01, Reward_p3: -1.01, Reward_e: -1.01
Episode: 960000,  Step: 6851834, Episode_step: 5,  Reward_p1: 1.0, Reward_p2: -0.0, Reward_p3: -0.0, Reward_e: -1.0
Episode: 970000,  Step: 6921162, Episode_step: 13,  Reward_p1: 0.99, Reward_p2: -0.01, Reward_p3: -0.01, Reward_e: -1.01
Episode: 980000,  Step: 6989969, Episode_step: 8,  Reward_p1: -0.01, Reward_p2: 0.99, Reward_p3: -0.01, Reward_e: -1.01
Episode: 990000,  Step: 7058652, Episode_step: 2,  Reward_p1: -0.0, Reward_p2: -0.0, Reward_p3: 1, Reward_e: -1
Episode: 1000000,  Step: 7127128, Episode_step: 6,  Reward_p1: 1.0, Reward_p2: -0.01, Reward_p3: -0.01, Reward_e: -1.0
Finish! 28.56 [h]
