cpu
Start!
Episode: 10000,  Step: 215240, Episode_step: 39,  Reward_p1: -0.04, Reward_p2: -0.04, Reward_p3: -0.04, Reward_e: -1.03
Episode: 20000,  Step: 470209, Episode_step: 2,  Reward_p1: 1, Reward_p2: 1, Reward_p3: 1, Reward_e: -1
Episode: 30000,  Step: 820142, Episode_step: 34,  Reward_p1: -0.03, Reward_p2: -0.03, Reward_p3: -0.03, Reward_e: -1.03
Episode: 40000,  Step: 1183404, Episode_step: 35,  Reward_p1: 0.98, Reward_p2: 0.97, Reward_p3: 0.97, Reward_e: -1.03
Episode: 50000,  Step: 1644394, Episode_step: 22,  Reward_p1: -0.02, Reward_p2: -0.02, Reward_p3: -0.02, Reward_e: -1.02
Episode: 60000,  Step: 2321527, Episode_step: 278,  Reward_p1: 0.73, Reward_p2: 0.73, Reward_p3: 0.73, Reward_e: -1.26
Episode: 70000,  Step: 3063435, Episode_step: 38,  Reward_p1: -0.04, Reward_p2: -0.04, Reward_p3: -1.04, Reward_e: -0.03
Episode: 80000,  Step: 4100060, Episode_step: 90,  Reward_p1: 0.91, Reward_p2: 0.94, Reward_p3: 0.91, Reward_e: -1.07
Episode: 90000,  Step: 5265881, Episode_step: 2,  Reward_p1: 1, Reward_p2: 1, Reward_p3: 1, Reward_e: -1
Episode: 100000,  Step: 6540099, Episode_step: 44,  Reward_p1: 0.98, Reward_p2: 0.96, Reward_p3: 0.96, Reward_e: -1.04
Episode: 110000,  Step: 7859910, Episode_step: 49,  Reward_p1: 0.96, Reward_p2: 0.95, Reward_p3: 0.95, Reward_e: -1.04
Episode: 120000,  Step: 9141500, Episode_step: 82,  Reward_p1: -0.07, Reward_p2: -0.08, Reward_p3: -1.07, Reward_e: -0.07
Episode: 130000,  Step: 10445754, Episode_step: 19,  Reward_p1: 0.98, Reward_p2: 0.99, Reward_p3: 0.98, Reward_e: -1.01
Episode: 140000,  Step: 11710008, Episode_step: 107,  Reward_p1: -1.1, Reward_p2: -0.08, Reward_p3: -0.1, Reward_e: -0.1
Episode: 150000,  Step: 13055762, Episode_step: 19,  Reward_p1: -0.02, Reward_p2: -0.02, Reward_p3: -0.02, Reward_e: -1.01
Episode: 160000,  Step: 14324963, Episode_step: 54,  Reward_p1: 0.95, Reward_p2: 0.95, Reward_p3: 0.96, Reward_e: -1.04
Episode: 170000,  Step: 15550997, Episode_step: 303,  Reward_p1: -0.27, Reward_p2: -0.26, Reward_p3: -0.29, Reward_e: -0.3
Episode: 180000,  Step: 16735193, Episode_step: 4,  Reward_p1: 1.0, Reward_p2: 1.0, Reward_p3: 1.0, Reward_e: -1.0
Episode: 190000,  Step: 17812598, Episode_step: 106,  Reward_p1: -0.1, Reward_p2: -0.1, Reward_p3: -1.1, Reward_e: -0.1
Episode: 200000,  Step: 18828106, Episode_step: 33,  Reward_p1: -0.03, Reward_p2: -0.02, Reward_p3: -0.03, Reward_e: -1.02
Episode: 210000,  Step: 19834818, Episode_step: 96,  Reward_p1: 0.91, Reward_p2: 0.91, Reward_p3: 0.91, Reward_e: -1.08
Episode: 220000,  Step: 20769852, Episode_step: 17,  Reward_p1: 0.98, Reward_p2: 0.99, Reward_p3: 0.98, Reward_e: -1.01
Episode: 230000,  Step: 21741322, Episode_step: 174,  Reward_p1: 0.83, Reward_p2: 0.88, Reward_p3: 0.83, Reward_e: -1.13
Episode: 240000,  Step: 22670579, Episode_step: 2,  Reward_p1: 1, Reward_p2: 1, Reward_p3: 1, Reward_e: -1
Episode: 250000,  Step: 23534829, Episode_step: 100,  Reward_p1: 0.9, Reward_p2: 0.9, Reward_p3: 0.91, Reward_e: -1.09
Episode: 260000,  Step: 24419649, Episode_step: 129,  Reward_p1: -0.06, Reward_p2: -0.13, Reward_p3: -0.12, Reward_e: -1.12
Episode: 270000,  Step: 25274911, Episode_step: 2,  Reward_p1: 1, Reward_p2: 1, Reward_p3: 1, Reward_e: -1
Episode: 280000,  Step: 26098258, Episode_step: 10,  Reward_p1: 0.99, Reward_p2: 0.99, Reward_p3: 0.99, Reward_e: -1.01
Episode: 290000,  Step: 26941700, Episode_step: 22,  Reward_p1: 0.98, Reward_p2: 0.98, Reward_p3: 0.98, Reward_e: -1.02
Episode: 300000,  Step: 27737318, Episode_step: 42,  Reward_p1: 0.98, Reward_p2: 0.96, Reward_p3: 0.98, Reward_e: -1.03
Episode: 310000,  Step: 28506274, Episode_step: 147,  Reward_p1: 0.86, Reward_p2: 0.86, Reward_p3: 0.86, Reward_e: -1.13
Episode: 320000,  Step: 29259776, Episode_step: 120,  Reward_p1: -0.07, Reward_p2: -0.12, Reward_p3: -0.09, Reward_e: -1.11
Episode: 330000,  Step: 30026029, Episode_step: 117,  Reward_p1: -0.08, Reward_p2: -1.11, Reward_p3: -0.11, Reward_e: -0.1
Episode: 340000,  Step: 30812636, Episode_step: 194,  Reward_p1: -0.19, Reward_p2: -0.19, Reward_p3: -0.18, Reward_e: -1.17
Episode: 350000,  Step: 31554493, Episode_step: 126,  Reward_p1: 0.88, Reward_p2: 0.88, Reward_p3: 0.89, Reward_e: -1.1
Episode: 360000,  Step: 32314151, Episode_step: 20,  Reward_p1: 0.98, Reward_p2: 0.98, Reward_p3: 0.99, Reward_e: -1.02
Episode: 370000,  Step: 33021698, Episode_step: 14,  Reward_p1: 0.99, Reward_p2: 0.99, Reward_p3: 0.99, Reward_e: -1.01
Episode: 380000,  Step: 33733857, Episode_step: 126,  Reward_p1: 0.88, Reward_p2: 0.89, Reward_p3: 0.88, Reward_e: -1.11
Episode: 390000,  Step: 34478844, Episode_step: 82,  Reward_p1: 0.92, Reward_p2: 0.92, Reward_p3: 0.93, Reward_e: -1.07
Episode: 400000,  Step: 35211770, Episode_step: 2,  Reward_p1: 1, Reward_p2: 1, Reward_p3: 1, Reward_e: -1
Episode: 410000,  Step: 35942270, Episode_step: 33,  Reward_p1: 0.98, Reward_p2: 0.98, Reward_p3: 0.97, Reward_e: -1.03
Episode: 420000,  Step: 36651289, Episode_step: 68,  Reward_p1: 0.93, Reward_p2: 0.93, Reward_p3: 0.93, Reward_e: -1.06
Episode: 430000,  Step: 37343563, Episode_step: 47,  Reward_p1: 0.95, Reward_p2: 0.96, Reward_p3: 0.96, Reward_e: -1.04
Episode: 440000,  Step: 38071002, Episode_step: 23,  Reward_p1: 0.98, Reward_p2: 0.98, Reward_p3: 0.98, Reward_e: -1.02
Episode: 450000,  Step: 38782251, Episode_step: 24,  Reward_p1: 0.98, Reward_p2: 0.98, Reward_p3: 0.98, Reward_e: -1.02
Episode: 460000,  Step: 39482407, Episode_step: 44,  Reward_p1: 0.96, Reward_p2: 0.96, Reward_p3: 0.97, Reward_e: -1.03
Episode: 470000,  Step: 40183755, Episode_step: 33,  Reward_p1: 0.97, Reward_p2: 0.97, Reward_p3: 0.98, Reward_e: -1.03
Episode: 480000,  Step: 40882636, Episode_step: 26,  Reward_p1: 0.98, Reward_p2: 0.98, Reward_p3: 0.98, Reward_e: -1.02
Episode: 490000,  Step: 41596191, Episode_step: 303,  Reward_p1: 0.71, Reward_p2: 0.7, Reward_p3: 0.75, Reward_e: -1.29
Episode: 500000,  Step: 42330242, Episode_step: 30,  Reward_p1: -0.03, Reward_p2: -0.03, Reward_p3: -0.03, Reward_e: -1.03
Episode: 510000,  Step: 43079318, Episode_step: 75,  Reward_p1: 0.93, Reward_p2: 0.94, Reward_p3: 0.93, Reward_e: -1.06
Episode: 520000,  Step: 43820605, Episode_step: 303,  Reward_p1: -0.24, Reward_p2: -0.18, Reward_p3: -0.16, Reward_e: -0.24
Episode: 530000,  Step: 44526280, Episode_step: 23,  Reward_p1: 0.98, Reward_p2: 0.98, Reward_p3: 0.98, Reward_e: -1.02
Episode: 540000,  Step: 45253879, Episode_step: 45,  Reward_p1: -0.03, Reward_p2: -1.04, Reward_p3: -0.04, Reward_e: -0.04
Episode: 550000,  Step: 45989137, Episode_step: 32,  Reward_p1: 0.97, Reward_p2: 0.97, Reward_p3: 0.97, Reward_e: -1.03
Episode: 560000,  Step: 46725419, Episode_step: 109,  Reward_p1: 0.89, Reward_p2: 0.89, Reward_p3: 0.89, Reward_e: -1.11
Episode: 570000,  Step: 47438714, Episode_step: 58,  Reward_p1: 0.98, Reward_p2: 0.98, Reward_p3: 0.94, Reward_e: -1.05
Episode: 580000,  Step: 48160776, Episode_step: 41,  Reward_p1: 0.96, Reward_p2: 0.96, Reward_p3: 0.97, Reward_e: -1.04
Episode: 590000,  Step: 48847550, Episode_step: 14,  Reward_p1: 0.99, Reward_p2: 0.99, Reward_p3: 0.99, Reward_e: -1.01
Episode: 600000,  Step: 49576719, Episode_step: 25,  Reward_p1: 0.98, Reward_p2: 0.98, Reward_p3: 0.98, Reward_e: -1.02
Episode: 610000,  Step: 50332222, Episode_step: 40,  Reward_p1: 0.96, Reward_p2: 0.96, Reward_p3: 0.96, Reward_e: -1.03
Episode: 620000,  Step: 51036559, Episode_step: 218,  Reward_p1: -0.19, Reward_p2: -0.21, Reward_p3: -0.2, Reward_e: -1.19
Episode: 630000,  Step: 51797417, Episode_step: 87,  Reward_p1: 0.93, Reward_p2: 0.93, Reward_p3: 0.91, Reward_e: -1.08
Episode: 640000,  Step: 52535748, Episode_step: 138,  Reward_p1: 0.87, Reward_p2: 0.91, Reward_p3: 0.86, Reward_e: -1.13
Episode: 650000,  Step: 53298742, Episode_step: 37,  Reward_p1: 0.96, Reward_p2: 0.97, Reward_p3: 0.97, Reward_e: -1.03
Episode: 660000,  Step: 54056603, Episode_step: 197,  Reward_p1: 0.81, Reward_p2: 0.81, Reward_p3: 0.87, Reward_e: -1.19
Episode: 670000,  Step: 54772707, Episode_step: 18,  Reward_p1: 0.98, Reward_p2: 0.98, Reward_p3: 0.99, Reward_e: -1.0
Episode: 680000,  Step: 55522304, Episode_step: 42,  Reward_p1: -1.04, Reward_p2: -0.04, Reward_p3: -0.04, Reward_e: -0.04
Episode: 690000,  Step: 56273485, Episode_step: 35,  Reward_p1: -1.03, Reward_p2: -0.03, Reward_p3: -0.02, Reward_e: -0.03
Episode: 700000,  Step: 56992283, Episode_step: 40,  Reward_p1: 0.97, Reward_p2: 0.96, Reward_p3: 0.96, Reward_e: -1.04
Episode: 710000,  Step: 57741890, Episode_step: 2,  Reward_p1: 1, Reward_p2: 1, Reward_p3: 1, Reward_e: -1
Episode: 720000,  Step: 58465906, Episode_step: 25,  Reward_p1: 0.98, Reward_p2: 0.98, Reward_p3: 0.98, Reward_e: -1.02
Episode: 730000,  Step: 59213793, Episode_step: 234,  Reward_p1: 0.78, Reward_p2: 0.8, Reward_p3: 0.77, Reward_e: -1.23
Episode: 740000,  Step: 59940605, Episode_step: 24,  Reward_p1: -0.02, Reward_p2: -0.02, Reward_p3: -0.02, Reward_e: -1.01
Episode: 750000,  Step: 60684338, Episode_step: 116,  Reward_p1: -0.11, Reward_p2: -0.08, Reward_p3: -0.11, Reward_e: -1.11
Episode: 760000,  Step: 61440425, Episode_step: 31,  Reward_p1: -0.03, Reward_p2: -0.02, Reward_p3: -0.03, Reward_e: -1.03
Episode: 770000,  Step: 62150946, Episode_step: 59,  Reward_p1: 0.94, Reward_p2: 0.94, Reward_p3: 0.96, Reward_e: -1.04
Episode: 780000,  Step: 62906155, Episode_step: 36,  Reward_p1: 0.97, Reward_p2: 0.98, Reward_p3: 0.97, Reward_e: -1.03
Episode: 790000,  Step: 63651977, Episode_step: 2,  Reward_p1: 1, Reward_p2: 1, Reward_p3: 1, Reward_e: -1
Episode: 800000,  Step: 64399307, Episode_step: 53,  Reward_p1: 0.96, Reward_p2: 0.99, Reward_p3: 0.95, Reward_e: -1.05
Episode: 810000,  Step: 65148657, Episode_step: 98,  Reward_p1: -0.09, Reward_p2: -0.08, Reward_p3: -0.1, Reward_e: -1.08
Episode: 820000,  Step: 65925917, Episode_step: 227,  Reward_p1: 0.79, Reward_p2: 0.78, Reward_p3: 0.78, Reward_e: -1.22
Episode: 830000,  Step: 66715474, Episode_step: 61,  Reward_p1: 0.94, Reward_p2: 0.98, Reward_p3: 0.94, Reward_e: -1.06
Episode: 840000,  Step: 67486418, Episode_step: 2,  Reward_p1: 1, Reward_p2: 1, Reward_p3: 1, Reward_e: -1
Episode: 850000,  Step: 68227644, Episode_step: 30,  Reward_p1: -0.03, Reward_p2: -0.03, Reward_p3: -0.03, Reward_e: -1.02
Episode: 860000,  Step: 68964222, Episode_step: 12,  Reward_p1: 0.99, Reward_p2: 0.99, Reward_p3: 0.99, Reward_e: -1.01
Episode: 870000,  Step: 69633810, Episode_step: 87,  Reward_p1: 0.91, Reward_p2: 0.94, Reward_p3: 0.92, Reward_e: -1.08
Episode: 880000,  Step: 70330909, Episode_step: 165,  Reward_p1: 0.84, Reward_p2: 0.88, Reward_p3: 0.84, Reward_e: -1.15
Episode: 890000,  Step: 71030735, Episode_step: 7,  Reward_p1: 0.99, Reward_p2: 1.0, Reward_p3: 0.99, Reward_e: -1.0
Episode: 900000,  Step: 71739863, Episode_step: 8,  Reward_p1: 0.99, Reward_p2: 0.99, Reward_p3: 0.99, Reward_e: -1.0
Episode: 910000,  Step: 72443910, Episode_step: 68,  Reward_p1: 0.94, Reward_p2: 0.93, Reward_p3: 0.93, Reward_e: -1.06
Episode: 920000,  Step: 73142796, Episode_step: 42,  Reward_p1: 0.96, Reward_p2: 0.96, Reward_p3: 0.96, Reward_e: -1.03
Episode: 930000,  Step: 73899915, Episode_step: 73,  Reward_p1: 0.93, Reward_p2: 0.96, Reward_p3: 0.93, Reward_e: -1.06
Episode: 940000,  Step: 74638057, Episode_step: 78,  Reward_p1: 0.93, Reward_p2: 0.92, Reward_p3: 0.92, Reward_e: -1.06
Episode: 950000,  Step: 75417548, Episode_step: 41,  Reward_p1: 0.96, Reward_p2: 0.98, Reward_p3: 0.96, Reward_e: -1.03
Episode: 960000,  Step: 76153770, Episode_step: 54,  Reward_p1: 0.95, Reward_p2: 0.98, Reward_p3: 0.95, Reward_e: -1.05
Episode: 970000,  Step: 76850233, Episode_step: 58,  Reward_p1: 0.94, Reward_p2: 0.95, Reward_p3: 0.94, Reward_e: -1.05
Episode: 980000,  Step: 77582025, Episode_step: 22,  Reward_p1: -0.02, Reward_p2: -0.01, Reward_p3: -0.02, Reward_e: -1.02
Episode: 990000,  Step: 78328925, Episode_step: 14,  Reward_p1: 1.0, Reward_p2: 0.99, Reward_p3: 0.99, Reward_e: -1.01
Episode: 1000000,  Step: 79107773, Episode_step: 76,  Reward_p1: 0.93, Reward_p2: 0.93, Reward_p3: 0.93, Reward_e: -1.07
Finish! 315.95 [h]
