cpu
Start!
Episode: 10000,  Step: 97840, Episode_step: 7,  Reward_p1: 0.99, Reward_p2: -0.01, Reward_p3: -0.01, Reward_e: -1.0
Episode: 20000,  Step: 188012, Episode_step: 10,  Reward_p1: 0.99, Reward_p2: -0.01, Reward_p3: -0.01, Reward_e: -1.01
Episode: 30000,  Step: 276993, Episode_step: 7,  Reward_p1: -0.01, Reward_p2: 0.99, Reward_p3: -0.01, Reward_e: -1.0
Episode: 40000,  Step: 363218, Episode_step: 10,  Reward_p1: -0.01, Reward_p2: 0.99, Reward_p3: -0.01, Reward_e: -1.01
Episode: 50000,  Step: 450587, Episode_step: 12,  Reward_p1: -0.01, Reward_p2: -0.01, Reward_p3: -0.01, Reward_e: -1.01
Episode: 60000,  Step: 537496, Episode_step: 11,  Reward_p1: -0.01, Reward_p2: -0.01, Reward_p3: 0.99, Reward_e: -1.01
Episode: 70000,  Step: 625904, Episode_step: 12,  Reward_p1: -0.01, Reward_p2: -0.01, Reward_p3: -0.01, Reward_e: -1.01
Episode: 80000,  Step: 716198, Episode_step: 8,  Reward_p1: -0.01, Reward_p2: 0.99, Reward_p3: -0.01, Reward_e: -1.01
Episode: 90000,  Step: 808021, Episode_step: 11,  Reward_p1: 0.99, Reward_p2: -0.01, Reward_p3: -0.01, Reward_e: -1.01
Episode: 100000,  Step: 901986, Episode_step: 4,  Reward_p1: 1.0, Reward_p2: -0.0, Reward_p3: -0.0, Reward_e: -1.0
Episode: 110000,  Step: 995254, Episode_step: 15,  Reward_p1: -0.01, Reward_p2: -0.01, Reward_p3: 0.99, Reward_e: -1.01
Episode: 120000,  Step: 1091044, Episode_step: 10,  Reward_p1: -0.01, Reward_p2: -0.01, Reward_p3: -0.01, Reward_e: -1.01
Episode: 130000,  Step: 1187231, Episode_step: 5,  Reward_p1: -0.0, Reward_p2: 1.0, Reward_p3: 1.0, Reward_e: -1.0
Episode: 140000,  Step: 1285005, Episode_step: 10,  Reward_p1: -0.01, Reward_p2: -0.01, Reward_p3: 0.99, Reward_e: -1.01
Episode: 150000,  Step: 1385318, Episode_step: 13,  Reward_p1: -0.01, Reward_p2: 0.99, Reward_p3: -0.01, Reward_e: -1.01
Episode: 160000,  Step: 1486620, Episode_step: 9,  Reward_p1: -0.01, Reward_p2: -0.01, Reward_p3: 0.99, Reward_e: -1.01
Episode: 170000,  Step: 1586505, Episode_step: 10,  Reward_p1: -0.01, Reward_p2: 0.99, Reward_p3: -0.01, Reward_e: -1.01
Episode: 180000,  Step: 1686544, Episode_step: 14,  Reward_p1: 0.99, Reward_p2: -0.01, Reward_p3: 0.99, Reward_e: -1.01
Episode: 190000,  Step: 1786180, Episode_step: 12,  Reward_p1: 0.99, Reward_p2: 0.99, Reward_p3: -0.01, Reward_e: -1.01
Episode: 200000,  Step: 1883779, Episode_step: 15,  Reward_p1: -0.01, Reward_p2: -0.01, Reward_p3: -0.01, Reward_e: -1.01
Episode: 210000,  Step: 1980958, Episode_step: 15,  Reward_p1: -0.01, Reward_p2: -0.01, Reward_p3: -0.01, Reward_e: -1.01
Episode: 220000,  Step: 2077640, Episode_step: 16,  Reward_p1: -0.01, Reward_p2: -0.02, Reward_p3: -0.02, Reward_e: -1.01
Episode: 230000,  Step: 2173168, Episode_step: 12,  Reward_p1: -0.01, Reward_p2: 0.99, Reward_p3: -0.01, Reward_e: -1.01
Episode: 240000,  Step: 2267244, Episode_step: 12,  Reward_p1: 0.99, Reward_p2: -0.01, Reward_p3: -0.01, Reward_e: -1.01
Episode: 250000,  Step: 2362995, Episode_step: 6,  Reward_p1: -0.0, Reward_p2: -0.01, Reward_p3: 1.0, Reward_e: -1.0
Episode: 260000,  Step: 2457271, Episode_step: 10,  Reward_p1: -0.01, Reward_p2: 0.99, Reward_p3: -0.01, Reward_e: -1.01
Episode: 270000,  Step: 2552481, Episode_step: 5,  Reward_p1: -0.0, Reward_p2: 1.0, Reward_p3: -0.0, Reward_e: -1.0
Episode: 280000,  Step: 2648186, Episode_step: 16,  Reward_p1: -0.02, Reward_p2: -0.01, Reward_p3: -0.02, Reward_e: -1.01
Episode: 290000,  Step: 2743409, Episode_step: 18,  Reward_p1: 0.98, Reward_p2: -0.01, Reward_p3: -0.02, Reward_e: -1.02
Episode: 300000,  Step: 2838708, Episode_step: 9,  Reward_p1: 0.99, Reward_p2: -0.01, Reward_p3: -0.01, Reward_e: -1.01
Episode: 310000,  Step: 2932405, Episode_step: 21,  Reward_p1: -0.02, Reward_p2: -0.0, Reward_p3: 0.99, Reward_e: -1.02
Episode: 320000,  Step: 3027715, Episode_step: 2,  Reward_p1: -0.0, Reward_p2: 1, Reward_p3: -0.0, Reward_e: -1
Episode: 330000,  Step: 3120915, Episode_step: 10,  Reward_p1: -0.01, Reward_p2: 0.99, Reward_p3: -0.01, Reward_e: -1.01
Episode: 340000,  Step: 3215287, Episode_step: 20,  Reward_p1: -0.02, Reward_p2: -0.0, Reward_p3: -0.02, Reward_e: -1.02
Episode: 350000,  Step: 3310278, Episode_step: 11,  Reward_p1: 0.99, Reward_p2: -0.01, Reward_p3: -0.01, Reward_e: -1.01
Episode: 360000,  Step: 3405761, Episode_step: 16,  Reward_p1: -0.02, Reward_p2: 0.99, Reward_p3: -0.02, Reward_e: -1.01
Episode: 370000,  Step: 3498827, Episode_step: 5,  Reward_p1: 1.0, Reward_p2: -0.0, Reward_p3: -0.0, Reward_e: -1.0
Episode: 380000,  Step: 3591932, Episode_step: 6,  Reward_p1: -0.01, Reward_p2: -0.01, Reward_p3: 1.0, Reward_e: -1.0
Episode: 390000,  Step: 3685955, Episode_step: 11,  Reward_p1: -0.01, Reward_p2: 0.99, Reward_p3: -0.01, Reward_e: -1.01
Episode: 400000,  Step: 3778957, Episode_step: 2,  Reward_p1: -0.0, Reward_p2: 1, Reward_p3: -0.0, Reward_e: -1
Episode: 410000,  Step: 3872010, Episode_step: 2,  Reward_p1: 1, Reward_p2: -0.0, Reward_p3: -0.0, Reward_e: -1
Episode: 420000,  Step: 3963896, Episode_step: 32,  Reward_p1: 0.97, Reward_p2: -0.03, Reward_p3: -0.03, Reward_e: -1.03
Episode: 430000,  Step: 4056527, Episode_step: 8,  Reward_p1: -0.01, Reward_p2: -0.01, Reward_p3: 0.99, Reward_e: -1.01
Episode: 440000,  Step: 4148488, Episode_step: 13,  Reward_p1: -0.01, Reward_p2: 0.99, Reward_p3: -0.01, Reward_e: -1.01
Episode: 450000,  Step: 4242241, Episode_step: 4,  Reward_p1: -0.0, Reward_p2: 1.0, Reward_p3: -0.0, Reward_e: -1.0
Episode: 460000,  Step: 4334443, Episode_step: 17,  Reward_p1: -0.02, Reward_p2: -0.02, Reward_p3: 0.98, Reward_e: -1.01
Episode: 470000,  Step: 4426565, Episode_step: 12,  Reward_p1: 0.99, Reward_p2: -0.01, Reward_p3: -0.01, Reward_e: -1.01
Episode: 480000,  Step: 4519367, Episode_step: 8,  Reward_p1: 0.99, Reward_p2: -0.01, Reward_p3: -0.01, Reward_e: -1.01
Episode: 490000,  Step: 4611661, Episode_step: 3,  Reward_p1: 1.0, Reward_p2: -0.0, Reward_p3: -0.0, Reward_e: -1.0
Episode: 500000,  Step: 4704535, Episode_step: 13,  Reward_p1: -0.01, Reward_p2: -0.01, Reward_p3: -0.01, Reward_e: -1.01
Episode: 510000,  Step: 4796933, Episode_step: 4,  Reward_p1: 1.0, Reward_p2: -0.0, Reward_p3: -0.0, Reward_e: -1.0
Episode: 520000,  Step: 4887780, Episode_step: 16,  Reward_p1: -0.02, Reward_p2: -0.01, Reward_p3: -0.02, Reward_e: -1.01
Episode: 530000,  Step: 4978576, Episode_step: 15,  Reward_p1: -0.01, Reward_p2: -0.01, Reward_p3: -0.01, Reward_e: -1.01
Episode: 540000,  Step: 5069422, Episode_step: 14,  Reward_p1: -0.01, Reward_p2: -0.0, Reward_p3: -0.01, Reward_e: -1.01
Episode: 550000,  Step: 5160545, Episode_step: 11,  Reward_p1: 0.99, Reward_p2: -0.01, Reward_p3: -0.01, Reward_e: -1.01
Episode: 560000,  Step: 5252244, Episode_step: 13,  Reward_p1: -0.01, Reward_p2: -0.01, Reward_p3: -0.01, Reward_e: -1.01
Episode: 570000,  Step: 5343363, Episode_step: 8,  Reward_p1: 0.99, Reward_p2: -0.01, Reward_p3: -0.01, Reward_e: -1.01
Episode: 580000,  Step: 5435267, Episode_step: 18,  Reward_p1: -0.02, Reward_p2: -1.02, Reward_p3: -0.01, Reward_e: -0.02
Episode: 590000,  Step: 5527341, Episode_step: 20,  Reward_p1: -1.02, Reward_p2: -0.02, Reward_p3: -0.02, Reward_e: -0.02
Episode: 600000,  Step: 5619137, Episode_step: 15,  Reward_p1: -0.01, Reward_p2: -0.01, Reward_p3: -0.01, Reward_e: -1.01
Episode: 610000,  Step: 5710580, Episode_step: 15,  Reward_p1: -0.01, Reward_p2: -0.01, Reward_p3: -0.01, Reward_e: -1.01
Episode: 620000,  Step: 5801772, Episode_step: 13,  Reward_p1: -0.01, Reward_p2: 0.99, Reward_p3: -0.01, Reward_e: -1.01
Episode: 630000,  Step: 5893442, Episode_step: 13,  Reward_p1: -0.01, Reward_p2: -0.01, Reward_p3: -0.01, Reward_e: -1.01
Episode: 640000,  Step: 5984394, Episode_step: 14,  Reward_p1: -0.01, Reward_p2: -0.01, Reward_p3: -0.01, Reward_e: -1.01
Episode: 650000,  Step: 6075588, Episode_step: 13,  Reward_p1: -0.01, Reward_p2: -0.01, Reward_p3: 0.99, Reward_e: -1.01
Episode: 660000,  Step: 6167114, Episode_step: 14,  Reward_p1: 0.99, Reward_p2: -0.01, Reward_p3: -0.01, Reward_e: -1.01
Episode: 670000,  Step: 6258592, Episode_step: 6,  Reward_p1: -0.0, Reward_p2: 1.0, Reward_p3: -0.01, Reward_e: -1.0
Episode: 680000,  Step: 6350138, Episode_step: 16,  Reward_p1: -0.02, Reward_p2: -0.02, Reward_p3: -0.01, Reward_e: -1.01
Episode: 690000,  Step: 6442094, Episode_step: 2,  Reward_p1: 1, Reward_p2: -0.0, Reward_p3: -0.0, Reward_e: -1
Episode: 700000,  Step: 6533043, Episode_step: 16,  Reward_p1: -0.01, Reward_p2: -0.01, Reward_p3: -0.02, Reward_e: -1.01
Episode: 710000,  Step: 6625843, Episode_step: 11,  Reward_p1: -0.01, Reward_p2: 0.99, Reward_p3: -0.0, Reward_e: -1.01
Episode: 720000,  Step: 6717910, Episode_step: 17,  Reward_p1: -0.02, Reward_p2: 0.99, Reward_p3: -0.02, Reward_e: -1.01
Episode: 730000,  Step: 6809935, Episode_step: 5,  Reward_p1: 1.0, Reward_p2: -0.0, Reward_p3: -0.0, Reward_e: -1.0
Episode: 740000,  Step: 6901349, Episode_step: 3,  Reward_p1: -0.0, Reward_p2: -0.0, Reward_p3: 1.0, Reward_e: -1.0
Episode: 750000,  Step: 6993080, Episode_step: 15,  Reward_p1: -0.01, Reward_p2: 0.99, Reward_p3: -0.01, Reward_e: -1.01
Episode: 760000,  Step: 7083472, Episode_step: 2,  Reward_p1: -0.0, Reward_p2: -0.0, Reward_p3: 1, Reward_e: -1
Episode: 770000,  Step: 7175308, Episode_step: 3,  Reward_p1: -0.0, Reward_p2: -0.0, Reward_p3: 1.0, Reward_e: -1.0
Episode: 780000,  Step: 7266888, Episode_step: 12,  Reward_p1: 0.99, Reward_p2: -0.01, Reward_p3: -0.01, Reward_e: -1.01
Episode: 790000,  Step: 7357732, Episode_step: 11,  Reward_p1: 0.99, Reward_p2: -0.01, Reward_p3: -0.01, Reward_e: -1.01
Episode: 800000,  Step: 7448918, Episode_step: 5,  Reward_p1: -0.0, Reward_p2: -0.0, Reward_p3: 1.0, Reward_e: -1.0
Episode: 810000,  Step: 7540713, Episode_step: 3,  Reward_p1: -0.0, Reward_p2: -0.0, Reward_p3: 1.0, Reward_e: -1.0
Episode: 820000,  Step: 7631879, Episode_step: 14,  Reward_p1: -0.01, Reward_p2: -0.01, Reward_p3: 0.99, Reward_e: -1.01
Episode: 830000,  Step: 7721503, Episode_step: 12,  Reward_p1: 0.99, Reward_p2: 0, Reward_p3: -0.01, Reward_e: -1.01
Episode: 840000,  Step: 7813258, Episode_step: 16,  Reward_p1: 0.99, Reward_p2: -0.01, Reward_p3: -0.02, Reward_e: -1.01
Episode: 850000,  Step: 7904405, Episode_step: 3,  Reward_p1: -0.0, Reward_p2: 1.0, Reward_p3: -0.0, Reward_e: -1.0
Episode: 860000,  Step: 7995228, Episode_step: 2,  Reward_p1: -0.0, Reward_p2: 1, Reward_p3: -0.0, Reward_e: -1
Episode: 870000,  Step: 8087141, Episode_step: 18,  Reward_p1: 0.98, Reward_p2: -0.02, Reward_p3: -0.02, Reward_e: -1.02
Episode: 880000,  Step: 8178083, Episode_step: 5,  Reward_p1: 1.0, Reward_p2: -0.0, Reward_p3: 1.0, Reward_e: -1.0
Episode: 890000,  Step: 8269518, Episode_step: 12,  Reward_p1: -0.01, Reward_p2: 0.99, Reward_p3: -0.0, Reward_e: -1.01
Episode: 900000,  Step: 8360227, Episode_step: 11,  Reward_p1: 0.99, Reward_p2: -0.01, Reward_p3: -0.01, Reward_e: -1.01
Episode: 910000,  Step: 8450554, Episode_step: 15,  Reward_p1: 0.99, Reward_p2: -0.01, Reward_p3: -0.01, Reward_e: -1.01
Episode: 920000,  Step: 8540589, Episode_step: 2,  Reward_p1: -0.0, Reward_p2: -0.0, Reward_p3: 1, Reward_e: -1
Episode: 930000,  Step: 8630870, Episode_step: 10,  Reward_p1: -0.01, Reward_p2: -0.01, Reward_p3: 0.99, Reward_e: -1.01
Episode: 940000,  Step: 8722136, Episode_step: 13,  Reward_p1: -0.01, Reward_p2: 0.99, Reward_p3: 0.99, Reward_e: -1.01
Episode: 950000,  Step: 8811975, Episode_step: 12,  Reward_p1: -0.01, Reward_p2: 0.99, Reward_p3: -0.01, Reward_e: -1.01
Episode: 960000,  Step: 8902698, Episode_step: 9,  Reward_p1: 0.99, Reward_p2: -0.01, Reward_p3: -0.01, Reward_e: -1.01
Episode: 970000,  Step: 8993927, Episode_step: 15,  Reward_p1: 0.99, Reward_p2: -0.01, Reward_p3: -0.01, Reward_e: -1.01
Episode: 980000,  Step: 9084785, Episode_step: 5,  Reward_p1: 1.0, Reward_p2: -0.0, Reward_p3: -0.0, Reward_e: -1.0
Episode: 990000,  Step: 9175427, Episode_step: 12,  Reward_p1: -0.01, Reward_p2: -0.01, Reward_p3: 0.99, Reward_e: -1.01
Episode: 1000000,  Step: 9266412, Episode_step: 13,  Reward_p1: -0.01, Reward_p2: 0.99, Reward_p3: -0.01, Reward_e: -1.01
Finish! 36.64 [h]
