cpu
Start!
Episode: 10000,  Step: 126825, Episode_step: 7,  Reward_p1: 0.99, Reward_p2: 1, Reward_p3: 1.0, Reward_e: -1.0
Episode: 20000,  Step: 258189, Episode_step: 13,  Reward_p1: 0.99, Reward_p2: 0.99, Reward_p3: 0.99, Reward_e: -1.01
Episode: 30000,  Step: 369568, Episode_step: 24,  Reward_p1: 0.98, Reward_p2: 0.98, Reward_p3: 0.98, Reward_e: -1.02
Episode: 40000,  Step: 498158, Episode_step: 9,  Reward_p1: 0.99, Reward_p2: 0.99, Reward_p3: 0.99, Reward_e: -1.01
Episode: 50000,  Step: 614180, Episode_step: 6,  Reward_p1: 1.0, Reward_p2: 1.0, Reward_p3: 1.0, Reward_e: -1.0
Episode: 60000,  Step: 723683, Episode_step: 2,  Reward_p1: 1, Reward_p2: 1, Reward_p3: 1, Reward_e: -1
Episode: 70000,  Step: 826806, Episode_step: 16,  Reward_p1: 0.99, Reward_p2: 0.99, Reward_p3: 0.99, Reward_e: -1.01
Episode: 80000,  Step: 931764, Episode_step: 16,  Reward_p1: -0.02, Reward_p2: -0.01, Reward_p3: -0.01, Reward_e: -1.01
Episode: 90000,  Step: 1037935, Episode_step: 19,  Reward_p1: -1.02, Reward_p2: -0.02, Reward_p3: -0.02, Reward_e: -1.02
Episode: 100000,  Step: 1141546, Episode_step: 32,  Reward_p1: 0.97, Reward_p2: 0.97, Reward_p3: 0.97, Reward_e: -1.03
Episode: 110000,  Step: 1249664, Episode_step: 12,  Reward_p1: -0.01, Reward_p2: -0.01, Reward_p3: -0.01, Reward_e: -1.01
Episode: 120000,  Step: 1356524, Episode_step: 15,  Reward_p1: 0.99, Reward_p2: 0.99, Reward_p3: 0.99, Reward_e: -1.01
Episode: 130000,  Step: 1462395, Episode_step: 7,  Reward_p1: 0.99, Reward_p2: 1.0, Reward_p3: 0.99, Reward_e: -1.0
Episode: 140000,  Step: 1573995, Episode_step: 14,  Reward_p1: 0.99, Reward_p2: 0.99, Reward_p3: 0.99, Reward_e: -1.01
Episode: 150000,  Step: 1686754, Episode_step: 15,  Reward_p1: -0.01, Reward_p2: -0.01, Reward_p3: -0.01, Reward_e: -1.01
Episode: 160000,  Step: 1800689, Episode_step: 17,  Reward_p1: 0.98, Reward_p2: 0.98, Reward_p3: 0.98, Reward_e: -1.01
Episode: 170000,  Step: 1918176, Episode_step: 2,  Reward_p1: 1, Reward_p2: 1, Reward_p3: 1, Reward_e: -1
Episode: 180000,  Step: 2040825, Episode_step: 9,  Reward_p1: 0.99, Reward_p2: 0.99, Reward_p3: 0.99, Reward_e: -1.01
Episode: 190000,  Step: 2163336, Episode_step: 18,  Reward_p1: -0.02, Reward_p2: -0.02, Reward_p3: -0.02, Reward_e: -1.02
Episode: 200000,  Step: 2285518, Episode_step: 18,  Reward_p1: -0.01, Reward_p2: -1.02, Reward_p3: -1.02, Reward_e: -0.02
Episode: 210000,  Step: 2410873, Episode_step: 26,  Reward_p1: -0.02, Reward_p2: -0.03, Reward_p3: -0.03, Reward_e: -1.01
Episode: 220000,  Step: 2536178, Episode_step: 7,  Reward_p1: 0.99, Reward_p2: 0.99, Reward_p3: 0.99, Reward_e: -1.0
Episode: 230000,  Step: 2662744, Episode_step: 26,  Reward_p1: -0.03, Reward_p2: -0.03, Reward_p3: -0.02, Reward_e: -1.02
Episode: 240000,  Step: 2790881, Episode_step: 18,  Reward_p1: 0.98, Reward_p2: 0.98, Reward_p3: 0.98, Reward_e: -1.02
Episode: 250000,  Step: 2915039, Episode_step: 17,  Reward_p1: 0.98, Reward_p2: 0.98, Reward_p3: 0.98, Reward_e: -1.01
Episode: 260000,  Step: 3040636, Episode_step: 20,  Reward_p1: -0.02, Reward_p2: -0.02, Reward_p3: -0.02, Reward_e: -1.02
Episode: 270000,  Step: 3166314, Episode_step: 13,  Reward_p1: 0.99, Reward_p2: 0.99, Reward_p3: 0.99, Reward_e: -1.01
Episode: 280000,  Step: 3295027, Episode_step: 6,  Reward_p1: 1.0, Reward_p2: 1.0, Reward_p3: 1.0, Reward_e: -1.0
Episode: 290000,  Step: 3420104, Episode_step: 13,  Reward_p1: 0.99, Reward_p2: 0.99, Reward_p3: 0.99, Reward_e: -1.01
Episode: 300000,  Step: 3549638, Episode_step: 16,  Reward_p1: 0.99, Reward_p2: 0.99, Reward_p3: 0.99, Reward_e: -1.01
Episode: 310000,  Step: 3676564, Episode_step: 25,  Reward_p1: -0.02, Reward_p2: -0.02, Reward_p3: -1.02, Reward_e: -0.02
Episode: 320000,  Step: 3805212, Episode_step: 17,  Reward_p1: 0.98, Reward_p2: 0.98, Reward_p3: 0.98, Reward_e: -1.01
Episode: 330000,  Step: 3933077, Episode_step: 16,  Reward_p1: -0.02, Reward_p2: -0.01, Reward_p3: -0.02, Reward_e: -1.01
Episode: 340000,  Step: 4060202, Episode_step: 18,  Reward_p1: -0.02, Reward_p2: -0.02, Reward_p3: -0.02, Reward_e: -1.02
Episode: 350000,  Step: 4192141, Episode_step: 11,  Reward_p1: 0.99, Reward_p2: 0.99, Reward_p3: 0.99, Reward_e: -1.01
Episode: 360000,  Step: 4321802, Episode_step: 9,  Reward_p1: 0.99, Reward_p2: 0.99, Reward_p3: 0.99, Reward_e: -1.01
Episode: 370000,  Step: 4451034, Episode_step: 14,  Reward_p1: 0.99, Reward_p2: 0.99, Reward_p3: 0.99, Reward_e: -1.01
Episode: 380000,  Step: 4579558, Episode_step: 14,  Reward_p1: 0.99, Reward_p2: 0.99, Reward_p3: 0.99, Reward_e: -1.01
Episode: 390000,  Step: 4705619, Episode_step: 15,  Reward_p1: 0.99, Reward_p2: 0.99, Reward_p3: 0.99, Reward_e: -1.01
Episode: 400000,  Step: 4836985, Episode_step: 7,  Reward_p1: 0.99, Reward_p2: 0.99, Reward_p3: 1.0, Reward_e: -1.0
Episode: 410000,  Step: 4968095, Episode_step: 47,  Reward_p1: 0.95, Reward_p2: 0.96, Reward_p3: 0.95, Reward_e: -1.04
Episode: 420000,  Step: 5103646, Episode_step: 3,  Reward_p1: 1.0, Reward_p2: 1.0, Reward_p3: 1.0, Reward_e: -1.0
Episode: 430000,  Step: 5236040, Episode_step: 7,  Reward_p1: 0.99, Reward_p2: 1.0, Reward_p3: 0.99, Reward_e: -1.0
Episode: 440000,  Step: 5365687, Episode_step: 17,  Reward_p1: -1.01, Reward_p2: -0.02, Reward_p3: -0.02, Reward_e: -1.01
Episode: 450000,  Step: 5495920, Episode_step: 19,  Reward_p1: 0.98, Reward_p2: 0.98, Reward_p3: 0.98, Reward_e: -1.01
Episode: 460000,  Step: 5627183, Episode_step: 25,  Reward_p1: 0.98, Reward_p2: 0.98, Reward_p3: 0.98, Reward_e: -1.02
Episode: 470000,  Step: 5758371, Episode_step: 24,  Reward_p1: 0.98, Reward_p2: 0.98, Reward_p3: 0.98, Reward_e: -1.02
Episode: 480000,  Step: 5885269, Episode_step: 18,  Reward_p1: 0.98, Reward_p2: 0.98, Reward_p3: 0.98, Reward_e: -1.02
Episode: 490000,  Step: 6015767, Episode_step: 8,  Reward_p1: 1.0, Reward_p2: 0.99, Reward_p3: 0.99, Reward_e: -1.01
Episode: 500000,  Step: 6148040, Episode_step: 18,  Reward_p1: 0.99, Reward_p2: 0.98, Reward_p3: 0.98, Reward_e: -1.01
Episode: 510000,  Step: 6278898, Episode_step: 13,  Reward_p1: 0.99, Reward_p2: 0.99, Reward_p3: 0.99, Reward_e: -1.01
Episode: 520000,  Step: 6413662, Episode_step: 19,  Reward_p1: -0.02, Reward_p2: -0.02, Reward_p3: -0.02, Reward_e: -1.02
Episode: 530000,  Step: 6548336, Episode_step: 17,  Reward_p1: -0.02, Reward_p2: -0.02, Reward_p3: -0.02, Reward_e: -1.01
Episode: 540000,  Step: 6682311, Episode_step: 15,  Reward_p1: 0.99, Reward_p2: 0.99, Reward_p3: 0.99, Reward_e: -1.01
Episode: 550000,  Step: 6817840, Episode_step: 15,  Reward_p1: 0.99, Reward_p2: 0.99, Reward_p3: 0.99, Reward_e: -1.01
Episode: 560000,  Step: 6953788, Episode_step: 6,  Reward_p1: 1.0, Reward_p2: 1.0, Reward_p3: 1.0, Reward_e: -1.0
Episode: 570000,  Step: 7086383, Episode_step: 9,  Reward_p1: 0.99, Reward_p2: 0.99, Reward_p3: 0.99, Reward_e: -1.01
Episode: 580000,  Step: 7219362, Episode_step: 11,  Reward_p1: 0.99, Reward_p2: 0.99, Reward_p3: 0.99, Reward_e: -1.01
Episode: 590000,  Step: 7356853, Episode_step: 19,  Reward_p1: 0.99, Reward_p2: 0.98, Reward_p3: 0.98, Reward_e: -1.02
Episode: 600000,  Step: 7495370, Episode_step: 42,  Reward_p1: -0.04, Reward_p2: -0.02, Reward_p3: -0.04, Reward_e: -1.04
Episode: 610000,  Step: 7637377, Episode_step: 2,  Reward_p1: 1, Reward_p2: 1, Reward_p3: 1, Reward_e: -1
Episode: 620000,  Step: 7774374, Episode_step: 6,  Reward_p1: 1.0, Reward_p2: 1.0, Reward_p3: 1.0, Reward_e: -1.0
Episode: 630000,  Step: 7907177, Episode_step: 16,  Reward_p1: 0.99, Reward_p2: 0.99, Reward_p3: 0.99, Reward_e: -1.01
Episode: 640000,  Step: 8039162, Episode_step: 41,  Reward_p1: 0.96, Reward_p2: 0.97, Reward_p3: 0.96, Reward_e: -1.04
Episode: 650000,  Step: 8175896, Episode_step: 21,  Reward_p1: 0.98, Reward_p2: 0.98, Reward_p3: 0.98, Reward_e: -1.02
Episode: 660000,  Step: 8313914, Episode_step: 23,  Reward_p1: 0.98, Reward_p2: 0.99, Reward_p3: 0.98, Reward_e: -1.02
Episode: 670000,  Step: 8449093, Episode_step: 19,  Reward_p1: 0.98, Reward_p2: 0.99, Reward_p3: 0.98, Reward_e: -1.01
Episode: 680000,  Step: 8587913, Episode_step: 30,  Reward_p1: 0.97, Reward_p2: 0.98, Reward_p3: 0.97, Reward_e: -1.03
Episode: 690000,  Step: 8729631, Episode_step: 2,  Reward_p1: 1, Reward_p2: 1, Reward_p3: 1, Reward_e: -1
Episode: 700000,  Step: 8868622, Episode_step: 9,  Reward_p1: 0.99, Reward_p2: 0.99, Reward_p3: 0.99, Reward_e: -1.01
Episode: 710000,  Step: 9005887, Episode_step: 5,  Reward_p1: 1.0, Reward_p2: 1.0, Reward_p3: 1.0, Reward_e: -1.0
Episode: 720000,  Step: 9141635, Episode_step: 11,  Reward_p1: 0.99, Reward_p2: 0.99, Reward_p3: 0.99, Reward_e: -1.01
Episode: 730000,  Step: 9275424, Episode_step: 11,  Reward_p1: 0.99, Reward_p2: 1.0, Reward_p3: 0.99, Reward_e: -1.01
Episode: 740000,  Step: 9407679, Episode_step: 16,  Reward_p1: 0.99, Reward_p2: 0.99, Reward_p3: 0.99, Reward_e: -1.01
Episode: 750000,  Step: 9539799, Episode_step: 12,  Reward_p1: 0.99, Reward_p2: 1, Reward_p3: 0.99, Reward_e: -1.01
Episode: 760000,  Step: 9673015, Episode_step: 51,  Reward_p1: 0.95, Reward_p2: 0.96, Reward_p3: 0.95, Reward_e: -1.05
Episode: 770000,  Step: 9808398, Episode_step: 10,  Reward_p1: 0.99, Reward_p2: 1, Reward_p3: 0.99, Reward_e: -1.01
Episode: 780000,  Step: 9942318, Episode_step: 2,  Reward_p1: 1, Reward_p2: 1, Reward_p3: 1, Reward_e: -1
Episode: 790000,  Step: 10078863, Episode_step: 10,  Reward_p1: 0.99, Reward_p2: 0.99, Reward_p3: 0.99, Reward_e: -1.01
Episode: 800000,  Step: 10213041, Episode_step: 11,  Reward_p1: 0.99, Reward_p2: 0.99, Reward_p3: 0.99, Reward_e: -1.01
Episode: 810000,  Step: 10347393, Episode_step: 2,  Reward_p1: 1, Reward_p2: 1, Reward_p3: 1, Reward_e: -1
Episode: 820000,  Step: 10479724, Episode_step: 2,  Reward_p1: 1, Reward_p2: 1, Reward_p3: 1, Reward_e: -1
Episode: 830000,  Step: 10609646, Episode_step: 10,  Reward_p1: 0.99, Reward_p2: 0.99, Reward_p3: 0.99, Reward_e: -1.01
Episode: 840000,  Step: 10744084, Episode_step: 3,  Reward_p1: 1.0, Reward_p2: 1, Reward_p3: 1.0, Reward_e: -1.0
Episode: 850000,  Step: 10878334, Episode_step: 6,  Reward_p1: 1.0, Reward_p2: 1.0, Reward_p3: 1.0, Reward_e: -1.0
Episode: 860000,  Step: 11012533, Episode_step: 19,  Reward_p1: 0.98, Reward_p2: 0.98, Reward_p3: 0.98, Reward_e: -1.02
Episode: 870000,  Step: 11140903, Episode_step: 28,  Reward_p1: 0.98, Reward_p2: 0.98, Reward_p3: 0.97, Reward_e: -1.03
Episode: 880000,  Step: 11269954, Episode_step: 10,  Reward_p1: 0.99, Reward_p2: 0.99, Reward_p3: 0.99, Reward_e: -1.01
Episode: 890000,  Step: 11401193, Episode_step: 46,  Reward_p1: 0.96, Reward_p2: 0.96, Reward_p3: 0.96, Reward_e: -1.04
Episode: 900000,  Step: 11537175, Episode_step: 28,  Reward_p1: 0.97, Reward_p2: 0.97, Reward_p3: 0.97, Reward_e: -1.02
Episode: 910000,  Step: 11670112, Episode_step: 18,  Reward_p1: 0.98, Reward_p2: 0.99, Reward_p3: 0.99, Reward_e: -1.02
Episode: 920000,  Step: 11801920, Episode_step: 6,  Reward_p1: 1.0, Reward_p2: 1.0, Reward_p3: 1.0, Reward_e: -1.0
Episode: 930000,  Step: 11934718, Episode_step: 15,  Reward_p1: 0.99, Reward_p2: 0.99, Reward_p3: 0.99, Reward_e: -1.01
Episode: 940000,  Step: 12066682, Episode_step: 27,  Reward_p1: 0.98, Reward_p2: 0.97, Reward_p3: 0.97, Reward_e: -1.02
Episode: 950000,  Step: 12194812, Episode_step: 17,  Reward_p1: 0.98, Reward_p2: 0.99, Reward_p3: 0.98, Reward_e: -1.01
Episode: 960000,  Step: 12325566, Episode_step: 21,  Reward_p1: 0.98, Reward_p2: 0.98, Reward_p3: 0.98, Reward_e: -1.02
Episode: 970000,  Step: 12454515, Episode_step: 18,  Reward_p1: 0.98, Reward_p2: 0.99, Reward_p3: 0.98, Reward_e: -1.02
Episode: 980000,  Step: 12585214, Episode_step: 22,  Reward_p1: 0.98, Reward_p2: 0.99, Reward_p3: 0.98, Reward_e: -1.02
Episode: 990000,  Step: 12717696, Episode_step: 12,  Reward_p1: 0.99, Reward_p2: 0.99, Reward_p3: 0.99, Reward_e: -1.01
Episode: 1000000,  Step: 12848365, Episode_step: 7,  Reward_p1: 0.99, Reward_p2: 1.0, Reward_p3: 1.0, Reward_e: -1.0
Finish! 50.14 [h]
