cpu
Start!
Episode: 10000,  Step: 131047, Episode_step: 10,  Reward_p1: 0, Reward_p2: 0, Reward_p3: 0, Reward_e: -1
Episode: 20000,  Step: 341050, Episode_step: 2,  Reward_p1: 1, Reward_p2: 1, Reward_p3: 1, Reward_e: -1
Episode: 30000,  Step: 603769, Episode_step: 2,  Reward_p1: 1, Reward_p2: 1, Reward_p3: 1, Reward_e: -1
Episode: 40000,  Step: 1081863, Episode_step: 9,  Reward_p1: 1, Reward_p2: 1, Reward_p3: 1, Reward_e: -1
Episode: 50000,  Step: 1749544, Episode_step: 99,  Reward_p1: 0, Reward_p2: 0, Reward_p3: 0, Reward_e: -1
Episode: 60000,  Step: 2691638, Episode_step: 187,  Reward_p1: 0, Reward_p2: 0, Reward_p3: 0, Reward_e: -1
Episode: 70000,  Step: 3824807, Episode_step: 2,  Reward_p1: 1, Reward_p2: 1, Reward_p3: 1, Reward_e: -1
Episode: 80000,  Step: 4893089, Episode_step: 79,  Reward_p1: 1, Reward_p2: 1, Reward_p3: 1, Reward_e: -1
Episode: 90000,  Step: 6066650, Episode_step: 129,  Reward_p1: 1, Reward_p2: 1, Reward_p3: 1, Reward_e: -1
Episode: 100000,  Step: 7490715, Episode_step: 303,  Reward_p1: 0, Reward_p2: 0, Reward_p3: 0, Reward_e: 0
Episode: 110000,  Step: 8950420, Episode_step: 186,  Reward_p1: 1, Reward_p2: 1, Reward_p3: 1, Reward_e: -1
Episode: 120000,  Step: 10435748, Episode_step: 122,  Reward_p1: 1, Reward_p2: 1, Reward_p3: 1, Reward_e: -1
Episode: 130000,  Step: 11829239, Episode_step: 43,  Reward_p1: 1, Reward_p2: 1, Reward_p3: 1, Reward_e: -1
Episode: 140000,  Step: 13308923, Episode_step: 190,  Reward_p1: 1, Reward_p2: 1, Reward_p3: 1, Reward_e: -1
Episode: 150000,  Step: 14769392, Episode_step: 60,  Reward_p1: 1, Reward_p2: 1, Reward_p3: 1, Reward_e: -1
Episode: 160000,  Step: 16249286, Episode_step: 73,  Reward_p1: 1, Reward_p2: 1, Reward_p3: 1, Reward_e: -1
Episode: 170000,  Step: 17806902, Episode_step: 134,  Reward_p1: 1, Reward_p2: 1, Reward_p3: 1, Reward_e: -1
Episode: 180000,  Step: 19356299, Episode_step: 303,  Reward_p1: 0, Reward_p2: 0, Reward_p3: 0, Reward_e: 0
Episode: 190000,  Step: 21049418, Episode_step: 173,  Reward_p1: 0, Reward_p2: 0, Reward_p3: -1, Reward_e: 0
Episode: 200000,  Step: 22791904, Episode_step: 7,  Reward_p1: 1, Reward_p2: 1, Reward_p3: 1, Reward_e: -1
Episode: 210000,  Step: 24548620, Episode_step: 65,  Reward_p1: 1, Reward_p2: 1, Reward_p3: 1, Reward_e: -1
Episode: 220000,  Step: 26295736, Episode_step: 178,  Reward_p1: 1, Reward_p2: 1, Reward_p3: 1, Reward_e: -1
Episode: 230000,  Step: 28087646, Episode_step: 26,  Reward_p1: 1, Reward_p2: 1, Reward_p3: 1, Reward_e: -1
Episode: 240000,  Step: 29826213, Episode_step: 2,  Reward_p1: 1, Reward_p2: 1, Reward_p3: 1, Reward_e: -1
Episode: 250000,  Step: 31584793, Episode_step: 303,  Reward_p1: 0, Reward_p2: 0, Reward_p3: 0, Reward_e: 0
Episode: 260000,  Step: 33292837, Episode_step: 303,  Reward_p1: 0, Reward_p2: 0, Reward_p3: 0, Reward_e: 0
Episode: 270000,  Step: 34919703, Episode_step: 2,  Reward_p1: 1, Reward_p2: 1, Reward_p3: 1, Reward_e: -1
Episode: 280000,  Step: 36497980, Episode_step: 255,  Reward_p1: 1, Reward_p2: 1, Reward_p3: 1, Reward_e: -1
Episode: 290000,  Step: 38082451, Episode_step: 195,  Reward_p1: 1, Reward_p2: 1, Reward_p3: 1, Reward_e: -1
Episode: 300000,  Step: 39634469, Episode_step: 90,  Reward_p1: 1, Reward_p2: 1, Reward_p3: 1, Reward_e: -1
Episode: 310000,  Step: 41107690, Episode_step: 22,  Reward_p1: 1, Reward_p2: 1, Reward_p3: 1, Reward_e: -1
Episode: 320000,  Step: 42433745, Episode_step: 213,  Reward_p1: 0, Reward_p2: 0, Reward_p3: 0, Reward_e: -1
Episode: 330000,  Step: 43713202, Episode_step: 38,  Reward_p1: 1, Reward_p2: 1, Reward_p3: 1, Reward_e: -1
Episode: 340000,  Step: 44976609, Episode_step: 196,  Reward_p1: 1, Reward_p2: 1, Reward_p3: 1, Reward_e: -1
Episode: 350000,  Step: 46233941, Episode_step: 108,  Reward_p1: 1, Reward_p2: 1, Reward_p3: 1, Reward_e: -1
Episode: 360000,  Step: 47469697, Episode_step: 2,  Reward_p1: 1, Reward_p2: 1, Reward_p3: 1, Reward_e: -1
Episode: 370000,  Step: 48598384, Episode_step: 34,  Reward_p1: 1, Reward_p2: 1, Reward_p3: 1, Reward_e: -1
Episode: 380000,  Step: 49719517, Episode_step: 303,  Reward_p1: 0, Reward_p2: 0, Reward_p3: 0, Reward_e: 0
Episode: 390000,  Step: 50828897, Episode_step: 303,  Reward_p1: 0, Reward_p2: 0, Reward_p3: 0, Reward_e: 0
Episode: 400000,  Step: 51925828, Episode_step: 52,  Reward_p1: 0, Reward_p2: 0, Reward_p3: 0, Reward_e: -1
Episode: 410000,  Step: 52984565, Episode_step: 73,  Reward_p1: 1, Reward_p2: 1, Reward_p3: 1, Reward_e: -1
Episode: 420000,  Step: 54088862, Episode_step: 57,  Reward_p1: 1, Reward_p2: 1, Reward_p3: 1, Reward_e: -1
Episode: 430000,  Step: 55208358, Episode_step: 90,  Reward_p1: 1, Reward_p2: 1, Reward_p3: 1, Reward_e: -1
Episode: 440000,  Step: 56281115, Episode_step: 54,  Reward_p1: 1, Reward_p2: 1, Reward_p3: 1, Reward_e: -1
Episode: 450000,  Step: 57392332, Episode_step: 91,  Reward_p1: 1, Reward_p2: 1, Reward_p3: 1, Reward_e: -1
Episode: 460000,  Step: 58533358, Episode_step: 34,  Reward_p1: 1, Reward_p2: 1, Reward_p3: 1, Reward_e: -1
Episode: 470000,  Step: 59681032, Episode_step: 40,  Reward_p1: 1, Reward_p2: 1, Reward_p3: 1, Reward_e: -1
Episode: 480000,  Step: 60843443, Episode_step: 45,  Reward_p1: 1, Reward_p2: 1, Reward_p3: 1, Reward_e: -1
Episode: 490000,  Step: 61912444, Episode_step: 21,  Reward_p1: 1, Reward_p2: 1, Reward_p3: 1, Reward_e: -1
Episode: 500000,  Step: 62947811, Episode_step: 192,  Reward_p1: 1, Reward_p2: 1, Reward_p3: 1, Reward_e: -1
Episode: 510000,  Step: 64093357, Episode_step: 2,  Reward_p1: 1, Reward_p2: 1, Reward_p3: 1, Reward_e: -1
Episode: 520000,  Step: 65253444, Episode_step: 303,  Reward_p1: 0, Reward_p2: 0, Reward_p3: 0, Reward_e: 0
Episode: 530000,  Step: 66318038, Episode_step: 74,  Reward_p1: 1, Reward_p2: 1, Reward_p3: 1, Reward_e: -1
Episode: 540000,  Step: 67542262, Episode_step: 164,  Reward_p1: 1, Reward_p2: 1, Reward_p3: 1, Reward_e: -1
Episode: 550000,  Step: 68628508, Episode_step: 268,  Reward_p1: 0, Reward_p2: 0, Reward_p3: -1, Reward_e: 0
Episode: 560000,  Step: 69792196, Episode_step: 303,  Reward_p1: 0, Reward_p2: 0, Reward_p3: 0, Reward_e: 0
Episode: 570000,  Step: 70934828, Episode_step: 112,  Reward_p1: 1, Reward_p2: 1, Reward_p3: 1, Reward_e: -1
Episode: 580000,  Step: 72020587, Episode_step: 152,  Reward_p1: 1, Reward_p2: 1, Reward_p3: 1, Reward_e: -1
Episode: 590000,  Step: 73341346, Episode_step: 4,  Reward_p1: 1, Reward_p2: 1, Reward_p3: 1, Reward_e: -1
Episode: 600000,  Step: 74610441, Episode_step: 202,  Reward_p1: 1, Reward_p2: 1, Reward_p3: 1, Reward_e: -1
Episode: 610000,  Step: 75960519, Episode_step: 81,  Reward_p1: 1, Reward_p2: 1, Reward_p3: 1, Reward_e: -1
Episode: 620000,  Step: 77200028, Episode_step: 303,  Reward_p1: 0, Reward_p2: 0, Reward_p3: 0, Reward_e: 0
Episode: 630000,  Step: 78456602, Episode_step: 49,  Reward_p1: 1, Reward_p2: 1, Reward_p3: 1, Reward_e: -1
Episode: 640000,  Step: 79682883, Episode_step: 47,  Reward_p1: 1, Reward_p2: 1, Reward_p3: 1, Reward_e: -1
Episode: 650000,  Step: 80942047, Episode_step: 102,  Reward_p1: 1, Reward_p2: 1, Reward_p3: 1, Reward_e: -1
Episode: 660000,  Step: 82164011, Episode_step: 11,  Reward_p1: 1, Reward_p2: 1, Reward_p3: 1, Reward_e: -1
Episode: 670000,  Step: 83338267, Episode_step: 92,  Reward_p1: 1, Reward_p2: 1, Reward_p3: 1, Reward_e: -1
Episode: 680000,  Step: 84510155, Episode_step: 74,  Reward_p1: 0, Reward_p2: -1, Reward_p3: 0, Reward_e: 0
Episode: 690000,  Step: 85721995, Episode_step: 93,  Reward_p1: 1, Reward_p2: 1, Reward_p3: 1, Reward_e: -1
Episode: 700000,  Step: 86795733, Episode_step: 32,  Reward_p1: 1, Reward_p2: 1, Reward_p3: 1, Reward_e: -1
Episode: 710000,  Step: 88045079, Episode_step: 172,  Reward_p1: 1, Reward_p2: 1, Reward_p3: 1, Reward_e: -1
Episode: 720000,  Step: 89297982, Episode_step: 303,  Reward_p1: 0, Reward_p2: 0, Reward_p3: 0, Reward_e: 0
Episode: 730000,  Step: 90637662, Episode_step: 303,  Reward_p1: 0, Reward_p2: 0, Reward_p3: 0, Reward_e: 0
Episode: 740000,  Step: 91917949, Episode_step: 303,  Reward_p1: 0, Reward_p2: 0, Reward_p3: 0, Reward_e: 0
Episode: 750000,  Step: 93137875, Episode_step: 2,  Reward_p1: 1, Reward_p2: 1, Reward_p3: 1, Reward_e: -1
Episode: 760000,  Step: 94394993, Episode_step: 48,  Reward_p1: 1, Reward_p2: 1, Reward_p3: 1, Reward_e: -1
Episode: 770000,  Step: 95634837, Episode_step: 127,  Reward_p1: 1, Reward_p2: 1, Reward_p3: 1, Reward_e: -1
Episode: 780000,  Step: 96876005, Episode_step: 35,  Reward_p1: 0, Reward_p2: 0, Reward_p3: -1, Reward_e: 0
Episode: 790000,  Step: 98074244, Episode_step: 85,  Reward_p1: 0, Reward_p2: -1, Reward_p3: 0, Reward_e: 0
Episode: 800000,  Step: 99270271, Episode_step: 252,  Reward_p1: 1, Reward_p2: 1, Reward_p3: 1, Reward_e: -1
Episode: 810000,  Step: 100486080, Episode_step: 30,  Reward_p1: 1, Reward_p2: 1, Reward_p3: 1, Reward_e: -1
Episode: 820000,  Step: 101661189, Episode_step: 86,  Reward_p1: 1, Reward_p2: 1, Reward_p3: 1, Reward_e: -1
Episode: 830000,  Step: 102929963, Episode_step: 303,  Reward_p1: 0, Reward_p2: 0, Reward_p3: 0, Reward_e: 0
Episode: 840000,  Step: 104139858, Episode_step: 303,  Reward_p1: 0, Reward_p2: 0, Reward_p3: 0, Reward_e: 0
Episode: 850000,  Step: 105392670, Episode_step: 76,  Reward_p1: 1, Reward_p2: 1, Reward_p3: 1, Reward_e: -1
Episode: 860000,  Step: 106600979, Episode_step: 26,  Reward_p1: 1, Reward_p2: 1, Reward_p3: 1, Reward_e: -1
Episode: 870000,  Step: 107819294, Episode_step: 13,  Reward_p1: 1, Reward_p2: 1, Reward_p3: 1, Reward_e: -1
Episode: 880000,  Step: 109026024, Episode_step: 115,  Reward_p1: 1, Reward_p2: 1, Reward_p3: 1, Reward_e: -1
Episode: 890000,  Step: 110209161, Episode_step: 11,  Reward_p1: 1, Reward_p2: 1, Reward_p3: 1, Reward_e: -1
Episode: 900000,  Step: 111326298, Episode_step: 118,  Reward_p1: 1, Reward_p2: 1, Reward_p3: 1, Reward_e: -1
Episode: 910000,  Step: 112626911, Episode_step: 20,  Reward_p1: 1, Reward_p2: 1, Reward_p3: 1, Reward_e: -1
Episode: 920000,  Step: 113825050, Episode_step: 303,  Reward_p1: 0, Reward_p2: 0, Reward_p3: 0, Reward_e: 0
Episode: 930000,  Step: 115114301, Episode_step: 303,  Reward_p1: 0, Reward_p2: 0, Reward_p3: 0, Reward_e: 0
Episode: 940000,  Step: 116507009, Episode_step: 42,  Reward_p1: -1, Reward_p2: 0, Reward_p3: 0, Reward_e: 0
Episode: 950000,  Step: 117783296, Episode_step: 59,  Reward_p1: 1, Reward_p2: 1, Reward_p3: 1, Reward_e: -1
Episode: 960000,  Step: 119101111, Episode_step: 258,  Reward_p1: 1, Reward_p2: 1, Reward_p3: 1, Reward_e: -1
Episode: 970000,  Step: 120501308, Episode_step: 271,  Reward_p1: 1, Reward_p2: 1, Reward_p3: 1, Reward_e: -1
Episode: 980000,  Step: 121809465, Episode_step: 253,  Reward_p1: 1, Reward_p2: 1, Reward_p3: 1, Reward_e: -1
Episode: 990000,  Step: 123208694, Episode_step: 149,  Reward_p1: 1, Reward_p2: 1, Reward_p3: 1, Reward_e: -1
Episode: 1000000,  Step: 124556673, Episode_step: 184,  Reward_p1: 1, Reward_p2: 1, Reward_p3: 1, Reward_e: -1
Finish! 471.75 [h]
