option = share
required = 2.4
cpu
Start!
Episode: 10000,  Step: 178561, Episode_step: 2,  Reward_p1: 1, Reward_p2: 1, Reward_p3: 1, Reward_e: -1
Episode: 20000,  Step: 350001, Episode_step: 24,  Reward_p1: 0, Reward_p2: 0, Reward_p3: 0, Reward_e: -1
Episode: 30000,  Step: 537494, Episode_step: 9,  Reward_p1: 1, Reward_p2: 1, Reward_p3: 1, Reward_e: -1
Episode: 40000,  Step: 721799, Episode_step: 21,  Reward_p1: 1, Reward_p2: 1, Reward_p3: 1, Reward_e: -1
Episode: 50000,  Step: 904617, Episode_step: 10,  Reward_p1: 0, Reward_p2: 0, Reward_p3: 0, Reward_e: -1
Episode: 60000,  Step: 1098065, Episode_step: 10,  Reward_p1: 0, Reward_p2: 0, Reward_p3: 0, Reward_e: -1
Episode: 70000,  Step: 1313277, Episode_step: 24,  Reward_p1: 1, Reward_p2: 1, Reward_p3: 1, Reward_e: -1
Episode: 80000,  Step: 1551847, Episode_step: 23,  Reward_p1: 0, Reward_p2: 0, Reward_p3: 0, Reward_e: -1
Episode: 90000,  Step: 1817949, Episode_step: 30,  Reward_p1: 0, Reward_p2: 0, Reward_p3: 0, Reward_e: -1
Episode: 100000,  Step: 2105349, Episode_step: 35,  Reward_p1: 1, Reward_p2: 1, Reward_p3: 1, Reward_e: -1
Episode: 110000,  Step: 2399964, Episode_step: 72,  Reward_p1: 1, Reward_p2: 1, Reward_p3: 1, Reward_e: -1
Episode: 120000,  Step: 2711795, Episode_step: 14,  Reward_p1: 0, Reward_p2: 0, Reward_p3: 0, Reward_e: -1
Episode: 130000,  Step: 3079112, Episode_step: 17,  Reward_p1: 0, Reward_p2: 0, Reward_p3: 0, Reward_e: -1
Episode: 140000,  Step: 3446343, Episode_step: 16,  Reward_p1: 1, Reward_p2: 1, Reward_p3: 1, Reward_e: -1
Episode: 150000,  Step: 3822625, Episode_step: 22,  Reward_p1: 1, Reward_p2: 1, Reward_p3: 1, Reward_e: -1
Episode: 160000,  Step: 4247983, Episode_step: 169,  Reward_p1: 0, Reward_p2: 0, Reward_p3: 0, Reward_e: -1
Episode: 170000,  Step: 4665613, Episode_step: 21,  Reward_p1: 0, Reward_p2: 0, Reward_p3: 0, Reward_e: -1
Episode: 180000,  Step: 5096970, Episode_step: 23,  Reward_p1: 0, Reward_p2: 0, Reward_p3: 0, Reward_e: -1
Episode: 190000,  Step: 5531702, Episode_step: 50,  Reward_p1: 1, Reward_p2: 1, Reward_p3: 1, Reward_e: -1
Episode: 200000,  Step: 5988787, Episode_step: 23,  Reward_p1: 0, Reward_p2: -1, Reward_p3: 0, Reward_e: 0
Episode: 210000,  Step: 6453220, Episode_step: 83,  Reward_p1: 0, Reward_p2: 0, Reward_p3: 0, Reward_e: -1
Episode: 220000,  Step: 6929333, Episode_step: 7,  Reward_p1: 1, Reward_p2: 1, Reward_p3: 1, Reward_e: -1
Episode: 230000,  Step: 7434272, Episode_step: 60,  Reward_p1: 1, Reward_p2: 1, Reward_p3: 1, Reward_e: -1
Episode: 240000,  Step: 7963239, Episode_step: 94,  Reward_p1: 1, Reward_p2: 1, Reward_p3: 1, Reward_e: -1
Episode: 250000,  Step: 8454713, Episode_step: 10,  Reward_p1: 1, Reward_p2: 1, Reward_p3: 1, Reward_e: -1
Episode: 260000,  Step: 8950799, Episode_step: 37,  Reward_p1: 0, Reward_p2: 0, Reward_p3: 0, Reward_e: -1
Episode: 270000,  Step: 9463111, Episode_step: 28,  Reward_p1: 1, Reward_p2: 1, Reward_p3: 1, Reward_e: -1
Episode: 280000,  Step: 9969876, Episode_step: 48,  Reward_p1: 1, Reward_p2: 1, Reward_p3: 1, Reward_e: -1
Episode: 290000,  Step: 10463669, Episode_step: 10,  Reward_p1: 1, Reward_p2: 1, Reward_p3: 1, Reward_e: -1
Episode: 300000,  Step: 11006050, Episode_step: 34,  Reward_p1: 1, Reward_p2: 1, Reward_p3: 1, Reward_e: -1
Episode: 310000,  Step: 11559008, Episode_step: 14,  Reward_p1: 1, Reward_p2: 1, Reward_p3: 1, Reward_e: -1
Episode: 320000,  Step: 12070136, Episode_step: 30,  Reward_p1: 1, Reward_p2: 1, Reward_p3: 1, Reward_e: -1
Episode: 330000,  Step: 12594747, Episode_step: 11,  Reward_p1: 1, Reward_p2: 1, Reward_p3: 1, Reward_e: -1
Episode: 340000,  Step: 13128085, Episode_step: 26,  Reward_p1: 1, Reward_p2: 1, Reward_p3: 1, Reward_e: -1
Episode: 350000,  Step: 13674911, Episode_step: 55,  Reward_p1: 1, Reward_p2: 1, Reward_p3: 1, Reward_e: -1
Episode: 360000,  Step: 14211926, Episode_step: 41,  Reward_p1: 1, Reward_p2: 1, Reward_p3: 1, Reward_e: -1
Episode: 370000,  Step: 14770505, Episode_step: 50,  Reward_p1: 1, Reward_p2: 1, Reward_p3: 1, Reward_e: -1
Episode: 380000,  Step: 15317912, Episode_step: 22,  Reward_p1: 1, Reward_p2: 1, Reward_p3: 1, Reward_e: -1
Episode: 390000,  Step: 15861740, Episode_step: 190,  Reward_p1: 0, Reward_p2: 0, Reward_p3: 0, Reward_e: -1
Episode: 400000,  Step: 16392617, Episode_step: 19,  Reward_p1: 0, Reward_p2: 0, Reward_p3: 0, Reward_e: -1
Episode: 410000,  Step: 16932207, Episode_step: 190,  Reward_p1: 1, Reward_p2: 1, Reward_p3: 1, Reward_e: -1
Episode: 420000,  Step: 17477181, Episode_step: 57,  Reward_p1: 0, Reward_p2: 0, Reward_p3: 0, Reward_e: -1
Episode: 430000,  Step: 18029168, Episode_step: 18,  Reward_p1: 1, Reward_p2: 1, Reward_p3: 1, Reward_e: -1
Episode: 440000,  Step: 18580139, Episode_step: 65,  Reward_p1: 1, Reward_p2: 1, Reward_p3: 1, Reward_e: -1
Episode: 450000,  Step: 19153247, Episode_step: 2,  Reward_p1: 1, Reward_p2: 1, Reward_p3: 1, Reward_e: -1
Episode: 460000,  Step: 19697990, Episode_step: 20,  Reward_p1: 1, Reward_p2: 1, Reward_p3: 1, Reward_e: -1
Episode: 470000,  Step: 20227487, Episode_step: 38,  Reward_p1: 1, Reward_p2: 1, Reward_p3: 1, Reward_e: -1
Episode: 480000,  Step: 20763780, Episode_step: 119,  Reward_p1: 1, Reward_p2: 1, Reward_p3: 1, Reward_e: -1
Episode: 490000,  Step: 21305562, Episode_step: 51,  Reward_p1: 1, Reward_p2: 1, Reward_p3: 1, Reward_e: -1
Episode: 500000,  Step: 21853394, Episode_step: 23,  Reward_p1: 1, Reward_p2: 1, Reward_p3: 1, Reward_e: -1
Episode: 510000,  Step: 22384570, Episode_step: 91,  Reward_p1: 1, Reward_p2: 1, Reward_p3: 1, Reward_e: -1
Episode: 520000,  Step: 22917860, Episode_step: 2,  Reward_p1: 1, Reward_p2: 1, Reward_p3: 1, Reward_e: -1
Episode: 530000,  Step: 23473434, Episode_step: 2,  Reward_p1: 1, Reward_p2: 1, Reward_p3: 1, Reward_e: -1
Episode: 540000,  Step: 24003126, Episode_step: 14,  Reward_p1: 1, Reward_p2: 1, Reward_p3: 1, Reward_e: -1
Episode: 550000,  Step: 24524959, Episode_step: 87,  Reward_p1: 1, Reward_p2: 1, Reward_p3: 1, Reward_e: -1
Episode: 560000,  Step: 25077207, Episode_step: 59,  Reward_p1: 1, Reward_p2: 1, Reward_p3: 1, Reward_e: -1
Episode: 570000,  Step: 25621425, Episode_step: 158,  Reward_p1: 1, Reward_p2: 1, Reward_p3: 1, Reward_e: -1
Episode: 580000,  Step: 26176691, Episode_step: 49,  Reward_p1: 1, Reward_p2: 1, Reward_p3: 1, Reward_e: -1
Episode: 590000,  Step: 26694970, Episode_step: 54,  Reward_p1: 1, Reward_p2: 1, Reward_p3: 1, Reward_e: -1
Episode: 600000,  Step: 27200742, Episode_step: 92,  Reward_p1: 1, Reward_p2: 1, Reward_p3: 1, Reward_e: -1
Episode: 610000,  Step: 27731510, Episode_step: 2,  Reward_p1: 1, Reward_p2: 1, Reward_p3: 1, Reward_e: -1
Episode: 620000,  Step: 28241879, Episode_step: 50,  Reward_p1: 0, Reward_p2: 0, Reward_p3: 0, Reward_e: -1
Episode: 630000,  Step: 28774287, Episode_step: 107,  Reward_p1: 0, Reward_p2: 0, Reward_p3: 0, Reward_e: -1
Episode: 640000,  Step: 29289467, Episode_step: 66,  Reward_p1: 1, Reward_p2: 1, Reward_p3: 1, Reward_e: -1
Episode: 650000,  Step: 29793134, Episode_step: 79,  Reward_p1: 1, Reward_p2: 1, Reward_p3: 1, Reward_e: -1
Episode: 660000,  Step: 30356876, Episode_step: 5,  Reward_p1: 1, Reward_p2: 1, Reward_p3: 1, Reward_e: -1
Episode: 670000,  Step: 30916526, Episode_step: 35,  Reward_p1: 0, Reward_p2: 0, Reward_p3: 0, Reward_e: -1
Episode: 680000,  Step: 31450494, Episode_step: 80,  Reward_p1: 1, Reward_p2: 1, Reward_p3: 1, Reward_e: -1
Episode: 690000,  Step: 31972730, Episode_step: 21,  Reward_p1: 0, Reward_p2: 0, Reward_p3: 0, Reward_e: -1
Episode: 700000,  Step: 32520691, Episode_step: 199,  Reward_p1: 1, Reward_p2: 1, Reward_p3: 1, Reward_e: -1
Episode: 710000,  Step: 33053188, Episode_step: 24,  Reward_p1: 1, Reward_p2: 1, Reward_p3: 1, Reward_e: -1
Episode: 720000,  Step: 33585598, Episode_step: 26,  Reward_p1: 1, Reward_p2: 1, Reward_p3: 1, Reward_e: -1
Episode: 730000,  Step: 34121338, Episode_step: 33,  Reward_p1: 1, Reward_p2: 1, Reward_p3: 1, Reward_e: -1
Episode: 740000,  Step: 34646165, Episode_step: 7,  Reward_p1: 1, Reward_p2: 1, Reward_p3: 1, Reward_e: -1
Episode: 750000,  Step: 35171659, Episode_step: 2,  Reward_p1: 1, Reward_p2: 1, Reward_p3: 1, Reward_e: -1
Episode: 760000,  Step: 35689846, Episode_step: 106,  Reward_p1: 1, Reward_p2: 1, Reward_p3: 1, Reward_e: -1
Episode: 770000,  Step: 36209105, Episode_step: 2,  Reward_p1: 1, Reward_p2: 1, Reward_p3: 1, Reward_e: -1
Episode: 780000,  Step: 36723227, Episode_step: 23,  Reward_p1: 1, Reward_p2: 1, Reward_p3: 1, Reward_e: -1
Episode: 790000,  Step: 37229584, Episode_step: 51,  Reward_p1: 1, Reward_p2: 1, Reward_p3: 1, Reward_e: -1
Episode: 800000,  Step: 37744397, Episode_step: 17,  Reward_p1: 1, Reward_p2: 1, Reward_p3: 1, Reward_e: -1
Episode: 810000,  Step: 38254856, Episode_step: 40,  Reward_p1: 1, Reward_p2: 1, Reward_p3: 1, Reward_e: -1
Episode: 820000,  Step: 38771022, Episode_step: 57,  Reward_p1: 1, Reward_p2: 1, Reward_p3: 1, Reward_e: -1
Episode: 830000,  Step: 39278152, Episode_step: 19,  Reward_p1: 1, Reward_p2: 1, Reward_p3: 1, Reward_e: -1
Episode: 840000,  Step: 39800050, Episode_step: 2,  Reward_p1: 1, Reward_p2: 1, Reward_p3: 1, Reward_e: -1
Episode: 850000,  Step: 40339029, Episode_step: 31,  Reward_p1: 1, Reward_p2: 1, Reward_p3: 1, Reward_e: -1
Episode: 860000,  Step: 40871490, Episode_step: 17,  Reward_p1: 1, Reward_p2: 1, Reward_p3: 1, Reward_e: -1
Episode: 870000,  Step: 41371638, Episode_step: 129,  Reward_p1: 1, Reward_p2: 1, Reward_p3: 1, Reward_e: -1
Episode: 880000,  Step: 41903522, Episode_step: 65,  Reward_p1: 1, Reward_p2: 1, Reward_p3: 1, Reward_e: -1
Episode: 890000,  Step: 42434817, Episode_step: 2,  Reward_p1: 1, Reward_p2: 1, Reward_p3: 1, Reward_e: -1
Episode: 900000,  Step: 42953312, Episode_step: 43,  Reward_p1: 1, Reward_p2: 1, Reward_p3: 1, Reward_e: -1
Episode: 910000,  Step: 43475695, Episode_step: 12,  Reward_p1: 1, Reward_p2: 1, Reward_p3: 1, Reward_e: -1
Episode: 920000,  Step: 43999499, Episode_step: 53,  Reward_p1: 1, Reward_p2: 1, Reward_p3: 1, Reward_e: -1
Episode: 930000,  Step: 44508822, Episode_step: 18,  Reward_p1: 1, Reward_p2: 1, Reward_p3: 1, Reward_e: -1
Episode: 940000,  Step: 45017048, Episode_step: 15,  Reward_p1: 0, Reward_p2: 0, Reward_p3: 0, Reward_e: -1
Episode: 950000,  Step: 45533551, Episode_step: 8,  Reward_p1: 1, Reward_p2: 1, Reward_p3: 1, Reward_e: -1
Episode: 960000,  Step: 46049272, Episode_step: 72,  Reward_p1: 1, Reward_p2: 1, Reward_p3: 1, Reward_e: -1
Episode: 970000,  Step: 46559679, Episode_step: 83,  Reward_p1: 0, Reward_p2: 0, Reward_p3: 0, Reward_e: -1
Episode: 980000,  Step: 47065792, Episode_step: 303,  Reward_p1: 0, Reward_p2: 0, Reward_p3: 0, Reward_e: 0
Episode: 990000,  Step: 47574914, Episode_step: 2,  Reward_p1: 1, Reward_p2: 1, Reward_p3: 1, Reward_e: -1
Episode: 1000000,  Step: 48083789, Episode_step: 46,  Reward_p1: 1, Reward_p2: 1, Reward_p3: 1, Reward_e: -1
Finish! 179.8 [h]
