cpu
Start!
Episode: 10000,  Step: 93924, Episode_step: 29,  Reward_p1: 0.97, Reward_p2: 0.97, Reward_p3: 0.97, Reward_e: -1.03
Episode: 20000,  Step: 202336, Episode_step: 2,  Reward_p1: 1, Reward_p2: 1, Reward_p3: 1, Reward_e: -1
Episode: 30000,  Step: 298626, Episode_step: 8,  Reward_p1: 0.99, Reward_p2: 1.0, Reward_p3: 0.99, Reward_e: -1.01
Episode: 40000,  Step: 391588, Episode_step: 13,  Reward_p1: 0.99, Reward_p2: 0.99, Reward_p3: 0.99, Reward_e: -1.01
Episode: 50000,  Step: 486591, Episode_step: 11,  Reward_p1: -0.01, Reward_p2: -0.01, Reward_p3: -0.0, Reward_e: -1.01
Episode: 60000,  Step: 575475, Episode_step: 3,  Reward_p1: 1.0, Reward_p2: 1.0, Reward_p3: 1.0, Reward_e: -1.0
Episode: 70000,  Step: 666448, Episode_step: 5,  Reward_p1: 1.0, Reward_p2: 1.0, Reward_p3: 1.0, Reward_e: -1.0
Episode: 80000,  Step: 756026, Episode_step: 9,  Reward_p1: 0.99, Reward_p2: 0.99, Reward_p3: 0.99, Reward_e: -1.01
Episode: 90000,  Step: 846701, Episode_step: 14,  Reward_p1: -0.01, Reward_p2: -0.01, Reward_p3: -0.01, Reward_e: -1.01
Episode: 100000,  Step: 938693, Episode_step: 7,  Reward_p1: 0.99, Reward_p2: 0.99, Reward_p3: 0.99, Reward_e: -1.0
Episode: 110000,  Step: 1031358, Episode_step: 14,  Reward_p1: 0.99, Reward_p2: 0.99, Reward_p3: 0.99, Reward_e: -1.01
Episode: 120000,  Step: 1122273, Episode_step: 12,  Reward_p1: -0.01, Reward_p2: -0.01, Reward_p3: -0.01, Reward_e: -1.01
Episode: 130000,  Step: 1214358, Episode_step: 5,  Reward_p1: 1.0, Reward_p2: 1.0, Reward_p3: 1.0, Reward_e: -1.0
Episode: 140000,  Step: 1307454, Episode_step: 8,  Reward_p1: 0.99, Reward_p2: 1.0, Reward_p3: 0.99, Reward_e: -1.01
Episode: 150000,  Step: 1398297, Episode_step: 8,  Reward_p1: 0.99, Reward_p2: 0.99, Reward_p3: 0.99, Reward_e: -1.01
Episode: 160000,  Step: 1494998, Episode_step: 23,  Reward_p1: -0.02, Reward_p2: -1.02, Reward_p3: -0.02, Reward_e: -0.02
Episode: 170000,  Step: 1587328, Episode_step: 7,  Reward_p1: 0.99, Reward_p2: 0.99, Reward_p3: 0.99, Reward_e: -1.0
Episode: 180000,  Step: 1680609, Episode_step: 16,  Reward_p1: -0.01, Reward_p2: -0.02, Reward_p3: -0.02, Reward_e: -1.01
Episode: 190000,  Step: 1773118, Episode_step: 6,  Reward_p1: 1.0, Reward_p2: 1.0, Reward_p3: 1.0, Reward_e: -1.0
Episode: 200000,  Step: 1865210, Episode_step: 4,  Reward_p1: 1.0, Reward_p2: 1.0, Reward_p3: 1.0, Reward_e: -1.0
Episode: 210000,  Step: 1960084, Episode_step: 2,  Reward_p1: 1, Reward_p2: 1, Reward_p3: 1, Reward_e: -1
Episode: 220000,  Step: 2054503, Episode_step: 7,  Reward_p1: 0.99, Reward_p2: 0.99, Reward_p3: 0.99, Reward_e: -1.0
Episode: 230000,  Step: 2146607, Episode_step: 13,  Reward_p1: 0.99, Reward_p2: 0.99, Reward_p3: 0.99, Reward_e: -1.01
Episode: 240000,  Step: 2240155, Episode_step: 8,  Reward_p1: 0.99, Reward_p2: 0.99, Reward_p3: 0.99, Reward_e: -1.01
Episode: 250000,  Step: 2333347, Episode_step: 19,  Reward_p1: 0.98, Reward_p2: 0.98, Reward_p3: 0.98, Reward_e: -1.01
Episode: 260000,  Step: 2426031, Episode_step: 18,  Reward_p1: 1.0, Reward_p2: 0.98, Reward_p3: 0.98, Reward_e: -1.02
Episode: 270000,  Step: 2517930, Episode_step: 13,  Reward_p1: 0.99, Reward_p2: 0.99, Reward_p3: 0.99, Reward_e: -1.01
Episode: 280000,  Step: 2611917, Episode_step: 2,  Reward_p1: 1, Reward_p2: 1, Reward_p3: 1, Reward_e: -1
Episode: 290000,  Step: 2705495, Episode_step: 9,  Reward_p1: 0.99, Reward_p2: 0.99, Reward_p3: 0.99, Reward_e: -1.01
Episode: 300000,  Step: 2800071, Episode_step: 5,  Reward_p1: 1.0, Reward_p2: 1.0, Reward_p3: 1.0, Reward_e: -1.0
Episode: 310000,  Step: 2894806, Episode_step: 23,  Reward_p1: 0.98, Reward_p2: 0.99, Reward_p3: 0.98, Reward_e: -1.02
Episode: 320000,  Step: 2989869, Episode_step: 13,  Reward_p1: 0.99, Reward_p2: 0.99, Reward_p3: 0.99, Reward_e: -1.01
Episode: 330000,  Step: 3084385, Episode_step: 11,  Reward_p1: 0.99, Reward_p2: 0.99, Reward_p3: 0.99, Reward_e: -1.01
Episode: 340000,  Step: 3179109, Episode_step: 16,  Reward_p1: 0.99, Reward_p2: 0.99, Reward_p3: 0.99, Reward_e: -1.01
Episode: 350000,  Step: 3275068, Episode_step: 16,  Reward_p1: -1.01, Reward_p2: -0.01, Reward_p3: -0.02, Reward_e: -1.01
Episode: 360000,  Step: 3372095, Episode_step: 15,  Reward_p1: 0.99, Reward_p2: 1.0, Reward_p3: 0.99, Reward_e: -1.01
Episode: 370000,  Step: 3467571, Episode_step: 14,  Reward_p1: 0.99, Reward_p2: 0.99, Reward_p3: 0.99, Reward_e: -1.01
Episode: 380000,  Step: 3562273, Episode_step: 2,  Reward_p1: 1, Reward_p2: 1, Reward_p3: 1, Reward_e: -1
Episode: 390000,  Step: 3657883, Episode_step: 10,  Reward_p1: 0.99, Reward_p2: 0.99, Reward_p3: 0.99, Reward_e: -1.01
Episode: 400000,  Step: 3755179, Episode_step: 11,  Reward_p1: 0.99, Reward_p2: 0.99, Reward_p3: 0.99, Reward_e: -1.01
Episode: 410000,  Step: 3852619, Episode_step: 15,  Reward_p1: -0.01, Reward_p2: -0.01, Reward_p3: -0.01, Reward_e: -1.01
Episode: 420000,  Step: 3947930, Episode_step: 6,  Reward_p1: 1.0, Reward_p2: 1.0, Reward_p3: 1.0, Reward_e: -1.0
Episode: 430000,  Step: 4043571, Episode_step: 2,  Reward_p1: 1, Reward_p2: 1, Reward_p3: 1, Reward_e: -1
Episode: 440000,  Step: 4138645, Episode_step: 2,  Reward_p1: 1, Reward_p2: 1, Reward_p3: 1, Reward_e: -1
Episode: 450000,  Step: 4235278, Episode_step: 16,  Reward_p1: 0.99, Reward_p2: 0.99, Reward_p3: 0.99, Reward_e: -1.01
Episode: 460000,  Step: 4332672, Episode_step: 9,  Reward_p1: 0.99, Reward_p2: 0.99, Reward_p3: 0.99, Reward_e: -1.01
Episode: 470000,  Step: 4430121, Episode_step: 7,  Reward_p1: 0.99, Reward_p2: 0.99, Reward_p3: 1.0, Reward_e: -1.0
Episode: 480000,  Step: 4527236, Episode_step: 8,  Reward_p1: 0.99, Reward_p2: 0.99, Reward_p3: 0.99, Reward_e: -1.01
Episode: 490000,  Step: 4624659, Episode_step: 5,  Reward_p1: 1.0, Reward_p2: 1.0, Reward_p3: 1.0, Reward_e: -1.0
Episode: 500000,  Step: 4719035, Episode_step: 9,  Reward_p1: 1.0, Reward_p2: 0.99, Reward_p3: 0.99, Reward_e: -1.01
Episode: 510000,  Step: 4814839, Episode_step: 7,  Reward_p1: 0.99, Reward_p2: 0.99, Reward_p3: 0.99, Reward_e: -1.0
Episode: 520000,  Step: 4910716, Episode_step: 3,  Reward_p1: 1.0, Reward_p2: 1.0, Reward_p3: 1.0, Reward_e: -1.0
Episode: 530000,  Step: 5005854, Episode_step: 7,  Reward_p1: 0.99, Reward_p2: 0.99, Reward_p3: 0.99, Reward_e: -1.0
Episode: 540000,  Step: 5102091, Episode_step: 5,  Reward_p1: 1.0, Reward_p2: 1.0, Reward_p3: 1.0, Reward_e: -1.0
Episode: 550000,  Step: 5197356, Episode_step: 2,  Reward_p1: 1, Reward_p2: 1, Reward_p3: 1, Reward_e: -1
Episode: 560000,  Step: 5294849, Episode_step: 14,  Reward_p1: 0.99, Reward_p2: 0.99, Reward_p3: 0.99, Reward_e: -1.01
Episode: 570000,  Step: 5391007, Episode_step: 6,  Reward_p1: 1.0, Reward_p2: 1.0, Reward_p3: 1.0, Reward_e: -1.0
Episode: 580000,  Step: 5488190, Episode_step: 23,  Reward_p1: 0.98, Reward_p2: 0.98, Reward_p3: 0.98, Reward_e: -1.02
Episode: 590000,  Step: 5583537, Episode_step: 4,  Reward_p1: 1.0, Reward_p2: 1.0, Reward_p3: 1.0, Reward_e: -1.0
Episode: 600000,  Step: 5682496, Episode_step: 15,  Reward_p1: -0.01, Reward_p2: -1.01, Reward_p3: -0.01, Reward_e: -1.01
Episode: 610000,  Step: 5778599, Episode_step: 2,  Reward_p1: 1, Reward_p2: 1, Reward_p3: 1, Reward_e: -1
Episode: 620000,  Step: 5875129, Episode_step: 4,  Reward_p1: 1.0, Reward_p2: 1.0, Reward_p3: 1.0, Reward_e: -1.0
Episode: 630000,  Step: 5972799, Episode_step: 6,  Reward_p1: 1.0, Reward_p2: 1.0, Reward_p3: 1.0, Reward_e: -1.0
Episode: 640000,  Step: 6068645, Episode_step: 2,  Reward_p1: 1, Reward_p2: 1, Reward_p3: 1, Reward_e: -1
Episode: 650000,  Step: 6165067, Episode_step: 5,  Reward_p1: 1.0, Reward_p2: 1.0, Reward_p3: 1.0, Reward_e: -1.0
Episode: 660000,  Step: 6261474, Episode_step: 14,  Reward_p1: 0.99, Reward_p2: 0.99, Reward_p3: 0.99, Reward_e: -1.01
Episode: 670000,  Step: 6356818, Episode_step: 14,  Reward_p1: 0.99, Reward_p2: 0.99, Reward_p3: 0.99, Reward_e: -1.01
Episode: 680000,  Step: 6453698, Episode_step: 3,  Reward_p1: 1.0, Reward_p2: 1.0, Reward_p3: 1.0, Reward_e: -1.0
Episode: 690000,  Step: 6549427, Episode_step: 6,  Reward_p1: 1.0, Reward_p2: 1.0, Reward_p3: 1.0, Reward_e: -1.0
Episode: 700000,  Step: 6647399, Episode_step: 16,  Reward_p1: 0.99, Reward_p2: 0.99, Reward_p3: 0.99, Reward_e: -1.01
Episode: 710000,  Step: 6743365, Episode_step: 16,  Reward_p1: 0.99, Reward_p2: 0.99, Reward_p3: 0.99, Reward_e: -1.01
Episode: 720000,  Step: 6839157, Episode_step: 2,  Reward_p1: 1, Reward_p2: 1, Reward_p3: 1, Reward_e: -1
Episode: 730000,  Step: 6934684, Episode_step: 8,  Reward_p1: 0.99, Reward_p2: 1.0, Reward_p3: 0.99, Reward_e: -1.01
Episode: 740000,  Step: 7029460, Episode_step: 2,  Reward_p1: 1, Reward_p2: 1, Reward_p3: 1, Reward_e: -1
Episode: 750000,  Step: 7127693, Episode_step: 14,  Reward_p1: 0.99, Reward_p2: 0.99, Reward_p3: 0.99, Reward_e: -1.01
Episode: 760000,  Step: 7223522, Episode_step: 6,  Reward_p1: 1.0, Reward_p2: 1.0, Reward_p3: 1.0, Reward_e: -1.0
Episode: 770000,  Step: 7319934, Episode_step: 12,  Reward_p1: 0.99, Reward_p2: 0.99, Reward_p3: 0.99, Reward_e: -1.01
Episode: 780000,  Step: 7418131, Episode_step: 2,  Reward_p1: 1, Reward_p2: 1, Reward_p3: 1, Reward_e: -1
Episode: 790000,  Step: 7513083, Episode_step: 5,  Reward_p1: 1.0, Reward_p2: 1.0, Reward_p3: 1.0, Reward_e: -1.0
Episode: 800000,  Step: 7608225, Episode_step: 13,  Reward_p1: 0.99, Reward_p2: 1.0, Reward_p3: 0.99, Reward_e: -1.01
Episode: 810000,  Step: 7703463, Episode_step: 6,  Reward_p1: 1.0, Reward_p2: 1.0, Reward_p3: 1.0, Reward_e: -1.0
Episode: 820000,  Step: 7800238, Episode_step: 17,  Reward_p1: 0.98, Reward_p2: 0.99, Reward_p3: 0.98, Reward_e: -1.01
Episode: 830000,  Step: 7896167, Episode_step: 13,  Reward_p1: 0.99, Reward_p2: 0.99, Reward_p3: 0.99, Reward_e: -1.01
Episode: 840000,  Step: 7992194, Episode_step: 3,  Reward_p1: 1.0, Reward_p2: 1, Reward_p3: 1.0, Reward_e: -1.0
Episode: 850000,  Step: 8088659, Episode_step: 13,  Reward_p1: 0.99, Reward_p2: 0.99, Reward_p3: 0.99, Reward_e: -1.01
Episode: 860000,  Step: 8185922, Episode_step: 12,  Reward_p1: 0.99, Reward_p2: 1.0, Reward_p3: 0.99, Reward_e: -1.01
Episode: 870000,  Step: 8281104, Episode_step: 15,  Reward_p1: 0.99, Reward_p2: 0.99, Reward_p3: 0.99, Reward_e: -1.01
Episode: 880000,  Step: 8377620, Episode_step: 16,  Reward_p1: 0.99, Reward_p2: 0.99, Reward_p3: 0.99, Reward_e: -1.01
Episode: 890000,  Step: 8472772, Episode_step: 15,  Reward_p1: 0.99, Reward_p2: 0.99, Reward_p3: 0.99, Reward_e: -1.01
Episode: 900000,  Step: 8568972, Episode_step: 2,  Reward_p1: 1, Reward_p2: 1, Reward_p3: 1, Reward_e: -1
Episode: 910000,  Step: 8664618, Episode_step: 11,  Reward_p1: 0.99, Reward_p2: 0.99, Reward_p3: 0.99, Reward_e: -1.01
Episode: 920000,  Step: 8760265, Episode_step: 24,  Reward_p1: -1.02, Reward_p2: -0.01, Reward_p3: -0.02, Reward_e: -0.02
Episode: 930000,  Step: 8855561, Episode_step: 11,  Reward_p1: -0.01, Reward_p2: -0.01, Reward_p3: -0.01, Reward_e: -1.01
Episode: 940000,  Step: 8950557, Episode_step: 9,  Reward_p1: -0.01, Reward_p2: -0.01, Reward_p3: -0.01, Reward_e: -1.01
Episode: 950000,  Step: 9047440, Episode_step: 2,  Reward_p1: 1, Reward_p2: 1, Reward_p3: 1, Reward_e: -1
Episode: 960000,  Step: 9142249, Episode_step: 16,  Reward_p1: 0.99, Reward_p2: 0.99, Reward_p3: 0.99, Reward_e: -1.01
Episode: 970000,  Step: 9237552, Episode_step: 5,  Reward_p1: 1.0, Reward_p2: 1, Reward_p3: 1.0, Reward_e: -1.0
Episode: 980000,  Step: 9333432, Episode_step: 14,  Reward_p1: 0.99, Reward_p2: 0.99, Reward_p3: 0.99, Reward_e: -1.01
Episode: 990000,  Step: 9428783, Episode_step: 8,  Reward_p1: 0.99, Reward_p2: 1.0, Reward_p3: 0.99, Reward_e: -1.01
Episode: 1000000,  Step: 9523598, Episode_step: 14,  Reward_p1: 0.99, Reward_p2: 0.99, Reward_p3: 0.99, Reward_e: -1.01
Finish! 38.65 [h]
