option = indiv
required = 2.4
cpu
Start!
Episode: 10000,  Step: 156993, Episode_step: 21,  Reward_p1: 0, Reward_p2: 0, Reward_p3: 1, Reward_e: -1
Episode: 20000,  Step: 301208, Episode_step: 15,  Reward_p1: 0, Reward_p2: 0, Reward_p3: 0, Reward_e: -1
Episode: 30000,  Step: 440510, Episode_step: 2,  Reward_p1: 1, Reward_p2: 0, Reward_p3: 0, Reward_e: -1
Episode: 40000,  Step: 583569, Episode_step: 14,  Reward_p1: 0, Reward_p2: 0, Reward_p3: 0, Reward_e: -1
Episode: 50000,  Step: 742228, Episode_step: 14,  Reward_p1: 0, Reward_p2: 0, Reward_p3: 0, Reward_e: -1
Episode: 60000,  Step: 912216, Episode_step: 17,  Reward_p1: 0, Reward_p2: -1, Reward_p3: 0, Reward_e: 0
Episode: 70000,  Step: 1097853, Episode_step: 41,  Reward_p1: 0, Reward_p2: 0, Reward_p3: 0, Reward_e: -1
Episode: 80000,  Step: 1318985, Episode_step: 2,  Reward_p1: 0, Reward_p2: 1, Reward_p3: 0, Reward_e: -1
Episode: 90000,  Step: 1560875, Episode_step: 17,  Reward_p1: 0, Reward_p2: 1, Reward_p3: 0, Reward_e: -1
Episode: 100000,  Step: 1790769, Episode_step: 9,  Reward_p1: 1, Reward_p2: 0, Reward_p3: 0, Reward_e: -1
Episode: 110000,  Step: 2052756, Episode_step: 31,  Reward_p1: 0, Reward_p2: 1, Reward_p3: 0, Reward_e: -1
Episode: 120000,  Step: 2318610, Episode_step: 2,  Reward_p1: 1, Reward_p2: 0, Reward_p3: 1, Reward_e: -1
Episode: 130000,  Step: 2610708, Episode_step: 31,  Reward_p1: 0, Reward_p2: 0, Reward_p3: 0, Reward_e: -1
Episode: 140000,  Step: 2910914, Episode_step: 137,  Reward_p1: 1, Reward_p2: 0, Reward_p3: 0, Reward_e: -1
Episode: 150000,  Step: 3222985, Episode_step: 26,  Reward_p1: 0, Reward_p2: 0, Reward_p3: 0, Reward_e: -1
Episode: 160000,  Step: 3544820, Episode_step: 8,  Reward_p1: 1, Reward_p2: 0, Reward_p3: 0, Reward_e: -1
Episode: 170000,  Step: 3889973, Episode_step: 29,  Reward_p1: 0, Reward_p2: 0, Reward_p3: 0, Reward_e: -1
Episode: 180000,  Step: 4227522, Episode_step: 22,  Reward_p1: 0, Reward_p2: 0, Reward_p3: 1, Reward_e: -1
Episode: 190000,  Step: 4553849, Episode_step: 27,  Reward_p1: -1, Reward_p2: 0, Reward_p3: 0, Reward_e: 0
Episode: 200000,  Step: 4890570, Episode_step: 39,  Reward_p1: 0, Reward_p2: 1, Reward_p3: 0, Reward_e: -1
Episode: 210000,  Step: 5203277, Episode_step: 19,  Reward_p1: 0, Reward_p2: 1, Reward_p3: 0, Reward_e: -1
Episode: 220000,  Step: 5507326, Episode_step: 102,  Reward_p1: 0, Reward_p2: 1, Reward_p3: 0, Reward_e: -1
Episode: 230000,  Step: 5816303, Episode_step: 163,  Reward_p1: 0, Reward_p2: 0, Reward_p3: 1, Reward_e: -1
Episode: 240000,  Step: 6119330, Episode_step: 5,  Reward_p1: 1, Reward_p2: 0, Reward_p3: 0, Reward_e: -1
Episode: 250000,  Step: 6438309, Episode_step: 20,  Reward_p1: 0, Reward_p2: 0, Reward_p3: 0, Reward_e: -1
Episode: 260000,  Step: 6750142, Episode_step: 5,  Reward_p1: 0, Reward_p2: 0, Reward_p3: 1, Reward_e: -1
Episode: 270000,  Step: 7075656, Episode_step: 51,  Reward_p1: 1, Reward_p2: 0, Reward_p3: 0, Reward_e: -1
Episode: 280000,  Step: 7416035, Episode_step: 62,  Reward_p1: 0, Reward_p2: 0, Reward_p3: 0, Reward_e: -1
Episode: 290000,  Step: 7741240, Episode_step: 31,  Reward_p1: 0, Reward_p2: 0, Reward_p3: 0, Reward_e: -1
Episode: 300000,  Step: 8064763, Episode_step: 2,  Reward_p1: 0, Reward_p2: 0, Reward_p3: 1, Reward_e: -1
Episode: 310000,  Step: 8386599, Episode_step: 24,  Reward_p1: 0, Reward_p2: 0, Reward_p3: 1, Reward_e: -1
Episode: 320000,  Step: 8701531, Episode_step: 54,  Reward_p1: 0, Reward_p2: 0, Reward_p3: 1, Reward_e: -1
Episode: 330000,  Step: 9027688, Episode_step: 28,  Reward_p1: 1, Reward_p2: 0, Reward_p3: 0, Reward_e: -1
Episode: 340000,  Step: 9363872, Episode_step: 14,  Reward_p1: 0, Reward_p2: 0, Reward_p3: 1, Reward_e: -1
Episode: 350000,  Step: 9679662, Episode_step: 73,  Reward_p1: 0, Reward_p2: 0, Reward_p3: 0, Reward_e: -1
Episode: 360000,  Step: 10001137, Episode_step: 59,  Reward_p1: 0, Reward_p2: 1, Reward_p3: 0, Reward_e: -1
Episode: 370000,  Step: 10325756, Episode_step: 57,  Reward_p1: 0, Reward_p2: 1, Reward_p3: 0, Reward_e: -1
Episode: 380000,  Step: 10649401, Episode_step: 18,  Reward_p1: 0, Reward_p2: 1, Reward_p3: 0, Reward_e: -1
Episode: 390000,  Step: 10974330, Episode_step: 11,  Reward_p1: 0, Reward_p2: 1, Reward_p3: 0, Reward_e: -1
Episode: 400000,  Step: 11319066, Episode_step: 26,  Reward_p1: 0, Reward_p2: 0, Reward_p3: 1, Reward_e: -1
Episode: 410000,  Step: 11648756, Episode_step: 26,  Reward_p1: 0, Reward_p2: 1, Reward_p3: 0, Reward_e: -1
Episode: 420000,  Step: 12001351, Episode_step: 34,  Reward_p1: 1, Reward_p2: 0, Reward_p3: 0, Reward_e: -1
Episode: 430000,  Step: 12351087, Episode_step: 32,  Reward_p1: 0, Reward_p2: 0, Reward_p3: 1, Reward_e: -1
Episode: 440000,  Step: 12673335, Episode_step: 73,  Reward_p1: 1, Reward_p2: 1, Reward_p3: 0, Reward_e: -1
Episode: 450000,  Step: 13010245, Episode_step: 270,  Reward_p1: 1, Reward_p2: 0, Reward_p3: 0, Reward_e: -1
Episode: 460000,  Step: 13353484, Episode_step: 8,  Reward_p1: 1, Reward_p2: 0, Reward_p3: 0, Reward_e: -1
Episode: 470000,  Step: 13699200, Episode_step: 7,  Reward_p1: 1, Reward_p2: 0, Reward_p3: 0, Reward_e: -1
Episode: 480000,  Step: 14018409, Episode_step: 2,  Reward_p1: 0, Reward_p2: 0, Reward_p3: 1, Reward_e: -1
Episode: 490000,  Step: 14340417, Episode_step: 18,  Reward_p1: 0, Reward_p2: 1, Reward_p3: 0, Reward_e: -1
Episode: 500000,  Step: 14668940, Episode_step: 16,  Reward_p1: 0, Reward_p2: 0, Reward_p3: 1, Reward_e: -1
Episode: 510000,  Step: 14999680, Episode_step: 50,  Reward_p1: 1, Reward_p2: 0, Reward_p3: 0, Reward_e: -1
Episode: 520000,  Step: 15330511, Episode_step: 28,  Reward_p1: 1, Reward_p2: 0, Reward_p3: 0, Reward_e: -1
Episode: 530000,  Step: 15652707, Episode_step: 27,  Reward_p1: 0, Reward_p2: 0, Reward_p3: 0, Reward_e: -1
Episode: 540000,  Step: 15981207, Episode_step: 24,  Reward_p1: 1, Reward_p2: 0, Reward_p3: 0, Reward_e: -1
Episode: 550000,  Step: 16306211, Episode_step: 21,  Reward_p1: 0, Reward_p2: 1, Reward_p3: 0, Reward_e: -1
Episode: 560000,  Step: 16641851, Episode_step: 30,  Reward_p1: 1, Reward_p2: 0, Reward_p3: 0, Reward_e: -1
Episode: 570000,  Step: 16979256, Episode_step: 13,  Reward_p1: 1, Reward_p2: 0, Reward_p3: 0, Reward_e: -1
Episode: 580000,  Step: 17300196, Episode_step: 37,  Reward_p1: 1, Reward_p2: 1, Reward_p3: 0, Reward_e: -1
Episode: 590000,  Step: 17631317, Episode_step: 5,  Reward_p1: 0, Reward_p2: 1, Reward_p3: 0, Reward_e: -1
Episode: 600000,  Step: 17971103, Episode_step: 2,  Reward_p1: 0, Reward_p2: 1, Reward_p3: 0, Reward_e: -1
Episode: 610000,  Step: 18304923, Episode_step: 2,  Reward_p1: 0, Reward_p2: 0, Reward_p3: 1, Reward_e: -1
Episode: 620000,  Step: 18628150, Episode_step: 10,  Reward_p1: 0, Reward_p2: 1, Reward_p3: 0, Reward_e: -1
Episode: 630000,  Step: 18951632, Episode_step: 24,  Reward_p1: 1, Reward_p2: 0, Reward_p3: 0, Reward_e: -1
Episode: 640000,  Step: 19281460, Episode_step: 30,  Reward_p1: 1, Reward_p2: 0, Reward_p3: 0, Reward_e: -1
Episode: 650000,  Step: 19612967, Episode_step: 2,  Reward_p1: 0, Reward_p2: 1, Reward_p3: 0, Reward_e: -1
Episode: 660000,  Step: 19931347, Episode_step: 49,  Reward_p1: 1, Reward_p2: 0, Reward_p3: 0, Reward_e: -1
Episode: 670000,  Step: 20266409, Episode_step: 2,  Reward_p1: 0, Reward_p2: 1, Reward_p3: 0, Reward_e: -1
Episode: 680000,  Step: 20587101, Episode_step: 7,  Reward_p1: 1, Reward_p2: 0, Reward_p3: 0, Reward_e: -1
Episode: 690000,  Step: 20907786, Episode_step: 2,  Reward_p1: 0, Reward_p2: 0, Reward_p3: 1, Reward_e: -1
Episode: 700000,  Step: 21231310, Episode_step: 14,  Reward_p1: 0, Reward_p2: 0, Reward_p3: 1, Reward_e: -1
Episode: 710000,  Step: 21557115, Episode_step: 24,  Reward_p1: 0, Reward_p2: 0, Reward_p3: 0, Reward_e: -1
Episode: 720000,  Step: 21892934, Episode_step: 8,  Reward_p1: 0, Reward_p2: 1, Reward_p3: 0, Reward_e: -1
Episode: 730000,  Step: 22220871, Episode_step: 24,  Reward_p1: 0, Reward_p2: 1, Reward_p3: 0, Reward_e: -1
Episode: 740000,  Step: 22545387, Episode_step: 16,  Reward_p1: 1, Reward_p2: 0, Reward_p3: 0, Reward_e: -1
Episode: 750000,  Step: 22868095, Episode_step: 21,  Reward_p1: 1, Reward_p2: 0, Reward_p3: 0, Reward_e: -1
Episode: 760000,  Step: 23202307, Episode_step: 20,  Reward_p1: 0, Reward_p2: 0, Reward_p3: 1, Reward_e: -1
Episode: 770000,  Step: 23530736, Episode_step: 22,  Reward_p1: 0, Reward_p2: 1, Reward_p3: 0, Reward_e: -1
Episode: 780000,  Step: 23851838, Episode_step: 22,  Reward_p1: 0, Reward_p2: 0, Reward_p3: 0, Reward_e: -1
Episode: 790000,  Step: 24182415, Episode_step: 73,  Reward_p1: 0, Reward_p2: 1, Reward_p3: 0, Reward_e: -1
Episode: 800000,  Step: 24513853, Episode_step: 70,  Reward_p1: 0, Reward_p2: 1, Reward_p3: 0, Reward_e: -1
Episode: 810000,  Step: 24836665, Episode_step: 44,  Reward_p1: 0, Reward_p2: 0, Reward_p3: 0, Reward_e: -1
Episode: 820000,  Step: 25159285, Episode_step: 2,  Reward_p1: 0, Reward_p2: 1, Reward_p3: 0, Reward_e: -1
Episode: 830000,  Step: 25489446, Episode_step: 28,  Reward_p1: 1, Reward_p2: 0, Reward_p3: 0, Reward_e: -1
Episode: 840000,  Step: 25818108, Episode_step: 129,  Reward_p1: 0, Reward_p2: 1, Reward_p3: 0, Reward_e: -1
Episode: 850000,  Step: 26158962, Episode_step: 30,  Reward_p1: 0, Reward_p2: 0, Reward_p3: 1, Reward_e: -1
Episode: 860000,  Step: 26489234, Episode_step: 20,  Reward_p1: 0, Reward_p2: 0, Reward_p3: 1, Reward_e: -1
Episode: 870000,  Step: 26805310, Episode_step: 17,  Reward_p1: 0, Reward_p2: 0, Reward_p3: 0, Reward_e: -1
Episode: 880000,  Step: 27146753, Episode_step: 31,  Reward_p1: 0, Reward_p2: 1, Reward_p3: 0, Reward_e: -1
Episode: 890000,  Step: 27493463, Episode_step: 19,  Reward_p1: 0, Reward_p2: 1, Reward_p3: 0, Reward_e: -1
Episode: 900000,  Step: 27832587, Episode_step: 5,  Reward_p1: 0, Reward_p2: 0, Reward_p3: 1, Reward_e: -1
Episode: 910000,  Step: 28161353, Episode_step: 13,  Reward_p1: 0, Reward_p2: 0, Reward_p3: 1, Reward_e: -1
Episode: 920000,  Step: 28509795, Episode_step: 47,  Reward_p1: 1, Reward_p2: 0, Reward_p3: 0, Reward_e: -1
Episode: 930000,  Step: 28855878, Episode_step: 23,  Reward_p1: 0, Reward_p2: 0, Reward_p3: 1, Reward_e: -1
Episode: 940000,  Step: 29200961, Episode_step: 20,  Reward_p1: 0, Reward_p2: 0, Reward_p3: 0, Reward_e: -1
Episode: 950000,  Step: 29550179, Episode_step: 57,  Reward_p1: 0, Reward_p2: 0, Reward_p3: 0, Reward_e: -1
Episode: 960000,  Step: 29890274, Episode_step: 13,  Reward_p1: 0, Reward_p2: 1, Reward_p3: 0, Reward_e: -1
Episode: 970000,  Step: 30228568, Episode_step: 14,  Reward_p1: 0, Reward_p2: 1, Reward_p3: 0, Reward_e: -1
Episode: 980000,  Step: 30560652, Episode_step: 45,  Reward_p1: 0, Reward_p2: 0, Reward_p3: 1, Reward_e: -1
Episode: 990000,  Step: 30882883, Episode_step: 72,  Reward_p1: 1, Reward_p2: 0, Reward_p3: 0, Reward_e: -1
Episode: 1000000,  Step: 31214507, Episode_step: 24,  Reward_p1: 0, Reward_p2: 1, Reward_p3: 0, Reward_e: -1
Finish! 119.66 [h]
