cpu
Start!
Episode: 10000,  Step: 150359, Episode_step: 8,  Reward_p: 0.994, Reward_e: -1.006
Episode: 20000,  Step: 319517, Episode_step: 11,  Reward_p: -0.001, Reward_e: -1.009
Episode: 30000,  Step: 472694, Episode_step: 7,  Reward_p: 0.995, Reward_e: -1.005
Episode: 40000,  Step: 650573, Episode_step: 3,  Reward_p: 0.999, Reward_e: -1.001
Episode: 50000,  Step: 829334, Episode_step: 19,  Reward_p: -0.01800000000000001, Reward_e: -1.017
Episode: 60000,  Step: 1003025, Episode_step: 4,  Reward_p: 0.998, Reward_e: -1.002
Episode: 70000,  Step: 1162300, Episode_step: 24,  Reward_p: 0.979, Reward_e: -1.02
Episode: 80000,  Step: 1312521, Episode_step: 34,  Reward_p: 0.968, Reward_e: -1.032
Episode: 90000,  Step: 1460774, Episode_step: 20,  Reward_p: 0.982, Reward_e: -1.018
Episode: 100000,  Step: 1597430, Episode_step: 20,  Reward_p: 0.983, Reward_e: -1.018
Episode: 110000,  Step: 1735082, Episode_step: 8,  Reward_p: 0.994, Reward_e: -1.006
Episode: 120000,  Step: 1868375, Episode_step: 9,  Reward_p: 0.993, Reward_e: -1.007
Episode: 130000,  Step: 2000696, Episode_step: 25,  Reward_p: 0.979, Reward_e: -1.023
Episode: 140000,  Step: 2131368, Episode_step: 29,  Reward_p: -1.027, Reward_e: -0.028000000000000018
Episode: 150000,  Step: 2262459, Episode_step: 23,  Reward_p: 0.98, Reward_e: -1.021
Episode: 160000,  Step: 2390154, Episode_step: 16,  Reward_p: 0.986, Reward_e: -1.014
Episode: 170000,  Step: 2516810, Episode_step: 22,  Reward_p: -0.02100000000000001, Reward_e: -1.02
Episode: 180000,  Step: 2639898, Episode_step: 10,  Reward_p: 0.992, Reward_e: -1.007
Episode: 190000,  Step: 2762557, Episode_step: 16,  Reward_p: 0.986, Reward_e: -1.014
Episode: 200000,  Step: 2883711, Episode_step: 7,  Reward_p: 0.995, Reward_e: -1.005
Episode: 210000,  Step: 3004986, Episode_step: 4,  Reward_p: 0.998, Reward_e: -1.002
Episode: 220000,  Step: 3127598, Episode_step: 8,  Reward_p: 0.994, Reward_e: -1.006
Episode: 230000,  Step: 3250828, Episode_step: 5,  Reward_p: 0.997, Reward_e: -1.003
Episode: 240000,  Step: 3373122, Episode_step: 16,  Reward_p: 0.986, Reward_e: -1.014
Episode: 250000,  Step: 3496249, Episode_step: 7,  Reward_p: 0.995, Reward_e: -1.005
Episode: 260000,  Step: 3617968, Episode_step: 9,  Reward_p: 0.993, Reward_e: -1.007
Episode: 270000,  Step: 3736044, Episode_step: 15,  Reward_p: 0.987, Reward_e: -1.013
Episode: 280000,  Step: 3855308, Episode_step: 9,  Reward_p: 0.993, Reward_e: -1.007
Episode: 290000,  Step: 3973601, Episode_step: 4,  Reward_p: 0.998, Reward_e: -1.002
Episode: 300000,  Step: 4093204, Episode_step: 14,  Reward_p: 0.988, Reward_e: -1.012
Episode: 310000,  Step: 4210241, Episode_step: 12,  Reward_p: 0.99, Reward_e: -1.01
Episode: 320000,  Step: 4328242, Episode_step: 11,  Reward_p: 0.991, Reward_e: -1.009
Episode: 330000,  Step: 4446137, Episode_step: 8,  Reward_p: 0.994, Reward_e: -1.006
Episode: 340000,  Step: 4566261, Episode_step: 6,  Reward_p: 0.996, Reward_e: -1.004
Episode: 350000,  Step: 4684988, Episode_step: 24,  Reward_p: 0.978, Reward_e: -1.022
Episode: 360000,  Step: 4804508, Episode_step: 19,  Reward_p: 0.983, Reward_e: -1.016
Episode: 370000,  Step: 4922139, Episode_step: 11,  Reward_p: 0.991, Reward_e: -1.009
Episode: 380000,  Step: 5041109, Episode_step: 12,  Reward_p: -0.011000000000000003, Reward_e: -1.01
Episode: 390000,  Step: 5160980, Episode_step: 17,  Reward_p: 0.985, Reward_e: -1.014
Episode: 400000,  Step: 5278698, Episode_step: 19,  Reward_p: 0.983, Reward_e: -1.016
Episode: 410000,  Step: 5396099, Episode_step: 13,  Reward_p: -0.012000000000000004, Reward_e: -1.011
Episode: 420000,  Step: 5513815, Episode_step: 12,  Reward_p: 0.99, Reward_e: -1.01
Episode: 430000,  Step: 5631498, Episode_step: 19,  Reward_p: -0.01800000000000001, Reward_e: -1.017
Episode: 440000,  Step: 5750839, Episode_step: 12,  Reward_p: 0.99, Reward_e: -1.01
Episode: 450000,  Step: 5870294, Episode_step: 13,  Reward_p: 0.989, Reward_e: -1.01
Episode: 460000,  Step: 5991324, Episode_step: 17,  Reward_p: 0.985, Reward_e: -1.015
Episode: 470000,  Step: 6111588, Episode_step: 3,  Reward_p: 0.999, Reward_e: -1.001
Episode: 480000,  Step: 6231290, Episode_step: 12,  Reward_p: 0.99, Reward_e: -1.01
Episode: 490000,  Step: 6349306, Episode_step: 11,  Reward_p: 0.991, Reward_e: -1.009
Episode: 500000,  Step: 6469371, Episode_step: 15,  Reward_p: -0.014000000000000005, Reward_e: -1.013
Episode: 510000,  Step: 6592416, Episode_step: 9,  Reward_p: 0.993, Reward_e: -1.007
Episode: 520000,  Step: 6714435, Episode_step: 11,  Reward_p: 0.991, Reward_e: -1.009
Episode: 530000,  Step: 6833001, Episode_step: 9,  Reward_p: 0.993, Reward_e: -1.006
Episode: 540000,  Step: 6950611, Episode_step: 8,  Reward_p: 0.994, Reward_e: -1.006
Episode: 550000,  Step: 7070856, Episode_step: 14,  Reward_p: 0.988, Reward_e: -1.012
Episode: 560000,  Step: 7189644, Episode_step: 5,  Reward_p: 0.997, Reward_e: -1.002
Episode: 570000,  Step: 7306996, Episode_step: 10,  Reward_p: 0.992, Reward_e: -1.008
Episode: 580000,  Step: 7423673, Episode_step: 15,  Reward_p: 0.987, Reward_e: -1.013
Episode: 590000,  Step: 7541407, Episode_step: 10,  Reward_p: 0.992, Reward_e: -1.008
Episode: 600000,  Step: 7658971, Episode_step: 7,  Reward_p: 0.995, Reward_e: -1.005
Episode: 610000,  Step: 7776949, Episode_step: 12,  Reward_p: 0.99, Reward_e: -1.01
Episode: 620000,  Step: 7894275, Episode_step: 17,  Reward_p: -0.016000000000000007, Reward_e: -1.015
Episode: 630000,  Step: 8012949, Episode_step: 11,  Reward_p: 0.991, Reward_e: -1.009
Episode: 640000,  Step: 8131273, Episode_step: 25,  Reward_p: 0.977, Reward_e: -1.023
Episode: 650000,  Step: 8249136, Episode_step: 7,  Reward_p: 0.995, Reward_e: -1.005
Episode: 660000,  Step: 8368297, Episode_step: 6,  Reward_p: 0.996, Reward_e: -1.004
Episode: 670000,  Step: 8487522, Episode_step: 21,  Reward_p: 0.981, Reward_e: -1.019
Episode: 680000,  Step: 8606209, Episode_step: 32,  Reward_p: -0.03100000000000002, Reward_e: -1.03
Episode: 690000,  Step: 8724906, Episode_step: 23,  Reward_p: 0.979, Reward_e: -1.017
Episode: 700000,  Step: 8842265, Episode_step: 20,  Reward_p: 0.982, Reward_e: -1.018
Episode: 710000,  Step: 8958654, Episode_step: 18,  Reward_p: -0.017000000000000008, Reward_e: -1.016
Episode: 720000,  Step: 9075845, Episode_step: 16,  Reward_p: 0.986, Reward_e: -1.014
Episode: 730000,  Step: 9191840, Episode_step: 8,  Reward_p: 0.994, Reward_e: -1.006
Episode: 740000,  Step: 9309510, Episode_step: 16,  Reward_p: 0.986, Reward_e: -1.014
Episode: 750000,  Step: 9427163, Episode_step: 11,  Reward_p: 0.991, Reward_e: -1.009
Episode: 760000,  Step: 9544026, Episode_step: 3,  Reward_p: 0.999, Reward_e: -1.001
Episode: 770000,  Step: 9659767, Episode_step: 12,  Reward_p: 0.99, Reward_e: -1.01
Episode: 780000,  Step: 9775509, Episode_step: 11,  Reward_p: 0.991, Reward_e: -1.009
Episode: 790000,  Step: 9892017, Episode_step: 16,  Reward_p: -0.013000000000000005, Reward_e: -1.013
Episode: 800000,  Step: 10009370, Episode_step: 10,  Reward_p: 0.992, Reward_e: -1.008
Episode: 810000,  Step: 10126168, Episode_step: 7,  Reward_p: 0.995, Reward_e: -1.005
Episode: 820000,  Step: 10242381, Episode_step: 18,  Reward_p: 0.984, Reward_e: -1.016
Episode: 830000,  Step: 10357299, Episode_step: 8,  Reward_p: 0.994, Reward_e: -1.006
Episode: 840000,  Step: 10473175, Episode_step: 9,  Reward_p: 0.993, Reward_e: -1.007
Episode: 850000,  Step: 10588578, Episode_step: 12,  Reward_p: 0.99, Reward_e: -1.01
Episode: 860000,  Step: 10703881, Episode_step: 16,  Reward_p: 0.986, Reward_e: -1.014
Episode: 870000,  Step: 10818138, Episode_step: 7,  Reward_p: 0.995, Reward_e: -1.005
Episode: 880000,  Step: 10933037, Episode_step: 10,  Reward_p: 0.992, Reward_e: -1.008
Episode: 890000,  Step: 11047270, Episode_step: 13,  Reward_p: 0.989, Reward_e: -1.01
Episode: 900000,  Step: 11162911, Episode_step: 4,  Reward_p: 0.998, Reward_e: -1.002
Episode: 910000,  Step: 11278644, Episode_step: 10,  Reward_p: 0.992, Reward_e: -1.008
Episode: 920000,  Step: 11395608, Episode_step: 17,  Reward_p: 0.985, Reward_e: -1.015
Episode: 930000,  Step: 11512322, Episode_step: 4,  Reward_p: 0.998, Reward_e: -1.002
Episode: 940000,  Step: 11628328, Episode_step: 12,  Reward_p: 0.99, Reward_e: -1.01
Episode: 950000,  Step: 11743889, Episode_step: 12,  Reward_p: 0.99, Reward_e: -1.01
Episode: 960000,  Step: 11858661, Episode_step: 13,  Reward_p: 0.989, Reward_e: -1.011
Episode: 970000,  Step: 11971749, Episode_step: 8,  Reward_p: 0.994, Reward_e: -1.006
Episode: 980000,  Step: 12088952, Episode_step: 20,  Reward_p: 0.982, Reward_e: -1.018
Episode: 990000,  Step: 12204582, Episode_step: 20,  Reward_p: -0.01900000000000001, Reward_e: -1.018
Episode: 1000000,  Step: 12320902, Episode_step: 11,  Reward_p: 0.991, Reward_e: -1.009
Finish! 25.37 [h]
