option = indiv
required = 2.4
cpu
Start!
Episode: 10000,  Step: 385834, Episode_step: 155,  Reward_p: -1, Reward_e: 0
Episode: 20000,  Step: 1013701, Episode_step: 17,  Reward_p: 0, Reward_e: -1
Episode: 30000,  Step: 1907497, Episode_step: 159,  Reward_p: 1, Reward_e: -1
Episode: 40000,  Step: 3260560, Episode_step: 55,  Reward_p: 0, Reward_e: -1
Episode: 50000,  Step: 4562878, Episode_step: 135,  Reward_p: 1, Reward_e: -1
Episode: 60000,  Step: 5690356, Episode_step: 28,  Reward_p: 1, Reward_e: -1
Episode: 70000,  Step: 6760464, Episode_step: 277,  Reward_p: 1, Reward_e: -1
Episode: 80000,  Step: 7766051, Episode_step: 72,  Reward_p: 1, Reward_e: -1
Episode: 90000,  Step: 8717216, Episode_step: 33,  Reward_p: 1, Reward_e: -1
Episode: 100000,  Step: 9598804, Episode_step: 205,  Reward_p: 1, Reward_e: -1
Episode: 110000,  Step: 10387274, Episode_step: 62,  Reward_p: 1, Reward_e: -1
Episode: 120000,  Step: 11163487, Episode_step: 46,  Reward_p: 1, Reward_e: -1
Episode: 130000,  Step: 11876386, Episode_step: 165,  Reward_p: 1, Reward_e: -1
Episode: 140000,  Step: 12553385, Episode_step: 47,  Reward_p: 1, Reward_e: -1
Episode: 150000,  Step: 13188565, Episode_step: 21,  Reward_p: 1, Reward_e: -1
Episode: 160000,  Step: 13833052, Episode_step: 13,  Reward_p: 1, Reward_e: -1
Episode: 170000,  Step: 14441524, Episode_step: 21,  Reward_p: 1, Reward_e: -1
Episode: 180000,  Step: 15024265, Episode_step: 41,  Reward_p: 1, Reward_e: -1
Episode: 190000,  Step: 15604499, Episode_step: 23,  Reward_p: 1, Reward_e: -1
Episode: 200000,  Step: 16199449, Episode_step: 112,  Reward_p: 1, Reward_e: -1
Episode: 210000,  Step: 16758959, Episode_step: 11,  Reward_p: 1, Reward_e: -1
Episode: 220000,  Step: 17321355, Episode_step: 50,  Reward_p: 1, Reward_e: -1
Episode: 230000,  Step: 17860046, Episode_step: 63,  Reward_p: 1, Reward_e: -1
Episode: 240000,  Step: 18381850, Episode_step: 2,  Reward_p: 1, Reward_e: -1
Episode: 250000,  Step: 18911435, Episode_step: 24,  Reward_p: 1, Reward_e: -1
Episode: 260000,  Step: 19436795, Episode_step: 8,  Reward_p: 1, Reward_e: -1
Episode: 270000,  Step: 19960304, Episode_step: 33,  Reward_p: 1, Reward_e: -1
Episode: 280000,  Step: 20492724, Episode_step: 142,  Reward_p: 1, Reward_e: -1
Episode: 290000,  Step: 20994064, Episode_step: 22,  Reward_p: 1, Reward_e: -1
Episode: 300000,  Step: 21486880, Episode_step: 37,  Reward_p: 0, Reward_e: -1
Episode: 310000,  Step: 21992073, Episode_step: 39,  Reward_p: 1, Reward_e: -1
Episode: 320000,  Step: 22502823, Episode_step: 34,  Reward_p: 0, Reward_e: -1
Episode: 330000,  Step: 23000736, Episode_step: 34,  Reward_p: 1, Reward_e: -1
Episode: 340000,  Step: 23493428, Episode_step: 62,  Reward_p: 1, Reward_e: -1
Episode: 350000,  Step: 23985353, Episode_step: 120,  Reward_p: 1, Reward_e: -1
Episode: 360000,  Step: 24489358, Episode_step: 13,  Reward_p: 1, Reward_e: -1
Episode: 370000,  Step: 24986897, Episode_step: 44,  Reward_p: 1, Reward_e: -1
Episode: 380000,  Step: 25495869, Episode_step: 91,  Reward_p: 1, Reward_e: -1
Episode: 390000,  Step: 25996341, Episode_step: 92,  Reward_p: 1, Reward_e: -1
Episode: 400000,  Step: 26503090, Episode_step: 27,  Reward_p: 1, Reward_e: -1
Episode: 410000,  Step: 27006019, Episode_step: 34,  Reward_p: 1, Reward_e: -1
Episode: 420000,  Step: 27501927, Episode_step: 44,  Reward_p: 1, Reward_e: -1
Episode: 430000,  Step: 28003896, Episode_step: 51,  Reward_p: 1, Reward_e: -1
Episode: 440000,  Step: 28496751, Episode_step: 20,  Reward_p: 1, Reward_e: -1
Episode: 450000,  Step: 28996321, Episode_step: 36,  Reward_p: 1, Reward_e: -1
Episode: 460000,  Step: 29502804, Episode_step: 33,  Reward_p: 1, Reward_e: -1
Episode: 470000,  Step: 30007625, Episode_step: 5,  Reward_p: 1, Reward_e: -1
Episode: 480000,  Step: 30522827, Episode_step: 46,  Reward_p: 1, Reward_e: -1
Episode: 490000,  Step: 31049286, Episode_step: 26,  Reward_p: 1, Reward_e: -1
Episode: 500000,  Step: 31532776, Episode_step: 26,  Reward_p: 1, Reward_e: -1
Episode: 510000,  Step: 32047178, Episode_step: 22,  Reward_p: 1, Reward_e: -1
Episode: 520000,  Step: 32553368, Episode_step: 26,  Reward_p: 1, Reward_e: -1
Episode: 530000,  Step: 33047025, Episode_step: 135,  Reward_p: 1, Reward_e: -1
Episode: 540000,  Step: 33550990, Episode_step: 9,  Reward_p: 1, Reward_e: -1
Episode: 550000,  Step: 34061516, Episode_step: 139,  Reward_p: 1, Reward_e: -1
Episode: 560000,  Step: 34568913, Episode_step: 34,  Reward_p: 1, Reward_e: -1
Episode: 570000,  Step: 35092357, Episode_step: 16,  Reward_p: 1, Reward_e: -1
Episode: 580000,  Step: 35588176, Episode_step: 12,  Reward_p: 1, Reward_e: -1
Episode: 590000,  Step: 36073259, Episode_step: 22,  Reward_p: 1, Reward_e: -1
Episode: 600000,  Step: 36575775, Episode_step: 2,  Reward_p: 1, Reward_e: -1
Episode: 610000,  Step: 37069026, Episode_step: 22,  Reward_p: 1, Reward_e: -1
Episode: 620000,  Step: 37570063, Episode_step: 12,  Reward_p: 0, Reward_e: -1
Episode: 630000,  Step: 38074816, Episode_step: 22,  Reward_p: 1, Reward_e: -1
Episode: 640000,  Step: 38569692, Episode_step: 259,  Reward_p: 1, Reward_e: -1
Episode: 650000,  Step: 39086114, Episode_step: 82,  Reward_p: 1, Reward_e: -1
Episode: 660000,  Step: 39588320, Episode_step: 5,  Reward_p: 1, Reward_e: -1
Episode: 670000,  Step: 40090782, Episode_step: 31,  Reward_p: 1, Reward_e: -1
Episode: 680000,  Step: 40595861, Episode_step: 45,  Reward_p: 1, Reward_e: -1
Episode: 690000,  Step: 41091233, Episode_step: 30,  Reward_p: 1, Reward_e: -1
Episode: 700000,  Step: 41609388, Episode_step: 31,  Reward_p: 1, Reward_e: -1
Episode: 710000,  Step: 42116789, Episode_step: 72,  Reward_p: 1, Reward_e: -1
Episode: 720000,  Step: 42621106, Episode_step: 34,  Reward_p: 1, Reward_e: -1
Episode: 730000,  Step: 43098108, Episode_step: 69,  Reward_p: 1, Reward_e: -1
Episode: 740000,  Step: 43590795, Episode_step: 25,  Reward_p: 1, Reward_e: -1
Episode: 750000,  Step: 44063905, Episode_step: 24,  Reward_p: 1, Reward_e: -1
Episode: 760000,  Step: 44552953, Episode_step: 80,  Reward_p: 1, Reward_e: -1
Episode: 770000,  Step: 45051304, Episode_step: 16,  Reward_p: 1, Reward_e: -1
Episode: 780000,  Step: 45555434, Episode_step: 16,  Reward_p: 1, Reward_e: -1
Episode: 790000,  Step: 46056100, Episode_step: 51,  Reward_p: 1, Reward_e: -1
Episode: 800000,  Step: 46510048, Episode_step: 32,  Reward_p: 1, Reward_e: -1
Episode: 810000,  Step: 47000990, Episode_step: 42,  Reward_p: 1, Reward_e: -1
Episode: 820000,  Step: 47489228, Episode_step: 59,  Reward_p: 1, Reward_e: -1
Episode: 830000,  Step: 47961807, Episode_step: 51,  Reward_p: 1, Reward_e: -1
Episode: 840000,  Step: 48435523, Episode_step: 14,  Reward_p: 1, Reward_e: -1
Episode: 850000,  Step: 48908993, Episode_step: 63,  Reward_p: 1, Reward_e: -1
Episode: 860000,  Step: 49411719, Episode_step: 5,  Reward_p: 1, Reward_e: -1
Episode: 870000,  Step: 49888709, Episode_step: 167,  Reward_p: -1, Reward_e: 0
Episode: 880000,  Step: 50365186, Episode_step: 12,  Reward_p: 1, Reward_e: -1
Episode: 890000,  Step: 50865849, Episode_step: 2,  Reward_p: 1, Reward_e: -1
Episode: 900000,  Step: 51362497, Episode_step: 2,  Reward_p: 1, Reward_e: -1
Episode: 910000,  Step: 51856259, Episode_step: 2,  Reward_p: 1, Reward_e: -1
Episode: 920000,  Step: 52346361, Episode_step: 62,  Reward_p: 1, Reward_e: -1
Episode: 930000,  Step: 52822176, Episode_step: 109,  Reward_p: 1, Reward_e: -1
Episode: 940000,  Step: 53306224, Episode_step: 19,  Reward_p: 1, Reward_e: -1
Episode: 950000,  Step: 53798568, Episode_step: 93,  Reward_p: 1, Reward_e: -1
Episode: 960000,  Step: 54323130, Episode_step: 74,  Reward_p: 1, Reward_e: -1
Episode: 970000,  Step: 54811160, Episode_step: 31,  Reward_p: 1, Reward_e: -1
Episode: 980000,  Step: 55305093, Episode_step: 16,  Reward_p: 1, Reward_e: -1
Episode: 990000,  Step: 55785612, Episode_step: 8,  Reward_p: 1, Reward_e: -1
Episode: 1000000,  Step: 56262078, Episode_step: 12,  Reward_p: 1, Reward_e: -1
Finish! 105.73 [h]
