cpu
Start!
Episode: 10000,  Step: 147228, Episode_step: 18,  Reward_p1: -0.017000000000000008, Reward_p2: 0.985, Reward_e: -1.016
Episode: 20000,  Step: 285382, Episode_step: 19,  Reward_p1: -0.009000000000000001, Reward_p2: -0.017000000000000008, Reward_e: -1.017
Episode: 30000,  Step: 433313, Episode_step: 15,  Reward_p1: -0.014000000000000005, Reward_p2: -0.008, Reward_e: -1.013
Episode: 40000,  Step: 586244, Episode_step: 5,  Reward_p1: 0.997, Reward_p2: -0.003, Reward_e: -1.003
Episode: 50000,  Step: 732095, Episode_step: 12,  Reward_p1: -0.011000000000000003, Reward_p2: 0.99, Reward_e: -1.01
Episode: 60000,  Step: 874995, Episode_step: 20,  Reward_p1: -0.01900000000000001, Reward_p2: -0.010000000000000002, Reward_e: -1.017
Episode: 70000,  Step: 1021710, Episode_step: 7,  Reward_p1: -0.006, Reward_p2: 0.995, Reward_e: -1.005
Episode: 80000,  Step: 1174169, Episode_step: 3,  Reward_p1: 0.999, Reward_p2: -0.002, Reward_e: -1.001
Episode: 90000,  Step: 1324065, Episode_step: 17,  Reward_p1: -0.016000000000000007, Reward_p2: -0.016000000000000007, Reward_e: -1.015
Episode: 100000,  Step: 1468425, Episode_step: 22,  Reward_p1: 0.98, Reward_p2: -0.02000000000000001, Reward_e: -1.02
Episode: 110000,  Step: 1607776, Episode_step: 33,  Reward_p1: 0.969, Reward_p2: -0.03200000000000002, Reward_e: -1.03
Episode: 120000,  Step: 1742821, Episode_step: 20,  Reward_p1: 0.986, Reward_p2: -1.018, Reward_e: -1.018
Episode: 130000,  Step: 1876308, Episode_step: 13,  Reward_p1: -0.012000000000000004, Reward_p2: -0.012000000000000004, Reward_e: -1.011
Episode: 140000,  Step: 2008393, Episode_step: 21,  Reward_p1: -0.02000000000000001, Reward_p2: 0.981, Reward_e: -1.019
Episode: 150000,  Step: 2138437, Episode_step: 13,  Reward_p1: -0.009000000000000001, Reward_p2: 0.989, Reward_e: -1.011
Episode: 160000,  Step: 2268210, Episode_step: 12,  Reward_p1: -0.011000000000000003, Reward_p2: -0.011000000000000003, Reward_e: -1.01
Episode: 170000,  Step: 2394603, Episode_step: 14,  Reward_p1: -0.013000000000000005, Reward_p2: -0.013000000000000005, Reward_e: -1.012
Episode: 180000,  Step: 2518609, Episode_step: 12,  Reward_p1: -0.011000000000000003, Reward_p2: 0.99, Reward_e: -1.01
Episode: 190000,  Step: 2643076, Episode_step: 16,  Reward_p1: -0.015000000000000006, Reward_p2: -0.015000000000000006, Reward_e: -1.014
Episode: 200000,  Step: 2764800, Episode_step: 28,  Reward_p1: 0.974, Reward_p2: -0.027000000000000017, Reward_e: -1.025
Episode: 210000,  Step: 2887350, Episode_step: 13,  Reward_p1: 0.989, Reward_p2: -0.012000000000000004, Reward_e: -1.011
Episode: 220000,  Step: 3008715, Episode_step: 12,  Reward_p1: -0.011000000000000003, Reward_p2: -0.011000000000000003, Reward_e: -1.01
Episode: 230000,  Step: 3129920, Episode_step: 13,  Reward_p1: -0.012000000000000004, Reward_p2: 0.989, Reward_e: -1.011
Episode: 240000,  Step: 3250494, Episode_step: 15,  Reward_p1: 0.987, Reward_p2: -0.014000000000000005, Reward_e: -1.013
Episode: 250000,  Step: 3370756, Episode_step: 18,  Reward_p1: -0.017000000000000008, Reward_p2: -0.017000000000000008, Reward_e: -1.016
Episode: 260000,  Step: 3491345, Episode_step: 33,  Reward_p1: 0.969, Reward_p2: -0.016000000000000007, Reward_e: -1.031
Episode: 270000,  Step: 3609900, Episode_step: 29,  Reward_p1: 0.974, Reward_p2: -1.017, Reward_e: -1.027
Episode: 280000,  Step: 3729430, Episode_step: 12,  Reward_p1: -0.011000000000000003, Reward_p2: -0.011000000000000003, Reward_e: -1.01
Episode: 290000,  Step: 3847260, Episode_step: 5,  Reward_p1: 0.997, Reward_p2: -0.004, Reward_e: -1.003
Episode: 300000,  Step: 3965413, Episode_step: 16,  Reward_p1: -0.015000000000000006, Reward_p2: -0.014000000000000005, Reward_e: -1.014
Episode: 310000,  Step: 4084194, Episode_step: 21,  Reward_p1: -0.01900000000000001, Reward_p2: -0.01900000000000001, Reward_e: -1.017
Episode: 320000,  Step: 4201782, Episode_step: 13,  Reward_p1: -0.011000000000000003, Reward_p2: 0.989, Reward_e: -1.011
Episode: 330000,  Step: 4318297, Episode_step: 6,  Reward_p1: 0.996, Reward_p2: -0.005, Reward_e: -1.004
Episode: 340000,  Step: 4435745, Episode_step: 7,  Reward_p1: -0.006, Reward_p2: 0.995, Reward_e: -1.005
Episode: 350000,  Step: 4552830, Episode_step: 14,  Reward_p1: 0.988, Reward_p2: -0.012000000000000004, Reward_e: -1.012
Episode: 360000,  Step: 4669788, Episode_step: 19,  Reward_p1: -0.01800000000000001, Reward_p2: 0.987, Reward_e: -1.017
Episode: 370000,  Step: 4787331, Episode_step: 15,  Reward_p1: -0.014000000000000005, Reward_p2: 0.987, Reward_e: -1.013
Episode: 380000,  Step: 4904379, Episode_step: 16,  Reward_p1: -0.015000000000000006, Reward_p2: -0.015000000000000006, Reward_e: -1.014
Episode: 390000,  Step: 5021797, Episode_step: 15,  Reward_p1: 0.989, Reward_p2: -0.014000000000000005, Reward_e: -1.013
Episode: 400000,  Step: 5138692, Episode_step: 7,  Reward_p1: -0.006, Reward_p2: 0.995, Reward_e: -1.005
Episode: 410000,  Step: 5253071, Episode_step: 5,  Reward_p1: 0.997, Reward_p2: -0.004, Reward_e: -1.003
Episode: 420000,  Step: 5368687, Episode_step: 22,  Reward_p1: -0.01800000000000001, Reward_p2: -0.02000000000000001, Reward_e: -1.02
Episode: 430000,  Step: 5485060, Episode_step: 17,  Reward_p1: 0.985, Reward_p2: -0.016000000000000007, Reward_e: -1.009
Episode: 440000,  Step: 5599289, Episode_step: 12,  Reward_p1: 0.99, Reward_p2: -0.009000000000000001, Reward_e: -1.009
Episode: 450000,  Step: 5716046, Episode_step: 2,  Reward_p1: -0.001, Reward_p2: 1, Reward_e: -1
Episode: 460000,  Step: 5832195, Episode_step: 17,  Reward_p1: 0.985, Reward_p2: -0.016000000000000007, Reward_e: -1.013
Episode: 470000,  Step: 5947217, Episode_step: 14,  Reward_p1: -0.013000000000000005, Reward_p2: -0.013000000000000005, Reward_e: -1.012
Episode: 480000,  Step: 6062425, Episode_step: 2,  Reward_p1: -0.001, Reward_p2: 1, Reward_e: -1
Episode: 490000,  Step: 6177628, Episode_step: 2,  Reward_p1: 1, Reward_p2: -0.001, Reward_e: -1
Episode: 500000,  Step: 6293371, Episode_step: 17,  Reward_p1: 0.985, Reward_p2: -0.014000000000000005, Reward_e: -1.015
Episode: 510000,  Step: 6409791, Episode_step: 17,  Reward_p1: 0.985, Reward_p2: -0.015000000000000006, Reward_e: -1.015
Episode: 520000,  Step: 6525512, Episode_step: 11,  Reward_p1: 0.991, Reward_p2: -0.010000000000000002, Reward_e: -1.008
Episode: 530000,  Step: 6642891, Episode_step: 2,  Reward_p1: -0.001, Reward_p2: 1, Reward_e: -1
Episode: 540000,  Step: 6757620, Episode_step: 5,  Reward_p1: -0.004, Reward_p2: 0.997, Reward_e: -1.003
Episode: 550000,  Step: 6872619, Episode_step: 11,  Reward_p1: 0.991, Reward_p2: -0.010000000000000002, Reward_e: -1.009
Episode: 560000,  Step: 6987937, Episode_step: 15,  Reward_p1: -0.014000000000000005, Reward_p2: 0.987, Reward_e: -1.013
Episode: 570000,  Step: 7103250, Episode_step: 14,  Reward_p1: 0.988, Reward_p2: -0.012000000000000004, Reward_e: -1.011
Episode: 580000,  Step: 7219722, Episode_step: 6,  Reward_p1: 0.996, Reward_p2: -0.005, Reward_e: -1.004
Episode: 590000,  Step: 7335182, Episode_step: 15,  Reward_p1: 0.987, Reward_p2: -0.009000000000000001, Reward_e: -1.013
Episode: 600000,  Step: 7450319, Episode_step: 14,  Reward_p1: -0.013000000000000005, Reward_p2: 0.99, Reward_e: -1.012
Episode: 610000,  Step: 7565426, Episode_step: 14,  Reward_p1: 0.988, Reward_p2: -0.013000000000000005, Reward_e: -1.011
Episode: 620000,  Step: 7681012, Episode_step: 4,  Reward_p1: 0.998, Reward_p2: -0.003, Reward_e: -1.002
Episode: 630000,  Step: 7796668, Episode_step: 16,  Reward_p1: -0.015000000000000006, Reward_p2: -0.014000000000000005, Reward_e: -1.014
Episode: 640000,  Step: 7912512, Episode_step: 14,  Reward_p1: -0.013000000000000005, Reward_p2: -0.013000000000000005, Reward_e: -1.011
Episode: 650000,  Step: 8029632, Episode_step: 9,  Reward_p1: -0.007, Reward_p2: 0.993, Reward_e: -1.007
Episode: 660000,  Step: 8147412, Episode_step: 30,  Reward_p1: -0.024000000000000014, Reward_p2: 0.972, Reward_e: -1.028
Episode: 670000,  Step: 8262934, Episode_step: 19,  Reward_p1: 0.983, Reward_p2: -0.015000000000000006, Reward_e: -1.017
Episode: 680000,  Step: 8378582, Episode_step: 13,  Reward_p1: 0.989, Reward_p2: -0.012000000000000004, Reward_e: -1.011
Episode: 690000,  Step: 8493256, Episode_step: 11,  Reward_p1: 0.991, Reward_p2: -0.010000000000000002, Reward_e: -1.009
Episode: 700000,  Step: 8607759, Episode_step: 2,  Reward_p1: -0.001, Reward_p2: 1, Reward_e: -1
Episode: 710000,  Step: 8723051, Episode_step: 16,  Reward_p1: -0.015000000000000006, Reward_p2: -1.014, Reward_e: -0.015000000000000006
Episode: 720000,  Step: 8839792, Episode_step: 10,  Reward_p1: 0.992, Reward_p2: -0.009000000000000001, Reward_e: -1.008
Episode: 730000,  Step: 8954859, Episode_step: 8,  Reward_p1: -0.007, Reward_p2: 0.994, Reward_e: -1.006
Episode: 740000,  Step: 9070179, Episode_step: 3,  Reward_p1: -0.002, Reward_p2: 0.999, Reward_e: -1.001
Episode: 750000,  Step: 9184851, Episode_step: 17,  Reward_p1: 0.985, Reward_p2: -0.016000000000000007, Reward_e: -1.015
Episode: 760000,  Step: 9300456, Episode_step: 31,  Reward_p1: -0.02900000000000002, Reward_p2: 0.984, Reward_e: -1.028
Episode: 770000,  Step: 9413888, Episode_step: 10,  Reward_p1: 0.992, Reward_p2: -0.009000000000000001, Reward_e: -1.008
Episode: 780000,  Step: 9528984, Episode_step: 14,  Reward_p1: 0.988, Reward_p2: -0.012000000000000004, Reward_e: -1.011
Episode: 790000,  Step: 9642995, Episode_step: 15,  Reward_p1: 0.987, Reward_p2: -0.014000000000000005, Reward_e: -1.013
Episode: 800000,  Step: 9757660, Episode_step: 14,  Reward_p1: -0.013000000000000005, Reward_p2: 0.988, Reward_e: -1.012
Episode: 810000,  Step: 9872779, Episode_step: 15,  Reward_p1: 0.987, Reward_p2: -0.010000000000000002, Reward_e: -1.012
Episode: 820000,  Step: 9987622, Episode_step: 14,  Reward_p1: -0.013000000000000005, Reward_p2: 0.99, Reward_e: -1.012
Episode: 830000,  Step: 10102553, Episode_step: 9,  Reward_p1: -0.008, Reward_p2: 0.993, Reward_e: -1.007
Episode: 840000,  Step: 10215982, Episode_step: 7,  Reward_p1: -0.005, Reward_p2: 0.995, Reward_e: -1.005
Episode: 850000,  Step: 10331598, Episode_step: 12,  Reward_p1: 0.99, Reward_p2: -0.010000000000000002, Reward_e: -1.01
Episode: 860000,  Step: 10446413, Episode_step: 8,  Reward_p1: 0.994, Reward_p2: 0.994, Reward_e: -1.006
Episode: 870000,  Step: 10562191, Episode_step: 2,  Reward_p1: 1, Reward_p2: -0.001, Reward_e: -1
Episode: 880000,  Step: 10677670, Episode_step: 12,  Reward_p1: -0.010000000000000002, Reward_p2: -0.011000000000000003, Reward_e: -1.01
Episode: 890000,  Step: 10792511, Episode_step: 15,  Reward_p1: -0.014000000000000005, Reward_p2: 0.987, Reward_e: -1.013
Episode: 900000,  Step: 10907776, Episode_step: 11,  Reward_p1: -0.010000000000000002, Reward_p2: 0.991, Reward_e: -1.009
Episode: 910000,  Step: 11022469, Episode_step: 12,  Reward_p1: -0.011000000000000003, Reward_p2: 0.99, Reward_e: -1.009
Episode: 920000,  Step: 11137784, Episode_step: 18,  Reward_p1: 0.985, Reward_p2: -0.017000000000000008, Reward_e: -1.016
Episode: 930000,  Step: 11253338, Episode_step: 2,  Reward_p1: 1, Reward_p2: -0.001, Reward_e: -1
Episode: 940000,  Step: 11366766, Episode_step: 2,  Reward_p1: -0.001, Reward_p2: 1, Reward_e: -1
Episode: 950000,  Step: 11479987, Episode_step: 16,  Reward_p1: 0.986, Reward_p2: -0.015000000000000006, Reward_e: -1.014
Episode: 960000,  Step: 11595196, Episode_step: 6,  Reward_p1: 0.996, Reward_p2: -0.004, Reward_e: -1.004
Episode: 970000,  Step: 11710692, Episode_step: 9,  Reward_p1: 0.993, Reward_p2: -0.008, Reward_e: -1.007
Episode: 980000,  Step: 11825513, Episode_step: 17,  Reward_p1: 0.985, Reward_p2: -0.016000000000000007, Reward_e: -1.015
Episode: 990000,  Step: 11941230, Episode_step: 15,  Reward_p1: -0.014000000000000005, Reward_p2: 0.987, Reward_e: -1.013
Episode: 1000000,  Step: 12056554, Episode_step: 2,  Reward_p1: 1, Reward_p2: 1, Reward_e: -1
Finish! 35.55 [h]
