cpu
Start!
Episode: 10000,  Step: 342681, Episode_step: 15,  Reward_p1: -0.014000000000000005, Reward_p2: -0.008, Reward_e: -1.013
Episode: 20000,  Step: 1001581, Episode_step: 35,  Reward_p1: 0.967, Reward_p2: 0.967, Reward_e: -1.033
Episode: 30000,  Step: 1926810, Episode_step: 48,  Reward_p1: -0.047000000000000035, Reward_p2: -0.047000000000000035, Reward_e: -1.036
Episode: 40000,  Step: 3194951, Episode_step: 2,  Reward_p1: 1, Reward_p2: 1, Reward_e: -1
Episode: 50000,  Step: 4639271, Episode_step: 188,  Reward_p1: 0.8289999999999998, Reward_p2: 0.8239999999999998, Reward_e: -1.159
Episode: 60000,  Step: 6333733, Episode_step: 303,  Reward_p1: -0.3000000000000002, Reward_p2: -0.2900000000000002, Reward_e: -0.2800000000000002
Episode: 70000,  Step: 8002499, Episode_step: 303,  Reward_p1: -0.3000000000000002, Reward_p2: -0.3000000000000002, Reward_e: -0.2890000000000002
Episode: 80000,  Step: 9565497, Episode_step: 143,  Reward_p1: 0.9269999999999999, Reward_p2: 0.8699999999999999, Reward_e: -1.086
Episode: 90000,  Step: 11083130, Episode_step: 95,  Reward_p1: -0.09000000000000007, Reward_p2: -1.092, Reward_e: -0.08100000000000006
Episode: 100000,  Step: 12601075, Episode_step: 2,  Reward_p1: 1, Reward_p2: 1, Reward_e: -1
Episode: 110000,  Step: 14083940, Episode_step: 287,  Reward_p1: -0.2840000000000002, Reward_p2: -0.2810000000000002, Reward_e: -1.2730000000000001
Episode: 120000,  Step: 15515887, Episode_step: 192,  Reward_p1: 0.8499999999999999, Reward_p2: 0.8119999999999998, Reward_e: -1.161
Episode: 130000,  Step: 16885706, Episode_step: 168,  Reward_p1: 0.8339999999999999, Reward_p2: 0.8399999999999999, Reward_e: -1.1520000000000001
Episode: 140000,  Step: 18258435, Episode_step: 109,  Reward_p1: 0.8959999999999999, Reward_p2: 0.8949999999999999, Reward_e: -1.088
Episode: 150000,  Step: 19526450, Episode_step: 67,  Reward_p1: 0.9349999999999999, Reward_p2: 0.9369999999999999, Reward_e: -1.053
Episode: 160000,  Step: 20739473, Episode_step: 275,  Reward_p1: -0.21900000000000017, Reward_p2: -0.2700000000000002, Reward_e: -1.2120000000000002
Episode: 170000,  Step: 21924426, Episode_step: 30,  Reward_p1: -0.014000000000000005, Reward_p2: -0.02900000000000002, Reward_e: -1.023
Episode: 180000,  Step: 23047934, Episode_step: 13,  Reward_p1: 0.989, Reward_p2: 0.99, Reward_e: -1.011
Episode: 190000,  Step: 24140032, Episode_step: 152,  Reward_p1: 0.8519999999999999, Reward_p2: 0.8539999999999999, Reward_e: -1.1460000000000001
Episode: 200000,  Step: 25216930, Episode_step: 217,  Reward_p1: 0.7889999999999998, Reward_p2: 0.7849999999999998, Reward_e: -1.1400000000000001
Episode: 210000,  Step: 26290880, Episode_step: 153,  Reward_p1: 0.8509999999999999, Reward_p2: 0.8509999999999999, Reward_e: -1.129
Episode: 220000,  Step: 27329111, Episode_step: 100,  Reward_p1: 0.9029999999999999, Reward_p2: 0.9069999999999999, Reward_e: -1.076
Episode: 230000,  Step: 28358424, Episode_step: 201,  Reward_p1: 0.8019999999999998, Reward_p2: 0.8049999999999998, Reward_e: -1.155
Episode: 240000,  Step: 29408796, Episode_step: 113,  Reward_p1: 0.8889999999999999, Reward_p2: 0.8909999999999999, Reward_e: -1.088
Episode: 250000,  Step: 30390421, Episode_step: 149,  Reward_p1: 0.8559999999999999, Reward_p2: 0.8539999999999999, Reward_e: -1.1280000000000001
Episode: 260000,  Step: 31404162, Episode_step: 83,  Reward_p1: 0.9249999999999999, Reward_p2: 0.9189999999999999, Reward_e: -1.073
Episode: 270000,  Step: 32426670, Episode_step: 303,  Reward_p1: -0.2850000000000002, Reward_p2: -0.23900000000000018, Reward_e: -0.2480000000000002
Episode: 280000,  Step: 33393124, Episode_step: 2,  Reward_p1: 1, Reward_p2: 1, Reward_e: -1
Episode: 290000,  Step: 34405752, Episode_step: 186,  Reward_p1: 0.8159999999999998, Reward_p2: 0.8189999999999998, Reward_e: -1.147
Episode: 300000,  Step: 35440785, Episode_step: 70,  Reward_p1: 0.9319999999999999, Reward_p2: 0.9339999999999999, Reward_e: -1.055
Episode: 310000,  Step: 36430571, Episode_step: 86,  Reward_p1: 0.9219999999999999, Reward_p2: 0.9169999999999999, Reward_e: -1.07
Episode: 320000,  Step: 37399121, Episode_step: 126,  Reward_p1: 0.8769999999999999, Reward_p2: 0.8779999999999999, Reward_e: -1.1
Episode: 330000,  Step: 38384648, Episode_step: 110,  Reward_p1: 0.8919999999999999, Reward_p2: 0.8929999999999999, Reward_e: -1.099
Episode: 340000,  Step: 39346599, Episode_step: 2,  Reward_p1: 1, Reward_p2: 1, Reward_e: -1
Episode: 350000,  Step: 40300261, Episode_step: 17,  Reward_p1: 0.989, Reward_p2: 0.985, Reward_e: -1.013
Episode: 360000,  Step: 41259933, Episode_step: 25,  Reward_p1: 0.977, Reward_p2: 0.988, Reward_e: -1.023
Episode: 370000,  Step: 42204627, Episode_step: 35,  Reward_p1: -0.03400000000000002, Reward_p2: -0.03400000000000002, Reward_e: -1.027
Episode: 380000,  Step: 43154021, Episode_step: 35,  Reward_p1: 0.967, Reward_p2: 0.967, Reward_e: -1.027
Episode: 390000,  Step: 44071564, Episode_step: 106,  Reward_p1: 0.8969999999999999, Reward_p2: 0.9129999999999999, Reward_e: -1.079
Episode: 400000,  Step: 44976631, Episode_step: 202,  Reward_p1: 0.8209999999999998, Reward_p2: 0.8039999999999998, Reward_e: -1.1460000000000001
Episode: 410000,  Step: 45890224, Episode_step: 64,  Reward_p1: 0.941, Reward_p2: 0.942, Reward_e: -1.058
Episode: 420000,  Step: 46758447, Episode_step: 114,  Reward_p1: 0.8899999999999999, Reward_p2: 0.8879999999999999, Reward_e: -1.097
Episode: 430000,  Step: 47635687, Episode_step: 100,  Reward_p1: -0.09900000000000007, Reward_p2: -0.09600000000000007, Reward_e: -1.074
Episode: 440000,  Step: 48514361, Episode_step: 303,  Reward_p1: -0.20500000000000015, Reward_p2: -0.2990000000000002, Reward_e: -0.2660000000000002
Episode: 450000,  Step: 49363367, Episode_step: 46,  Reward_p1: 0.957, Reward_p2: 0.957, Reward_e: -1.041
Episode: 460000,  Step: 50231289, Episode_step: 90,  Reward_p1: 0.9139999999999999, Reward_p2: 0.9149999999999999, Reward_e: -1.083
Episode: 470000,  Step: 51047748, Episode_step: 164,  Reward_p1: 0.8499999999999999, Reward_p2: 0.8499999999999999, Reward_e: -1.1500000000000001
Episode: 480000,  Step: 51844929, Episode_step: 11,  Reward_p1: 0.991, Reward_p2: 0.991, Reward_e: -1.004
Episode: 490000,  Step: 52620211, Episode_step: 216,  Reward_p1: 0.7959999999999998, Reward_p2: 0.7949999999999998, Reward_e: -1.1680000000000001
Episode: 500000,  Step: 53400163, Episode_step: 24,  Reward_p1: 0.979, Reward_p2: 0.978, Reward_e: -1.02
Episode: 510000,  Step: 54141936, Episode_step: 21,  Reward_p1: 0.981, Reward_p2: 0.981, Reward_e: -1.018
Episode: 520000,  Step: 54962551, Episode_step: 109,  Reward_p1: 0.8929999999999999, Reward_p2: 0.8949999999999999, Reward_e: -1.087
Episode: 530000,  Step: 55728022, Episode_step: 39,  Reward_p1: 0.963, Reward_p2: 0.963, Reward_e: -1.032
Episode: 540000,  Step: 56480402, Episode_step: 45,  Reward_p1: 0.959, Reward_p2: 0.957, Reward_e: -1.036
Episode: 550000,  Step: 57219222, Episode_step: 199,  Reward_p1: 0.8069999999999998, Reward_p2: 0.8519999999999999, Reward_e: -1.161
Episode: 560000,  Step: 58032920, Episode_step: 52,  Reward_p1: 0.969, Reward_p2: 0.95, Reward_e: -1.041
Episode: 570000,  Step: 58786698, Episode_step: 9,  Reward_p1: 0.993, Reward_p2: 0.998, Reward_e: -1.007
Episode: 580000,  Step: 59555528, Episode_step: 90,  Reward_p1: 0.9129999999999999, Reward_p2: 0.951, Reward_e: -1.067
Episode: 590000,  Step: 60325387, Episode_step: 109,  Reward_p1: 0.8939999999999999, Reward_p2: 0.8929999999999999, Reward_e: -1.094
Episode: 600000,  Step: 61038484, Episode_step: 27,  Reward_p1: 0.975, Reward_p2: 0.984, Reward_e: -1.024
Episode: 610000,  Step: 61795655, Episode_step: 2,  Reward_p1: 1, Reward_p2: 1, Reward_e: -1
Episode: 620000,  Step: 62557616, Episode_step: 44,  Reward_p1: 0.959, Reward_p2: 0.961, Reward_e: -1.041
Episode: 630000,  Step: 63330953, Episode_step: 303,  Reward_p1: -0.2990000000000002, Reward_p2: -0.2810000000000002, Reward_e: -0.2750000000000002
Episode: 640000,  Step: 64102470, Episode_step: 20,  Reward_p1: 0.982, Reward_p2: 0.982, Reward_e: -1.011
Episode: 650000,  Step: 64834289, Episode_step: 63,  Reward_p1: 0.939, Reward_p2: 0.94, Reward_e: -1.054
Episode: 660000,  Step: 65604163, Episode_step: 222,  Reward_p1: 0.8509999999999999, Reward_p2: 0.7949999999999998, Reward_e: -1.195
Episode: 670000,  Step: 66365976, Episode_step: 8,  Reward_p1: 0.994, Reward_p2: 0.994, Reward_e: -1.006
Episode: 680000,  Step: 67156549, Episode_step: 69,  Reward_p1: 0.9369999999999999, Reward_p2: 0.9329999999999999, Reward_e: -1.057
Episode: 690000,  Step: 67915567, Episode_step: 164,  Reward_p1: 0.8429999999999999, Reward_p2: 0.8549999999999999, Reward_e: -1.1360000000000001
Episode: 700000,  Step: 68697219, Episode_step: 85,  Reward_p1: 0.9179999999999999, Reward_p2: 0.9179999999999999, Reward_e: -1.082
Episode: 710000,  Step: 69424138, Episode_step: 36,  Reward_p1: 0.966, Reward_p2: 0.966, Reward_e: -1.034
Episode: 720000,  Step: 70111274, Episode_step: 30,  Reward_p1: 0.973, Reward_p2: 0.979, Reward_e: -1.026
Episode: 730000,  Step: 70833463, Episode_step: 57,  Reward_p1: 0.946, Reward_p2: 0.945, Reward_e: -1.05
Episode: 740000,  Step: 71551908, Episode_step: 182,  Reward_p1: 0.8209999999999998, Reward_p2: 0.8209999999999998, Reward_e: -1.1500000000000001
Episode: 750000,  Step: 72253686, Episode_step: 115,  Reward_p1: 0.8899999999999999, Reward_p2: 0.9039999999999999, Reward_e: -1.1
Episode: 760000,  Step: 73008905, Episode_step: 86,  Reward_p1: -0.08500000000000006, Reward_p2: -0.08500000000000006, Reward_e: -1.077
Episode: 770000,  Step: 73723701, Episode_step: 243,  Reward_p1: -0.2420000000000002, Reward_p2: -0.24000000000000019, Reward_e: -1.205
Episode: 780000,  Step: 74424236, Episode_step: 23,  Reward_p1: 0.979, Reward_p2: 0.979, Reward_e: -1.021
Episode: 790000,  Step: 75123678, Episode_step: 128,  Reward_p1: 0.8739999999999999, Reward_p2: 0.8749999999999999, Reward_e: -1.125
Episode: 800000,  Step: 75873372, Episode_step: 89,  Reward_p1: 0.9139999999999999, Reward_p2: 0.9269999999999999, Reward_e: -1.079
Episode: 810000,  Step: 76583636, Episode_step: 53,  Reward_p1: 0.949, Reward_p2: 0.949, Reward_e: -1.042
Episode: 820000,  Step: 77250829, Episode_step: 64,  Reward_p1: 0.939, Reward_p2: 0.971, Reward_e: -1.049
Episode: 830000,  Step: 77974125, Episode_step: 39,  Reward_p1: 0.963, Reward_p2: 0.963, Reward_e: -1.035
Episode: 840000,  Step: 78671797, Episode_step: 46,  Reward_p1: 0.957, Reward_p2: 0.964, Reward_e: -1.043
Episode: 850000,  Step: 79364321, Episode_step: 9,  Reward_p1: 0.994, Reward_p2: 0.993, Reward_e: -1.006
Episode: 860000,  Step: 80096741, Episode_step: 78,  Reward_p1: 0.9249999999999999, Reward_p2: 0.94, Reward_e: -1.074
Episode: 870000,  Step: 80807810, Episode_step: 2,  Reward_p1: 1, Reward_p2: 1, Reward_e: -1
Episode: 880000,  Step: 81525816, Episode_step: 14,  Reward_p1: 0.988, Reward_p2: 0.988, Reward_e: -1.008
Episode: 890000,  Step: 82298048, Episode_step: 32,  Reward_p1: 0.97, Reward_p2: 0.97, Reward_e: -1.013
Episode: 900000,  Step: 83078338, Episode_step: 124,  Reward_p1: 0.8779999999999999, Reward_p2: 0.9299999999999999, Reward_e: -1.118
Episode: 910000,  Step: 83816653, Episode_step: 20,  Reward_p1: 0.982, Reward_p2: 0.982, Reward_e: -1.018
Episode: 920000,  Step: 84575750, Episode_step: 26,  Reward_p1: 0.976, Reward_p2: 0.976, Reward_e: -1.022
Episode: 930000,  Step: 85291356, Episode_step: 2,  Reward_p1: 1, Reward_p2: 1, Reward_e: -1
Episode: 940000,  Step: 86109201, Episode_step: 144,  Reward_p1: 0.8669999999999999, Reward_p2: 0.8589999999999999, Reward_e: -1.124
Episode: 950000,  Step: 86906950, Episode_step: 37,  Reward_p1: 0.992, Reward_p2: 0.965, Reward_e: -1.031
Episode: 960000,  Step: 87698164, Episode_step: 178,  Reward_p1: 0.8249999999999998, Reward_p2: 0.8259999999999998, Reward_e: -1.1480000000000001
Episode: 970000,  Step: 88455328, Episode_step: 193,  Reward_p1: 0.8109999999999998, Reward_p2: 0.8109999999999998, Reward_e: -1.1880000000000002
Episode: 980000,  Step: 89216333, Episode_step: 21,  Reward_p1: 0.983, Reward_p2: 0.981, Reward_e: -1.019
Episode: 990000,  Step: 90012056, Episode_step: 40,  Reward_p1: -0.03900000000000003, Reward_p2: -0.03900000000000003, Reward_e: -1.03
Episode: 1000000,  Step: 90812939, Episode_step: 127,  Reward_p1: 0.8779999999999999, Reward_p2: 0.8799999999999999, Reward_e: -1.096
Finish! 268.98 [h]
