option = share
required = 2.4
cpu
Start!
Episode: 10000,  Step: 257237, Episode_step: 17,  Reward_p1: 0, Reward_p2: 0, Reward_e: -1
Episode: 20000,  Step: 589806, Episode_step: 57,  Reward_p1: 1, Reward_p2: 1, Reward_e: -1
Episode: 30000,  Step: 1026944, Episode_step: 75,  Reward_p1: 1, Reward_p2: 1, Reward_e: -1
Episode: 40000,  Step: 1529131, Episode_step: 93,  Reward_p1: 0, Reward_p2: 0, Reward_e: -1
Episode: 50000,  Step: 2102858, Episode_step: 37,  Reward_p1: 0, Reward_p2: 0, Reward_e: -1
Episode: 60000,  Step: 2961896, Episode_step: 12,  Reward_p1: 1, Reward_p2: 1, Reward_e: -1
Episode: 70000,  Step: 3876082, Episode_step: 16,  Reward_p1: 0, Reward_p2: -1, Reward_e: 0
Episode: 80000,  Step: 4835894, Episode_step: 40,  Reward_p1: 1, Reward_p2: 1, Reward_e: -1
Episode: 90000,  Step: 5756060, Episode_step: 124,  Reward_p1: 1, Reward_p2: 1, Reward_e: -1
Episode: 100000,  Step: 6653698, Episode_step: 24,  Reward_p1: 0, Reward_p2: -1, Reward_e: 0
Episode: 110000,  Step: 7521180, Episode_step: 2,  Reward_p1: 1, Reward_p2: 1, Reward_e: -1
Episode: 120000,  Step: 8413444, Episode_step: 25,  Reward_p1: 0, Reward_p2: 0, Reward_e: -1
Episode: 130000,  Step: 9307170, Episode_step: 71,  Reward_p1: 1, Reward_p2: 1, Reward_e: -1
Episode: 140000,  Step: 10184833, Episode_step: 40,  Reward_p1: 1, Reward_p2: 1, Reward_e: -1
Episode: 150000,  Step: 11079786, Episode_step: 151,  Reward_p1: 0, Reward_p2: 0, Reward_e: -1
Episode: 160000,  Step: 11951439, Episode_step: 110,  Reward_p1: 0, Reward_p2: 0, Reward_e: -1
Episode: 170000,  Step: 12814490, Episode_step: 61,  Reward_p1: 1, Reward_p2: 1, Reward_e: -1
Episode: 180000,  Step: 13642383, Episode_step: 62,  Reward_p1: 1, Reward_p2: 1, Reward_e: -1
Episode: 190000,  Step: 14487470, Episode_step: 216,  Reward_p1: 1, Reward_p2: 1, Reward_e: -1
Episode: 200000,  Step: 15291250, Episode_step: 47,  Reward_p1: 1, Reward_p2: 1, Reward_e: -1
Episode: 210000,  Step: 16066156, Episode_step: 54,  Reward_p1: 1, Reward_p2: 1, Reward_e: -1
Episode: 220000,  Step: 16820958, Episode_step: 41,  Reward_p1: 1, Reward_p2: 1, Reward_e: -1
Episode: 230000,  Step: 17573471, Episode_step: 239,  Reward_p1: 1, Reward_p2: 1, Reward_e: -1
Episode: 240000,  Step: 18311261, Episode_step: 65,  Reward_p1: 0, Reward_p2: 0, Reward_e: -1
Episode: 250000,  Step: 19029850, Episode_step: 57,  Reward_p1: 1, Reward_p2: 1, Reward_e: -1
Episode: 260000,  Step: 19754269, Episode_step: 25,  Reward_p1: 1, Reward_p2: 1, Reward_e: -1
Episode: 270000,  Step: 20457096, Episode_step: 25,  Reward_p1: 1, Reward_p2: 1, Reward_e: -1
Episode: 280000,  Step: 21130099, Episode_step: 117,  Reward_p1: 1, Reward_p2: 1, Reward_e: -1
Episode: 290000,  Step: 21837068, Episode_step: 187,  Reward_p1: 1, Reward_p2: 1, Reward_e: -1
Episode: 300000,  Step: 22500444, Episode_step: 58,  Reward_p1: 0, Reward_p2: 0, Reward_e: -1
Episode: 310000,  Step: 23134577, Episode_step: 95,  Reward_p1: 1, Reward_p2: 1, Reward_e: -1
Episode: 320000,  Step: 23738329, Episode_step: 71,  Reward_p1: 1, Reward_p2: 1, Reward_e: -1
Episode: 330000,  Step: 24355595, Episode_step: 2,  Reward_p1: 1, Reward_p2: 1, Reward_e: -1
Episode: 340000,  Step: 24980762, Episode_step: 62,  Reward_p1: 1, Reward_p2: 1, Reward_e: -1
Episode: 350000,  Step: 25620423, Episode_step: 111,  Reward_p1: 1, Reward_p2: 1, Reward_e: -1
Episode: 360000,  Step: 26234522, Episode_step: 114,  Reward_p1: 1, Reward_p2: 1, Reward_e: -1
Episode: 370000,  Step: 26849968, Episode_step: 59,  Reward_p1: 1, Reward_p2: 1, Reward_e: -1
Episode: 380000,  Step: 27463156, Episode_step: 59,  Reward_p1: 1, Reward_p2: 1, Reward_e: -1
Episode: 390000,  Step: 28058215, Episode_step: 41,  Reward_p1: 1, Reward_p2: 1, Reward_e: -1
Episode: 400000,  Step: 28641068, Episode_step: 17,  Reward_p1: 1, Reward_p2: 1, Reward_e: -1
Episode: 410000,  Step: 29205394, Episode_step: 10,  Reward_p1: 1, Reward_p2: 1, Reward_e: -1
Episode: 420000,  Step: 29771182, Episode_step: 43,  Reward_p1: 1, Reward_p2: 1, Reward_e: -1
Episode: 430000,  Step: 30350497, Episode_step: 18,  Reward_p1: 0, Reward_p2: 0, Reward_e: -1
Episode: 440000,  Step: 30912351, Episode_step: 24,  Reward_p1: 1, Reward_p2: 1, Reward_e: -1
Episode: 450000,  Step: 31467390, Episode_step: 163,  Reward_p1: 1, Reward_p2: 1, Reward_e: -1
Episode: 460000,  Step: 32036609, Episode_step: 52,  Reward_p1: 1, Reward_p2: 1, Reward_e: -1
Episode: 470000,  Step: 32583672, Episode_step: 89,  Reward_p1: 1, Reward_p2: 1, Reward_e: -1
Episode: 480000,  Step: 33138340, Episode_step: 54,  Reward_p1: 1, Reward_p2: 1, Reward_e: -1
Episode: 490000,  Step: 33676647, Episode_step: 81,  Reward_p1: 1, Reward_p2: 1, Reward_e: -1
Episode: 500000,  Step: 34218100, Episode_step: 59,  Reward_p1: 1, Reward_p2: 1, Reward_e: -1
Episode: 510000,  Step: 34755573, Episode_step: 16,  Reward_p1: 1, Reward_p2: 1, Reward_e: -1
Episode: 520000,  Step: 35296132, Episode_step: 24,  Reward_p1: 0, Reward_p2: 0, Reward_e: -1
Episode: 530000,  Step: 35819910, Episode_step: 216,  Reward_p1: 1, Reward_p2: 1, Reward_e: -1
Episode: 540000,  Step: 36358402, Episode_step: 65,  Reward_p1: 1, Reward_p2: 1, Reward_e: -1
Episode: 550000,  Step: 36897536, Episode_step: 75,  Reward_p1: 1, Reward_p2: 1, Reward_e: -1
Episode: 560000,  Step: 37426513, Episode_step: 50,  Reward_p1: 1, Reward_p2: 1, Reward_e: -1
Episode: 570000,  Step: 37953957, Episode_step: 35,  Reward_p1: 1, Reward_p2: 1, Reward_e: -1
Episode: 580000,  Step: 38483331, Episode_step: 9,  Reward_p1: 1, Reward_p2: 1, Reward_e: -1
Episode: 590000,  Step: 39025584, Episode_step: 53,  Reward_p1: 1, Reward_p2: 1, Reward_e: -1
Episode: 600000,  Step: 39553213, Episode_step: 104,  Reward_p1: 1, Reward_p2: 1, Reward_e: -1
Episode: 610000,  Step: 40098023, Episode_step: 71,  Reward_p1: 0, Reward_p2: 0, Reward_e: -1
Episode: 620000,  Step: 40622224, Episode_step: 100,  Reward_p1: 1, Reward_p2: 1, Reward_e: -1
Episode: 630000,  Step: 41150249, Episode_step: 24,  Reward_p1: 1, Reward_p2: 1, Reward_e: -1
Episode: 640000,  Step: 41660065, Episode_step: 53,  Reward_p1: 1, Reward_p2: 1, Reward_e: -1
Episode: 650000,  Step: 42174377, Episode_step: 107,  Reward_p1: 1, Reward_p2: 1, Reward_e: -1
Episode: 660000,  Step: 42704612, Episode_step: 26,  Reward_p1: 0, Reward_p2: 0, Reward_e: -1
Episode: 670000,  Step: 43247970, Episode_step: 65,  Reward_p1: 1, Reward_p2: 1, Reward_e: -1
Episode: 680000,  Step: 43785782, Episode_step: 66,  Reward_p1: 1, Reward_p2: 1, Reward_e: -1
Episode: 690000,  Step: 44335844, Episode_step: 34,  Reward_p1: 1, Reward_p2: 1, Reward_e: -1
Episode: 700000,  Step: 44848752, Episode_step: 83,  Reward_p1: 1, Reward_p2: 1, Reward_e: -1
Episode: 710000,  Step: 45357934, Episode_step: 16,  Reward_p1: 1, Reward_p2: 1, Reward_e: -1
Episode: 720000,  Step: 45869276, Episode_step: 13,  Reward_p1: 1, Reward_p2: 1, Reward_e: -1
Episode: 730000,  Step: 46388161, Episode_step: 192,  Reward_p1: 1, Reward_p2: 1, Reward_e: -1
Episode: 740000,  Step: 46901865, Episode_step: 98,  Reward_p1: 1, Reward_p2: 1, Reward_e: -1
Episode: 750000,  Step: 47403111, Episode_step: 11,  Reward_p1: 1, Reward_p2: 1, Reward_e: -1
Episode: 760000,  Step: 47931389, Episode_step: 96,  Reward_p1: 1, Reward_p2: 1, Reward_e: -1
Episode: 770000,  Step: 48454238, Episode_step: 69,  Reward_p1: 1, Reward_p2: 1, Reward_e: -1
Episode: 780000,  Step: 48958459, Episode_step: 17,  Reward_p1: 1, Reward_p2: 1, Reward_e: -1
Episode: 790000,  Step: 49478392, Episode_step: 46,  Reward_p1: 1, Reward_p2: 1, Reward_e: -1
Episode: 800000,  Step: 50013630, Episode_step: 60,  Reward_p1: 1, Reward_p2: 1, Reward_e: -1
Episode: 810000,  Step: 50523385, Episode_step: 52,  Reward_p1: 1, Reward_p2: 1, Reward_e: -1
Episode: 820000,  Step: 51050416, Episode_step: 91,  Reward_p1: 1, Reward_p2: 1, Reward_e: -1
Episode: 830000,  Step: 51569798, Episode_step: 82,  Reward_p1: 0, Reward_p2: 0, Reward_e: -1
Episode: 840000,  Step: 52093720, Episode_step: 33,  Reward_p1: 1, Reward_p2: 1, Reward_e: -1
Episode: 850000,  Step: 52616910, Episode_step: 154,  Reward_p1: 1, Reward_p2: 1, Reward_e: -1
Episode: 860000,  Step: 53139736, Episode_step: 111,  Reward_p1: 1, Reward_p2: 1, Reward_e: -1
Episode: 870000,  Step: 53637356, Episode_step: 37,  Reward_p1: 1, Reward_p2: 1, Reward_e: -1
Episode: 880000,  Step: 54151451, Episode_step: 30,  Reward_p1: 0, Reward_p2: 0, Reward_e: -1
Episode: 890000,  Step: 54666220, Episode_step: 29,  Reward_p1: 1, Reward_p2: 1, Reward_e: -1
Episode: 900000,  Step: 55172830, Episode_step: 23,  Reward_p1: 1, Reward_p2: 1, Reward_e: -1
Episode: 910000,  Step: 55669303, Episode_step: 20,  Reward_p1: 1, Reward_p2: 1, Reward_e: -1
Episode: 920000,  Step: 56168203, Episode_step: 8,  Reward_p1: 1, Reward_p2: 1, Reward_e: -1
Episode: 930000,  Step: 56691933, Episode_step: 26,  Reward_p1: 1, Reward_p2: 1, Reward_e: -1
Episode: 940000,  Step: 57201061, Episode_step: 24,  Reward_p1: 1, Reward_p2: 1, Reward_e: -1
Episode: 950000,  Step: 57726646, Episode_step: 72,  Reward_p1: 1, Reward_p2: 1, Reward_e: -1
Episode: 960000,  Step: 58256750, Episode_step: 17,  Reward_p1: 1, Reward_p2: 1, Reward_e: -1
Episode: 970000,  Step: 58763371, Episode_step: 159,  Reward_p1: 1, Reward_p2: 1, Reward_e: -1
Episode: 980000,  Step: 59276154, Episode_step: 62,  Reward_p1: 1, Reward_p2: 1, Reward_e: -1
Episode: 990000,  Step: 59769308, Episode_step: 20,  Reward_p1: 1, Reward_p2: 1, Reward_e: -1
Episode: 1000000,  Step: 60268191, Episode_step: 4,  Reward_p1: 1, Reward_p2: 1, Reward_e: -1
Finish! 171.07 [h]
