option = indiv
required = 2.4
cpu
Start!
Episode: 10000,  Step: 168394, Episode_step: 19,  Reward_p1: 0, Reward_p2: 0, Reward_e: -1
Episode: 20000,  Step: 411637, Episode_step: 36,  Reward_p1: 0, Reward_p2: 1, Reward_e: -1
Episode: 30000,  Step: 706885, Episode_step: 14,  Reward_p1: 0, Reward_p2: 1, Reward_e: -1
Episode: 40000,  Step: 965519, Episode_step: 6,  Reward_p1: 1, Reward_p2: 0, Reward_e: -1
Episode: 50000,  Step: 1209296, Episode_step: 23,  Reward_p1: 0, Reward_p2: 0, Reward_e: -1
Episode: 60000,  Step: 1556438, Episode_step: 59,  Reward_p1: 1, Reward_p2: 0, Reward_e: -1
Episode: 70000,  Step: 1958862, Episode_step: 26,  Reward_p1: 0, Reward_p2: 0, Reward_e: -1
Episode: 80000,  Step: 2553324, Episode_step: 126,  Reward_p1: 0, Reward_p2: 0, Reward_e: -1
Episode: 90000,  Step: 3224218, Episode_step: 6,  Reward_p1: 0, Reward_p2: 1, Reward_e: -1
Episode: 100000,  Step: 3910881, Episode_step: 97,  Reward_p1: 0, Reward_p2: 0, Reward_e: -1
Episode: 110000,  Step: 4612842, Episode_step: 174,  Reward_p1: 0, Reward_p2: 1, Reward_e: -1
Episode: 120000,  Step: 5281592, Episode_step: 21,  Reward_p1: 0, Reward_p2: 0, Reward_e: -1
Episode: 130000,  Step: 5958778, Episode_step: 151,  Reward_p1: 0, Reward_p2: 0, Reward_e: -1
Episode: 140000,  Step: 6627974, Episode_step: 180,  Reward_p1: 1, Reward_p2: 0, Reward_e: -1
Episode: 150000,  Step: 7251064, Episode_step: 27,  Reward_p1: -1, Reward_p2: 0, Reward_e: 0
Episode: 160000,  Step: 7895349, Episode_step: 12,  Reward_p1: 0, Reward_p2: 1, Reward_e: -1
Episode: 170000,  Step: 8572970, Episode_step: 77,  Reward_p1: 0, Reward_p2: 1, Reward_e: -1
Episode: 180000,  Step: 9272384, Episode_step: 31,  Reward_p1: 1, Reward_p2: 0, Reward_e: -1
Episode: 190000,  Step: 9964397, Episode_step: 112,  Reward_p1: 1, Reward_p2: 0, Reward_e: -1
Episode: 200000,  Step: 10666332, Episode_step: 19,  Reward_p1: 0, Reward_p2: 0, Reward_e: -1
Episode: 210000,  Step: 11367912, Episode_step: 12,  Reward_p1: 0, Reward_p2: 1, Reward_e: -1
Episode: 220000,  Step: 12024989, Episode_step: 154,  Reward_p1: 0, Reward_p2: 0, Reward_e: -1
Episode: 230000,  Step: 12723633, Episode_step: 58,  Reward_p1: 0, Reward_p2: 0, Reward_e: -1
Episode: 240000,  Step: 13385208, Episode_step: 124,  Reward_p1: 0, Reward_p2: 1, Reward_e: -1
Episode: 250000,  Step: 14023700, Episode_step: 46,  Reward_p1: 1, Reward_p2: 0, Reward_e: -1
Episode: 260000,  Step: 14647629, Episode_step: 233,  Reward_p1: 0, Reward_p2: 1, Reward_e: -1
Episode: 270000,  Step: 15260705, Episode_step: 39,  Reward_p1: 1, Reward_p2: 0, Reward_e: -1
Episode: 280000,  Step: 15876138, Episode_step: 95,  Reward_p1: 1, Reward_p2: 0, Reward_e: -1
Episode: 290000,  Step: 16466176, Episode_step: 67,  Reward_p1: 1, Reward_p2: 0, Reward_e: -1
Episode: 300000,  Step: 17062765, Episode_step: 18,  Reward_p1: 1, Reward_p2: 0, Reward_e: -1
Episode: 310000,  Step: 17660454, Episode_step: 23,  Reward_p1: 0, Reward_p2: 1, Reward_e: -1
Episode: 320000,  Step: 18248151, Episode_step: 54,  Reward_p1: 0, Reward_p2: 1, Reward_e: -1
Episode: 330000,  Step: 18831773, Episode_step: 122,  Reward_p1: 0, Reward_p2: 0, Reward_e: -1
Episode: 340000,  Step: 19415819, Episode_step: 31,  Reward_p1: 0, Reward_p2: 1, Reward_e: -1
Episode: 350000,  Step: 19985475, Episode_step: 13,  Reward_p1: 1, Reward_p2: 0, Reward_e: -1
Episode: 360000,  Step: 20557558, Episode_step: 28,  Reward_p1: 1, Reward_p2: 0, Reward_e: -1
Episode: 370000,  Step: 21102869, Episode_step: 50,  Reward_p1: 1, Reward_p2: 0, Reward_e: -1
Episode: 380000,  Step: 21653070, Episode_step: 91,  Reward_p1: 0, Reward_p2: 1, Reward_e: -1
Episode: 390000,  Step: 22223732, Episode_step: 37,  Reward_p1: 1, Reward_p2: 0, Reward_e: -1
Episode: 400000,  Step: 22773263, Episode_step: 50,  Reward_p1: 1, Reward_p2: 0, Reward_e: -1
Episode: 410000,  Step: 23318397, Episode_step: 54,  Reward_p1: 1, Reward_p2: 0, Reward_e: -1
Episode: 420000,  Step: 23858885, Episode_step: 54,  Reward_p1: 0, Reward_p2: 1, Reward_e: -1
Episode: 430000,  Step: 24417648, Episode_step: 22,  Reward_p1: 0, Reward_p2: 0, Reward_e: -1
Episode: 440000,  Step: 24968901, Episode_step: 19,  Reward_p1: 0, Reward_p2: 1, Reward_e: -1
Episode: 450000,  Step: 25507625, Episode_step: 2,  Reward_p1: 1, Reward_p2: 0, Reward_e: -1
Episode: 460000,  Step: 26039265, Episode_step: 36,  Reward_p1: 0, Reward_p2: 1, Reward_e: -1
Episode: 470000,  Step: 26577987, Episode_step: 29,  Reward_p1: 0, Reward_p2: 1, Reward_e: -1
Episode: 480000,  Step: 27103439, Episode_step: 54,  Reward_p1: 0, Reward_p2: 1, Reward_e: -1
Episode: 490000,  Step: 27643552, Episode_step: 109,  Reward_p1: 1, Reward_p2: 0, Reward_e: -1
Episode: 500000,  Step: 28178638, Episode_step: 204,  Reward_p1: 0, Reward_p2: 1, Reward_e: -1
Episode: 510000,  Step: 28692084, Episode_step: 83,  Reward_p1: 0, Reward_p2: 1, Reward_e: -1
Episode: 520000,  Step: 29213334, Episode_step: 91,  Reward_p1: 1, Reward_p2: 0, Reward_e: -1
Episode: 530000,  Step: 29723860, Episode_step: 41,  Reward_p1: 0, Reward_p2: 1, Reward_e: -1
Episode: 540000,  Step: 30242861, Episode_step: 100,  Reward_p1: 0, Reward_p2: 1, Reward_e: -1
Episode: 550000,  Step: 30770494, Episode_step: 117,  Reward_p1: 0, Reward_p2: 1, Reward_e: -1
Episode: 560000,  Step: 31284657, Episode_step: 34,  Reward_p1: 1, Reward_p2: 0, Reward_e: -1
Episode: 570000,  Step: 31795644, Episode_step: 11,  Reward_p1: 1, Reward_p2: 0, Reward_e: -1
Episode: 580000,  Step: 32318200, Episode_step: 47,  Reward_p1: 1, Reward_p2: 0, Reward_e: -1
Episode: 590000,  Step: 32843042, Episode_step: 22,  Reward_p1: 0, Reward_p2: 0, Reward_e: -1
Episode: 600000,  Step: 33349337, Episode_step: 269,  Reward_p1: 1, Reward_p2: 0, Reward_e: -1
Episode: 610000,  Step: 33858309, Episode_step: 59,  Reward_p1: 1, Reward_p2: 0, Reward_e: -1
Episode: 620000,  Step: 34356769, Episode_step: 49,  Reward_p1: 1, Reward_p2: 0, Reward_e: -1
Episode: 630000,  Step: 34862261, Episode_step: 61,  Reward_p1: 0, Reward_p2: 1, Reward_e: -1
Episode: 640000,  Step: 35385136, Episode_step: 56,  Reward_p1: 1, Reward_p2: 0, Reward_e: -1
Episode: 650000,  Step: 35891562, Episode_step: 6,  Reward_p1: 1, Reward_p2: 0, Reward_e: -1
Episode: 660000,  Step: 36393579, Episode_step: 26,  Reward_p1: 0, Reward_p2: 0, Reward_e: -1
Episode: 670000,  Step: 36912221, Episode_step: 2,  Reward_p1: 1, Reward_p2: 0, Reward_e: -1
Episode: 680000,  Step: 37436981, Episode_step: 109,  Reward_p1: 0, Reward_p2: 1, Reward_e: -1
Episode: 690000,  Step: 37948737, Episode_step: 76,  Reward_p1: 1, Reward_p2: 0, Reward_e: -1
Episode: 700000,  Step: 38438158, Episode_step: 2,  Reward_p1: 0, Reward_p2: 1, Reward_e: -1
Episode: 710000,  Step: 38944007, Episode_step: 46,  Reward_p1: 1, Reward_p2: 0, Reward_e: -1
Episode: 720000,  Step: 39445926, Episode_step: 31,  Reward_p1: 1, Reward_p2: 0, Reward_e: -1
Episode: 730000,  Step: 39944062, Episode_step: 98,  Reward_p1: 0, Reward_p2: 1, Reward_e: -1
Episode: 740000,  Step: 40420920, Episode_step: 119,  Reward_p1: 0, Reward_p2: 0, Reward_e: -1
Episode: 750000,  Step: 40931481, Episode_step: 22,  Reward_p1: 0, Reward_p2: 1, Reward_e: -1
Episode: 760000,  Step: 41443966, Episode_step: 50,  Reward_p1: 1, Reward_p2: 0, Reward_e: -1
Episode: 770000,  Step: 41942412, Episode_step: 51,  Reward_p1: 1, Reward_p2: 0, Reward_e: -1
Episode: 780000,  Step: 42440083, Episode_step: 31,  Reward_p1: 0, Reward_p2: 1, Reward_e: -1
Episode: 790000,  Step: 42934904, Episode_step: 108,  Reward_p1: 0, Reward_p2: 1, Reward_e: -1
Episode: 800000,  Step: 43435650, Episode_step: 118,  Reward_p1: 1, Reward_p2: 0, Reward_e: -1
Episode: 810000,  Step: 43929996, Episode_step: 27,  Reward_p1: 1, Reward_p2: 1, Reward_e: -1
Episode: 820000,  Step: 44419031, Episode_step: 26,  Reward_p1: 0, Reward_p2: 0, Reward_e: -1
Episode: 830000,  Step: 44919475, Episode_step: 54,  Reward_p1: 0, Reward_p2: 0, Reward_e: -1
Episode: 840000,  Step: 45413864, Episode_step: 46,  Reward_p1: 0, Reward_p2: 1, Reward_e: -1
Episode: 850000,  Step: 45908372, Episode_step: 10,  Reward_p1: 0, Reward_p2: 1, Reward_e: -1
Episode: 860000,  Step: 46407358, Episode_step: 85,  Reward_p1: 1, Reward_p2: 0, Reward_e: -1
Episode: 870000,  Step: 46913030, Episode_step: 27,  Reward_p1: 1, Reward_p2: 0, Reward_e: -1
Episode: 880000,  Step: 47403796, Episode_step: 10,  Reward_p1: 0, Reward_p2: 1, Reward_e: -1
Episode: 890000,  Step: 47894569, Episode_step: 26,  Reward_p1: 0, Reward_p2: 1, Reward_e: -1
Episode: 900000,  Step: 48374090, Episode_step: 54,  Reward_p1: 1, Reward_p2: 1, Reward_e: -1
Episode: 910000,  Step: 48848270, Episode_step: 40,  Reward_p1: 0, Reward_p2: 1, Reward_e: -1
Episode: 920000,  Step: 49323654, Episode_step: 15,  Reward_p1: 0, Reward_p2: 1, Reward_e: -1
Episode: 930000,  Step: 49799068, Episode_step: 205,  Reward_p1: 0, Reward_p2: 1, Reward_e: -1
Episode: 940000,  Step: 50277075, Episode_step: 21,  Reward_p1: 1, Reward_p2: 0, Reward_e: -1
Episode: 950000,  Step: 50754268, Episode_step: 84,  Reward_p1: 1, Reward_p2: 0, Reward_e: -1
Episode: 960000,  Step: 51245089, Episode_step: 120,  Reward_p1: 1, Reward_p2: 0, Reward_e: -1
Episode: 970000,  Step: 51736286, Episode_step: 74,  Reward_p1: 1, Reward_p2: 1, Reward_e: -1
Episode: 980000,  Step: 52226614, Episode_step: 2,  Reward_p1: 1, Reward_p2: 0, Reward_e: -1
Episode: 990000,  Step: 52725586, Episode_step: 149,  Reward_p1: 0, Reward_p2: 1, Reward_e: -1
Episode: 1000000,  Step: 53225997, Episode_step: 12,  Reward_p1: 1, Reward_p2: 0, Reward_e: -1
Finish! 151.02 [h]
