cpu
Start!
Episode: 10000,  Step: 155502, Episode_step: 22,  Reward_p1: 0.98, Reward_p2: 0.98, Reward_e: -1.02
Episode: 20000,  Step: 242313, Episode_step: 9,  Reward_p1: -0.008, Reward_p2: 0.993, Reward_e: -1.007
Episode: 30000,  Step: 346680, Episode_step: 6,  Reward_p1: 0.996, Reward_p2: -0.005, Reward_e: -1.004
Episode: 40000,  Step: 450960, Episode_step: 14,  Reward_p1: 0.988, Reward_p2: -0.013000000000000005, Reward_e: -1.012
Episode: 50000,  Step: 555260, Episode_step: 4,  Reward_p1: -0.003, Reward_p2: 0.998, Reward_e: -1.002
Episode: 60000,  Step: 664607, Episode_step: 4,  Reward_p1: 0.998, Reward_p2: 0.998, Reward_e: -1.002
Episode: 70000,  Step: 771222, Episode_step: 13,  Reward_p1: -0.012000000000000004, Reward_p2: 0.989, Reward_e: -1.011
Episode: 80000,  Step: 878835, Episode_step: 10,  Reward_p1: 0.992, Reward_p2: -0.001, Reward_e: -1.008
Episode: 90000,  Step: 989417, Episode_step: 9,  Reward_p1: 0.993, Reward_p2: -0.008, Reward_e: -1.007
Episode: 100000,  Step: 1102974, Episode_step: 6,  Reward_p1: -0.005, Reward_p2: 0.996, Reward_e: -1.004
Episode: 110000,  Step: 1218657, Episode_step: 20,  Reward_p1: -0.01800000000000001, Reward_p2: -0.009000000000000001, Reward_e: -1.017
Episode: 120000,  Step: 1335984, Episode_step: 12,  Reward_p1: -0.011000000000000003, Reward_p2: -0.007, Reward_e: -1.01
Episode: 130000,  Step: 1449323, Episode_step: 15,  Reward_p1: -0.014000000000000005, Reward_p2: -0.014000000000000005, Reward_e: -1.013
Episode: 140000,  Step: 1559399, Episode_step: 16,  Reward_p1: 0.986, Reward_p2: -0.015000000000000006, Reward_e: -1.014
Episode: 150000,  Step: 1665451, Episode_step: 6,  Reward_p1: 0.996, Reward_p2: -0.005, Reward_e: -1.004
Episode: 160000,  Step: 1769820, Episode_step: 2,  Reward_p1: 1, Reward_p2: -0.001, Reward_e: -1
Episode: 170000,  Step: 1871998, Episode_step: 6,  Reward_p1: 0.996, Reward_p2: -0.005, Reward_e: -1.004
Episode: 180000,  Step: 1972020, Episode_step: 16,  Reward_p1: -0.015000000000000006, Reward_p2: -0.015000000000000006, Reward_e: -1.014
Episode: 190000,  Step: 2071614, Episode_step: 13,  Reward_p1: 0.989, Reward_p2: -0.009000000000000001, Reward_e: -1.011
Episode: 200000,  Step: 2169680, Episode_step: 11,  Reward_p1: -0.010000000000000002, Reward_p2: 0.991, Reward_e: -1.009
Episode: 210000,  Step: 2265918, Episode_step: 10,  Reward_p1: 0.992, Reward_p2: -0.007, Reward_e: -1.008
Episode: 220000,  Step: 2359700, Episode_step: 7,  Reward_p1: 0.995, Reward_p2: -0.006, Reward_e: -1.005
Episode: 230000,  Step: 2451210, Episode_step: 14,  Reward_p1: -0.013000000000000005, Reward_p2: -0.013000000000000005, Reward_e: -1.012
Episode: 240000,  Step: 2542973, Episode_step: 9,  Reward_p1: -0.008, Reward_p2: 0.993, Reward_e: -1.007
Episode: 250000,  Step: 2634511, Episode_step: 10,  Reward_p1: -0.009000000000000001, Reward_p2: 0.992, Reward_e: -1.008
Episode: 260000,  Step: 2724028, Episode_step: 15,  Reward_p1: -1.013, Reward_p2: 0.987, Reward_e: -1.013
Episode: 270000,  Step: 2813908, Episode_step: 4,  Reward_p1: 0.998, Reward_p2: -0.003, Reward_e: -1.002
Episode: 280000,  Step: 2903789, Episode_step: 22,  Reward_p1: 0.981, Reward_p2: -0.011000000000000003, Reward_e: -1.02
Episode: 290000,  Step: 2994218, Episode_step: 13,  Reward_p1: -0.012000000000000004, Reward_p2: 0.989, Reward_e: -1.011
Episode: 300000,  Step: 3083397, Episode_step: 16,  Reward_p1: 0.987, Reward_p2: -0.015000000000000006, Reward_e: -1.01
Episode: 310000,  Step: 3173152, Episode_step: 9,  Reward_p1: 0.993, Reward_p2: -0.008, Reward_e: -1.007
Episode: 320000,  Step: 3261823, Episode_step: 11,  Reward_p1: -0.009000000000000001, Reward_p2: 0.991, Reward_e: -1.009
Episode: 330000,  Step: 3350852, Episode_step: 19,  Reward_p1: -0.01800000000000001, Reward_p2: 0.983, Reward_e: -1.017
Episode: 340000,  Step: 3440280, Episode_step: 13,  Reward_p1: -0.012000000000000004, Reward_p2: -0.012000000000000004, Reward_e: -1.009
Episode: 350000,  Step: 3528253, Episode_step: 11,  Reward_p1: 0.991, Reward_p2: -0.010000000000000002, Reward_e: -1.009
Episode: 360000,  Step: 3616761, Episode_step: 14,  Reward_p1: -0.010000000000000002, Reward_p2: 0.988, Reward_e: -1.012
Episode: 370000,  Step: 3706608, Episode_step: 13,  Reward_p1: 0.989, Reward_p2: 0.989, Reward_e: -1.011
Episode: 380000,  Step: 3795273, Episode_step: 13,  Reward_p1: -0.012000000000000004, Reward_p2: -0.012000000000000004, Reward_e: -1.011
Episode: 390000,  Step: 3883840, Episode_step: 15,  Reward_p1: 0.988, Reward_p2: 0.987, Reward_e: -1.011
Episode: 400000,  Step: 3972485, Episode_step: 8,  Reward_p1: -0.006, Reward_p2: 0.994, Reward_e: -1.006
Episode: 410000,  Step: 4060694, Episode_step: 7,  Reward_p1: -0.006, Reward_p2: 0.995, Reward_e: -1.005
Episode: 420000,  Step: 4149772, Episode_step: 5,  Reward_p1: -0.004, Reward_p2: 0.997, Reward_e: -1.003
Episode: 430000,  Step: 4239697, Episode_step: 11,  Reward_p1: -0.010000000000000002, Reward_p2: 0.991, Reward_e: -1.009
Episode: 440000,  Step: 4329278, Episode_step: 4,  Reward_p1: 0.998, Reward_p2: -0.003, Reward_e: -1.002
Episode: 450000,  Step: 4418839, Episode_step: 2,  Reward_p1: -0.001, Reward_p2: 1, Reward_e: -1
Episode: 460000,  Step: 4507989, Episode_step: 7,  Reward_p1: 0.995, Reward_p2: -0.006, Reward_e: -1.005
Episode: 470000,  Step: 4597151, Episode_step: 14,  Reward_p1: -0.013000000000000005, Reward_p2: -0.013000000000000005, Reward_e: -1.012
Episode: 480000,  Step: 4687472, Episode_step: 24,  Reward_p1: 0.979, Reward_p2: -0.022000000000000013, Reward_e: -1.022
Episode: 490000,  Step: 4776150, Episode_step: 13,  Reward_p1: -0.012000000000000004, Reward_p2: -0.012000000000000004, Reward_e: -1.011
Episode: 500000,  Step: 4864636, Episode_step: 2,  Reward_p1: 1, Reward_p2: -0.001, Reward_e: -1
Episode: 510000,  Step: 4954135, Episode_step: 16,  Reward_p1: -0.015000000000000006, Reward_p2: 0.986, Reward_e: -1.013
Episode: 520000,  Step: 5044325, Episode_step: 16,  Reward_p1: -0.014000000000000005, Reward_p2: -0.011000000000000003, Reward_e: -1.013
Episode: 530000,  Step: 5133124, Episode_step: 8,  Reward_p1: -0.007, Reward_p2: 0.994, Reward_e: -1.006
Episode: 540000,  Step: 5221205, Episode_step: 5,  Reward_p1: -0.004, Reward_p2: 0.997, Reward_e: -1.003
Episode: 550000,  Step: 5309674, Episode_step: 15,  Reward_p1: 0.987, Reward_p2: -0.014000000000000005, Reward_e: -1.013
Episode: 560000,  Step: 5398092, Episode_step: 7,  Reward_p1: -0.006, Reward_p2: 0.995, Reward_e: -1.005
Episode: 570000,  Step: 5486839, Episode_step: 15,  Reward_p1: 0.988, Reward_p2: -0.013000000000000005, Reward_e: -1.013
Episode: 580000,  Step: 5574534, Episode_step: 16,  Reward_p1: -0.015000000000000006, Reward_p2: 0.986, Reward_e: -1.012
Episode: 590000,  Step: 5663535, Episode_step: 4,  Reward_p1: -0.003, Reward_p2: 0.998, Reward_e: -1.002
Episode: 600000,  Step: 5752420, Episode_step: 8,  Reward_p1: -0.007, Reward_p2: 0.994, Reward_e: -1.006
Episode: 610000,  Step: 5840907, Episode_step: 5,  Reward_p1: -0.004, Reward_p2: 0.997, Reward_e: -1.003
Episode: 620000,  Step: 5929613, Episode_step: 12,  Reward_p1: 0.99, Reward_p2: -0.011000000000000003, Reward_e: -1.009
Episode: 630000,  Step: 6018045, Episode_step: 12,  Reward_p1: 0.99, Reward_p2: -0.011000000000000003, Reward_e: -1.01
Episode: 640000,  Step: 6106769, Episode_step: 5,  Reward_p1: 0.997, Reward_p2: -0.004, Reward_e: -1.003
Episode: 650000,  Step: 6194310, Episode_step: 8,  Reward_p1: 0.994, Reward_p2: 0.994, Reward_e: -1.006
Episode: 660000,  Step: 6282816, Episode_step: 12,  Reward_p1: 0.99, Reward_p2: -0.011000000000000003, Reward_e: -1.01
Episode: 670000,  Step: 6371257, Episode_step: 6,  Reward_p1: -0.005, Reward_p2: 0.996, Reward_e: -1.004
Episode: 680000,  Step: 6459878, Episode_step: 7,  Reward_p1: 0.995, Reward_p2: -0.006, Reward_e: -1.005
Episode: 690000,  Step: 6547351, Episode_step: 8,  Reward_p1: 0.994, Reward_p2: -0.006, Reward_e: -1.006
Episode: 700000,  Step: 6635311, Episode_step: 7,  Reward_p1: 0.995, Reward_p2: -0.006, Reward_e: -1.005
Episode: 710000,  Step: 6722548, Episode_step: 13,  Reward_p1: 0.989, Reward_p2: -0.012000000000000004, Reward_e: -1.01
Episode: 720000,  Step: 6810514, Episode_step: 16,  Reward_p1: -0.013000000000000005, Reward_p2: 0.986, Reward_e: -1.014
Episode: 730000,  Step: 6898881, Episode_step: 5,  Reward_p1: -0.004, Reward_p2: 0.997, Reward_e: -1.003
Episode: 740000,  Step: 6986939, Episode_step: 10,  Reward_p1: -0.009000000000000001, Reward_p2: 0.992, Reward_e: -1.008
Episode: 750000,  Step: 7074610, Episode_step: 3,  Reward_p1: -0.002, Reward_p2: 0.999, Reward_e: -1.001
Episode: 760000,  Step: 7161651, Episode_step: 2,  Reward_p1: -0.001, Reward_p2: 1, Reward_e: -1
Episode: 770000,  Step: 7249386, Episode_step: 13,  Reward_p1: -0.012000000000000004, Reward_p2: 0.99, Reward_e: -1.011
Episode: 780000,  Step: 7335931, Episode_step: 2,  Reward_p1: -0.001, Reward_p2: 1, Reward_e: -1
Episode: 790000,  Step: 7422750, Episode_step: 14,  Reward_p1: 0.988, Reward_p2: 0.988, Reward_e: -1.012
Episode: 800000,  Step: 7509662, Episode_step: 6,  Reward_p1: -0.005, Reward_p2: 0.996, Reward_e: -1.004
Episode: 810000,  Step: 7597113, Episode_step: 6,  Reward_p1: 0.996, Reward_p2: -0.005, Reward_e: -1.004
Episode: 820000,  Step: 7684753, Episode_step: 12,  Reward_p1: -0.011000000000000003, Reward_p2: 0.99, Reward_e: -1.01
Episode: 830000,  Step: 7771900, Episode_step: 11,  Reward_p1: -0.010000000000000002, Reward_p2: 0.991, Reward_e: -1.009
Episode: 840000,  Step: 7858383, Episode_step: 15,  Reward_p1: 0.987, Reward_p2: -0.009000000000000001, Reward_e: -1.013
Episode: 850000,  Step: 7945134, Episode_step: 16,  Reward_p1: 0.986, Reward_p2: 0.986, Reward_e: -1.014
Episode: 860000,  Step: 8032378, Episode_step: 7,  Reward_p1: -0.006, Reward_p2: 0.995, Reward_e: -1.003
Episode: 870000,  Step: 8119021, Episode_step: 5,  Reward_p1: -0.004, Reward_p2: 0.997, Reward_e: -1.003
Episode: 880000,  Step: 8205953, Episode_step: 5,  Reward_p1: -0.004, Reward_p2: 0.997, Reward_e: -1.003
Episode: 890000,  Step: 8293605, Episode_step: 5,  Reward_p1: 0.997, Reward_p2: -0.004, Reward_e: -1.003
Episode: 900000,  Step: 8381057, Episode_step: 2,  Reward_p1: -0.001, Reward_p2: 1, Reward_e: -1
Episode: 910000,  Step: 8466918, Episode_step: 13,  Reward_p1: 0.989, Reward_p2: -0.012000000000000004, Reward_e: -1.011
Episode: 920000,  Step: 8552545, Episode_step: 15,  Reward_p1: 0.987, Reward_p2: -0.014000000000000005, Reward_e: -1.013
Episode: 930000,  Step: 8639593, Episode_step: 14,  Reward_p1: -0.013000000000000005, Reward_p2: 0.988, Reward_e: -1.012
Episode: 940000,  Step: 8725413, Episode_step: 13,  Reward_p1: 0.989, Reward_p2: -0.012000000000000004, Reward_e: -1.011
Episode: 950000,  Step: 8811762, Episode_step: 16,  Reward_p1: -0.006, Reward_p2: 0.986, Reward_e: -1.011
Episode: 960000,  Step: 8897292, Episode_step: 15,  Reward_p1: -0.014000000000000005, Reward_p2: 0.987, Reward_e: -1.011
Episode: 970000,  Step: 8984399, Episode_step: 13,  Reward_p1: 0.989, Reward_p2: -0.012000000000000004, Reward_e: -1.011
Episode: 980000,  Step: 9070470, Episode_step: 7,  Reward_p1: 0.995, Reward_p2: -0.005, Reward_e: -1.005
Episode: 990000,  Step: 9156636, Episode_step: 7,  Reward_p1: 0.995, Reward_p2: -0.006, Reward_e: -1.005
Episode: 1000000,  Step: 9243053, Episode_step: 16,  Reward_p1: -0.015000000000000006, Reward_p2: -1.014, Reward_e: -0.015000000000000006
Finish! 29.94 [h]
